#
# A fatal error has been detected by the Java Runtime Environment:
#
#  EXCEPTION_ACCESS_VIOLATION (0xc0000005) at pc=0x00007ff960671049, pid=8672, tid=15320
#
# JRE version: OpenJDK Runtime Environment (11.0.2+9) (build 11.0.2+9)
# Java VM: OpenJDK 64-Bit Server VM (11.0.2+9, mixed mode, tiered, compressed oops, g1 gc, windows-amd64)
# Problematic frame:
# C  0x00007ff960671049
#
# No core dump will be written. Minidumps are not enabled by default on client versions of Windows
#
# If you would like to submit a bug report, please visit:
#   http://bugreport.java.com/bugreport/crash.jsp
# The crash happened outside the Java Virtual Machine in native code.
# See problematic frame for where to report the bug.
#

---------------  S U M M A R Y ------------

Command Line: -Dsun.java2d.pmoffscreen=false -Dhttps.protocols=TLSv1,TLSv1.1,TLSv1.2 -Dsun.java2d.xrender=false -Dsun.java2d.d3d=false -Dsun.awt.nopixfmt=true -Dsun.java2d.dpiaware=true -Dsun.java2d.uiScale.enabled=false -Xverify:none -Dswing.aatext=true -XX:-UsePerfData -Djdk.map.althashing.threshold=512 -XX:StringTableSize=4072 --add-opens=java.base/java.nio=ALL-UNNAMED --add-opens=java.desktop/sun.swing=ALL-UNNAMED --add-opens=java.desktop/javax.swing=ALL-UNNAMED --add-opens=java.desktop/javax.swing.tree=ALL-UNNAMED --add-opens=java.desktop/javax.swing.plaf.basic=ALL-UNNAMED --add-opens=java.desktop/javax.swing.plaf.synth=ALL-UNNAMED --add-opens=java.desktop/com.sun.awt=ALL-UNNAMED -XX:NewSize=60m -XX:MaxNewSize=60m -Xms128m -Xmx3072m -Xss5m 

Host: AMD Ryzen 5 3600 6-Core Processor              , 12 cores, 15G,  Windows 10 , 64 bit Build 19041 (10.0.19041.928)
Time: Thu May 27 18:14:52 2021 Œrodkowoeuropejski czas letni elapsed time: 79 seconds (0d 0h 1m 19s)

---------------  T H R E A D  ---------------

Current thread (0x000001bcaa226000):  JavaThread "AWT-EventQueue-0" [_thread_in_native, id=15320, stack(0x0000007004e00000,0x0000007005300000)]

Stack: [0x0000007004e00000,0x0000007005300000],  sp=0x00000070052f3bb0,  free space=5070k
Native frames: (J=compiled Java code, j=interpreted, Vv=VM code, C=native code)
C  0x00007ff960671049
C  0x00007ff960682487
C  0x00007ff9606837c2
C  0x00007ff96066a485
C  0x00007ff967b884b4
C  0x00007ff967ba8e72
C  0x00007ff967c434f5
C  0x00007ff967c43419
C  0x00007ff967c74ce1
C  0x00007ff967c72426
C  0x00007ff967cce2c1
C  0x00007ff967cd03b3
C  0x00007ff967ca936d
C  0x00007ff967ca93d8
C  0x00007ff967ca9481
C  0x00007ff967ccf59c
C  0x00007ff967ca06e5
C  0x00007ff967ca0375
C  0x00007ff967cdd00f
C  0x000001bc8aaaf0b7

Java frames: (J=compiled Java code, j=interpreted, Vv=VM code)
j  ui.views.waveform.waveformi.WVExecutive_getGraphicsDataSize(J)J+0
j  ui.views.waveform.executive.a.klK()Ljava/io/ByteArrayInputStream;+8
j  ui.views.waveform.b.a.klh()V+7
j  ui.views.waveform.b.a.jty()V+1
j  ui.views.waveform.m.kkr()V+4
j  ui.views.waveform.m.Ii(Z)V+11
j  ui.views.waveform.w.aH(ZZ)V+30
j  ui.views.waveform.c.b.j(Lui/frmwork/a/l;)V+94
j  ui.views.waveform.w.handleTclEvent(Lui/frmwork/a/l;)V+13
J 13684 c1 ui.frmwork.a.o.c(Lui/frmwork/a/l;)V (61 bytes) @ 0x000001bc8ced3a0c [0x000001bc8ced3060+0x00000000000009ac]
J 13671 c1 ui.frmwork.E.i(JZ)V (471 bytes) @ 0x000001bc8cea853c [0x000001bc8cea43c0+0x000000000000417c]
J 13672 c1 ui.frmwork.E.fireTclEvent(J)I (113 bytes) @ 0x000001bc8cead114 [0x000001bc8ceac940+0x00000000000007d4]
v  ~StubRoutines::call_stub
j  ui.views.waveform.waveformi.WVExecutive_processModelEvent(JJ)V+0
j  ui.views.waveform.executive.a.gb(J)V+5
j  ui.views.waveform.c.b.ga(J)V+8
j  ui.views.waveform.c.b.j(Lui/frmwork/a/l;)V+127
j  ui.views.waveform.w.handleTclEvent(Lui/frmwork/a/l;)V+13
J 13684 c1 ui.frmwork.a.o.c(Lui/frmwork/a/l;)V (61 bytes) @ 0x000001bc8ced3a0c [0x000001bc8ced3060+0x00000000000009ac]
J 13671 c1 ui.frmwork.E.i(JZ)V (471 bytes) @ 0x000001bc8cea853c [0x000001bc8cea43c0+0x000000000000417c]
j  ui.frmwork.E.dQ(J)V+3
j  ui.frmwork.E$$Lambda$204.run()V+8
J 14451 c2 java.awt.event.InvocationEvent.dispatch()V java.desktop@11.0.2 (69 bytes) @ 0x000001bc9322a368 [0x000001bc9322a2c0+0x00000000000000a8]
J 15344 c2 java.awt.EventQueue$4.run()Ljava/lang/Object; java.desktop@11.0.2 (5 bytes) @ 0x000001bc9337df1c [0x000001bc9337de60+0x00000000000000bc]
v  ~StubRoutines::call_stub
J 4215  java.security.AccessController.doPrivileged(Ljava/security/PrivilegedAction;Ljava/security/AccessControlContext;)Ljava/lang/Object; java.base@11.0.2 (0 bytes) @ 0x000001bc9279b0b6 [0x000001bc9279b040+0x0000000000000076]
J 13308 c2 java.awt.EventQueue.dispatchEvent(Ljava/awt/AWTEvent;)V java.desktop@11.0.2 (80 bytes) @ 0x000001bc93052e4c [0x000001bc930528c0+0x000000000000058c]
J 15745 c2 ui.frmwork.a.d.dispatchEvent(Ljava/awt/AWTEvent;)V (42 bytes) @ 0x000001bc93432ed4 [0x000001bc93432de0+0x00000000000000f4]
J 16162 c2 java.awt.EventDispatchThread.pumpOneEventForFilters(I)V java.desktop@11.0.2 (113 bytes) @ 0x000001bc92b943b0 [0x000001bc92b93f20+0x0000000000000490]
j  java.awt.EventDispatchThread.pumpEventsForFilter(ILjava/awt/Conditional;Ljava/awt/EventFilter;)V+35 java.desktop@11.0.2
j  java.awt.EventDispatchThread.pumpEventsForFilter(Ljava/awt/Conditional;Ljava/awt/EventFilter;)V+4 java.desktop@11.0.2
j  java.awt.WaitDispatchSupport$2.run()V+59 java.desktop@11.0.2
j  java.awt.WaitDispatchSupport$4.run()Ljava/lang/Void;+4 java.desktop@11.0.2
j  java.awt.WaitDispatchSupport$4.run()Ljava/lang/Object;+1 java.desktop@11.0.2
v  ~StubRoutines::call_stub
J 968  java.security.AccessController.doPrivileged(Ljava/security/PrivilegedAction;)Ljava/lang/Object; java.base@11.0.2 (0 bytes) @ 0x000001bc925c74a2 [0x000001bc925c7440+0x0000000000000062]
j  java.awt.WaitDispatchSupport.enter()Z+260 java.desktop@11.0.2
j  java.awt.Dialog.show()V+224 java.desktop@11.0.2
J 6789 c1 java.awt.Component.setVisible(Z)V java.desktop@11.0.2 (6 bytes) @ 0x000001bc8be9b764 [0x000001bc8be9b560+0x0000000000000204]
j  java.awt.Window.setVisible(Z)V+2 java.desktop@11.0.2
j  java.awt.Dialog.setVisible(Z)V+2 java.desktop@11.0.2
j  ui.dlg.c.g.setVisible(Z)V+2
j  ui.dlg.c.bz.bIi()V+64
j  ui.dlg.c.bI.actionPerformed(Ljava/awt/event/ActionEvent;)V+8
j  ui.dlg.c.bz.fud()V+388
j  ui.views.c.t.b.a.run()V+60
j  ui.frmwork.cmd.a.hsT()Z+66
j  ui.frmwork.cmd.d.htb()V+42
j  ui.bm.actionPerformed(Ljava/awt/event/ActionEvent;)V+25
j  javax.swing.AbstractButton.fireActionPerformed(Ljava/awt/event/ActionEvent;)V+83 java.desktop@11.0.2
j  ui.utils.swing.b.E.fireActionPerformed(Ljava/awt/event/ActionEvent;)V+7
j  javax.swing.AbstractButton$Handler.actionPerformed(Ljava/awt/event/ActionEvent;)V+5 java.desktop@11.0.2
j  javax.swing.DefaultButtonModel.fireActionPerformed(Ljava/awt/event/ActionEvent;)V+34 java.desktop@11.0.2
j  javax.swing.DefaultButtonModel.setPressed(Z)V+117 java.desktop@11.0.2
j  javax.swing.plaf.basic.BasicButtonListener.mouseReleased(Ljava/awt/event/MouseEvent;)V+35 java.desktop@11.0.2
j  com.jidesoft.plaf.basic.BasicJideButtonListener.mouseReleased(Ljava/awt/event/MouseEvent;)V+61
j  java.awt.AWTEventMulticaster.mouseReleased(Ljava/awt/event/MouseEvent;)V+8 java.desktop@11.0.2
j  java.awt.AWTEventMulticaster.mouseReleased(Ljava/awt/event/MouseEvent;)V+8 java.desktop@11.0.2
j  java.awt.AWTEventMulticaster.mouseReleased(Ljava/awt/event/MouseEvent;)V+8 java.desktop@11.0.2
j  java.awt.AWTEventMulticaster.mouseReleased(Ljava/awt/event/MouseEvent;)V+8 java.desktop@11.0.2
j  java.awt.Component.processMouseEvent(Ljava/awt/event/MouseEvent;)V+64 java.desktop@11.0.2
j  javax.swing.JComponent.processMouseEvent(Ljava/awt/event/MouseEvent;)V+23 java.desktop@11.0.2
J 14159 c2 java.awt.Container.processEvent(Ljava/awt/AWTEvent;)V java.desktop@11.0.2 (22 bytes) @ 0x000001bc931a6dd4 [0x000001bc931a6ca0+0x0000000000000134]
J 15357 c1 java.awt.Component.dispatchEventImpl(Ljava/awt/AWTEvent;)V java.desktop@11.0.2 (777 bytes) @ 0x000001bc8bfa6ae4 [0x000001bc8bfa2b20+0x0000000000003fc4]
J 15393 c2 java.awt.Container.dispatchEventImpl(Ljava/awt/AWTEvent;)V java.desktop@11.0.2 (129 bytes) @ 0x000001bc9339a484 [0x000001bc9339a420+0x0000000000000064]
J 15356 c2 java.awt.LightweightDispatcher.retargetMouseEvent(Ljava/awt/Component;ILjava/awt/event/MouseEvent;)V java.desktop@11.0.2 (372 bytes) @ 0x000001bc93384794 [0x000001bc93384360+0x0000000000000434]
J 15393 c2 java.awt.Container.dispatchEventImpl(Ljava/awt/AWTEvent;)V java.desktop@11.0.2 (129 bytes) @ 0x000001bc9339a700 [0x000001bc9339a420+0x00000000000002e0]
J 15360 c1 java.awt.Window.dispatchEventImpl(Ljava/awt/AWTEvent;)V java.desktop@11.0.2 (23 bytes) @ 0x000001bc8bdf59cc [0x000001bc8bdf53a0+0x000000000000062c]
J 15344 c2 java.awt.EventQueue$4.run()Ljava/lang/Object; java.desktop@11.0.2 (5 bytes) @ 0x000001bc9337dfb0 [0x000001bc9337de60+0x0000000000000150]
v  ~StubRoutines::call_stub
J 4215  java.security.AccessController.doPrivileged(Ljava/security/PrivilegedAction;Ljava/security/AccessControlContext;)Ljava/lang/Object; java.base@11.0.2 (0 bytes) @ 0x000001bc9279b0b6 [0x000001bc9279b040+0x0000000000000076]
J 15742 c2 java.awt.EventQueue$5.run()Ljava/lang/Object; java.desktop@11.0.2 (5 bytes) @ 0x000001bc93432674 [0x000001bc93432400+0x0000000000000274]
v  ~StubRoutines::call_stub
J 4215  java.security.AccessController.doPrivileged(Ljava/security/PrivilegedAction;Ljava/security/AccessControlContext;)Ljava/lang/Object; java.base@11.0.2 (0 bytes) @ 0x000001bc9279b0b6 [0x000001bc9279b040+0x0000000000000076]
J 13308 c2 java.awt.EventQueue.dispatchEvent(Ljava/awt/AWTEvent;)V java.desktop@11.0.2 (80 bytes) @ 0x000001bc93052c68 [0x000001bc930528c0+0x00000000000003a8]
J 15745 c2 ui.frmwork.a.d.dispatchEvent(Ljava/awt/AWTEvent;)V (42 bytes) @ 0x000001bc93432ed4 [0x000001bc93432de0+0x00000000000000f4]
J 16162 c2 java.awt.EventDispatchThread.pumpOneEventForFilters(I)V java.desktop@11.0.2 (113 bytes) @ 0x000001bc92b943b0 [0x000001bc92b93f20+0x0000000000000490]
j  java.awt.EventDispatchThread.pumpEventsForFilter(ILjava/awt/Conditional;Ljava/awt/EventFilter;)V+35 java.desktop@11.0.2
j  java.awt.EventDispatchThread.pumpEventsForHierarchy(ILjava/awt/Conditional;Ljava/awt/Component;)V+11 java.desktop@11.0.2
j  java.awt.EventDispatchThread.pumpEvents(ILjava/awt/Conditional;)V+4 java.desktop@11.0.2
j  java.awt.EventDispatchThread.pumpEvents(Ljava/awt/Conditional;)V+3 java.desktop@11.0.2
j  java.awt.EventDispatchThread.run()V+9 java.desktop@11.0.2
v  ~StubRoutines::call_stub

siginfo: EXCEPTION_ACCESS_VIOLATION (0xc0000005), reading address 0x0000000000000044


Register to memory mapping:

RIP=0x00007ff960671049 points into unknown readable memory: 83 79 44 00 75 07 33
RAX=0x000038932132108e is an unknown value
RBX=0x000001bcaf95cde0 points into unknown readable memory: 40 c8 95 af bc 01 00 00
RCX=0x0 is NULL
RDX=0x000001bcaaefe710 points into unknown readable memory: c0 4b 69 60 f9 7f 00 00
RSP=0x00000070052f3bb0 is pointing into the stack for thread: 0x000001bcaa226000
RBP=0x0 is NULL
RSI=0x000001bcaaefe710 points into unknown readable memory: c0 4b 69 60 f9 7f 00 00
RDI=0x0 is NULL
R8 =0x00000070052f3c40 is pointing into the stack for thread: 0x000001bcaa226000
R9 =0x0000000000000018 is an unknown value
R10=0x0 is NULL
R11=0x0000400000000000 is an unknown value
R12=0x0000000000000001 is an unknown value
R13=0x00007ff960698e50 points into unknown readable memory: d0 2f 67 60 f9 7f 00 00
R14=0x000001bcad7f2ec0 points into unknown readable memory: 10 e7 ef aa bc 01 00 00
R15=0x00000070052f3c40 is pointing into the stack for thread: 0x000001bcaa226000


Registers:
RAX=0x000038932132108e, RBX=0x000001bcaf95cde0, RCX=0x0000000000000000, RDX=0x000001bcaaefe710
RSP=0x00000070052f3bb0, RBP=0x0000000000000000, RSI=0x000001bcaaefe710, RDI=0x0000000000000000
R8 =0x00000070052f3c40, R9 =0x0000000000000018, R10=0x0000000000000000, R11=0x0000400000000000
R12=0x0000000000000001, R13=0x00007ff960698e50, R14=0x000001bcad7f2ec0, R15=0x00000070052f3c40
RIP=0x00007ff960671049, EFLAGS=0x0000000000010202

Top of Stack: (sp=0x00000070052f3bb0)
0x00000070052f3bb0:   00000000ba055470 00007ff95d1dd9d8
0x00000070052f3bc0:   00000070b9ffc888 00007ff95d095f6d
0x00000070052f3bd0:   0000000000576188 00007ff9fc4407b0
0x00000070052f3be0:   fffffffffffffffe 00000070052f4000
0x00000070052f3bf0:   0000000000000000 00007ff960683c76
0x00000070052f3c00:   000001bca97aaff0 000001bcad7f2ec0
0x00000070052f3c10:   000001bcad7f2ec0 00007ff960682487
0x00000070052f3c20:   fffffffffffffffe 000001bcaf95cde0
0x00000070052f3c30:   000001bcab2fe950 00000070052f3ed8
0x00000070052f3c40:   00000070052f3d11 00007ff9ee2cec62
0x00000070052f3c50:   0000000000000002 00007ff9fc4407b0
0x00000070052f3c60:   00007ff967e99920 00000070052f4000
0x00000070052f3c70:   00000070052f40a0 00000070052f4640
0x00000070052f3c80:   0000002280000029 0000000000000000
0x00000070052f3c90:   0000000000000000 000000000000000f
0x00000070052f3ca0:   00007ff9ee2c42c0 00000070052f3de8 

Instructions: (pc=0x00007ff960671049)
0x00007ff960671029:   50 48 c7 44 24 30 fe ff ff ff 48 89 5c 24 78 48
0x00007ff960671039:   89 b4 24 80 00 00 00 4d 8b f8 48 8b f2 48 8b f9
0x00007ff960671049:   83 79 44 00 75 07 33 c0 e9 d1 00 00 00 48 8b 41
0x00007ff960671059:   48 8b 10 48 03 51 28 48 8d 4c 24 38 e8 66 eb ff 


Stack slot to memory mapping:
stack at sp + 0 slots: 0x00000000ba055470 is an unknown value
stack at sp + 1 slots: 0x00007ff95d1dd9d8 points into unknown readable memory: 90 a8 1d 5d f9 7f 00 00
stack at sp + 2 slots: 0x00000070b9ffc888 is an unknown value
stack at sp + 3 slots: 0x00007ff95d095f6d points into unknown readable memory: 4c 8b 47
stack at sp + 4 slots: 0x0000000000576188 is an unknown value
stack at sp + 5 slots: 0x00007ff9fc4407b0 ntdll.dll
stack at sp + 6 slots: 0xfffffffffffffffe is an unknown value
stack at sp + 7 slots: 0x00000070052f4000 is pointing into the stack for thread: 0x000001bcaa226000


---------------  P R O C E S S  ---------------

Threads class SMR info:
_java_thread_list=0x000001bcae6e0030, length=34, elements={
0x000001bc9deb2800, 0x000001bcb86fe800, 0x000001bcb80f3800, 0x000001bc9c047800,
0x000001bc9c048000, 0x000001bcb8848800, 0x000001bc9f41f800, 0x000001bc9f420000,
0x000001bc81c0e800, 0x000001bcdf511800, 0x000001bcb97fe800, 0x000001bcb97ff800,
0x000001bcb989d000, 0x000001bca9b3c800, 0x000001bcaa226000, 0x000001bcaa342000,
0x000001bcab20d800, 0x000001bca9f93800, 0x000001bca9cdd800, 0x000001bca9cdf000,
0x000001bca9ce0000, 0x000001bca9ce1800, 0x000001bca9cde800, 0x000001bca9cdb000,
0x000001bcb9810800, 0x000001bcb9815000, 0x000001bcb9811800, 0x000001bcb980f000,
0x000001bcb9815800, 0x000001bcb9813000, 0x000001bcb9819800, 0x000001bcb981a800,
0x000001bcb9819000, 0x000001bcb981c000
}

Java Threads: ( => current thread )
  0x000001bc9deb2800 JavaThread "main" [_thread_blocked, id=2208, stack(0x000000707ee00000,0x000000707ef00000)]
  0x000001bcb86fe800 JavaThread "Reference Handler" daemon [_thread_blocked, id=9456, stack(0x000000707f800000,0x000000707fd00000)]
  0x000001bcb80f3800 JavaThread "Finalizer" daemon [_thread_blocked, id=11764, stack(0x0000007001400000,0x0000007001900000)]
  0x000001bc9c047800 JavaThread "Signal Dispatcher" daemon [_thread_blocked, id=15252, stack(0x0000007001900000,0x0000007001e00000)]
  0x000001bc9c048000 JavaThread "Attach Listener" daemon [_thread_blocked, id=5540, stack(0x0000007001e00000,0x0000007002300000)]
  0x000001bcb8848800 JavaThread "C2 CompilerThread0" daemon [_thread_blocked, id=14672, stack(0x000000707fd00000,0x000000707fe00000)]
  0x000001bc9f41f800 JavaThread "C1 CompilerThread0" daemon [_thread_blocked, id=13056, stack(0x000000707fe00000,0x000000707ff00000)]
  0x000001bc9f420000 JavaThread "Sweeper thread" daemon [_thread_blocked, id=14704, stack(0x0000007002300000,0x0000007002800000)]
  0x000001bc81c0e800 JavaThread "Common-Cleaner" daemon [_thread_blocked, id=13416, stack(0x0000007002800000,0x0000007002d00000)]
  0x000001bcdf511800 JavaThread "Service Thread" daemon [_thread_blocked, id=14464, stack(0x0000007002d00000,0x0000007003200000)]
  0x000001bcb97fe800 JavaThread "Java2D Disposer" daemon [_thread_blocked, id=1212, stack(0x0000007003300000,0x0000007003800000)]
  0x000001bcb97ff800 JavaThread "AWT-Shutdown" [_thread_blocked, id=14936, stack(0x0000007003800000,0x0000007003d00000)]
  0x000001bcb989d000 JavaThread "AWT-Windows" daemon [_thread_in_native, id=10460, stack(0x0000007003d00000,0x0000007004200000)]
  0x000001bca9b3c800 JavaThread "TimerQueue" daemon [_thread_blocked, id=7832, stack(0x0000007004300000,0x0000007004800000)]
=>0x000001bcaa226000 JavaThread "AWT-EventQueue-0" [_thread_in_native, id=15320, stack(0x0000007004e00000,0x0000007005300000)]
  0x000001bcaa342000 JavaThread "Thread-1" [_thread_in_native, id=840, stack(0x0000007000000000,0x0000007001400000)]
  0x000001bcab20d800 JavaThread "Process Messages Thread" [_thread_blocked, id=7164, stack(0x0000007005800000,0x0000007005d00000)]
  0x000001bca9f93800 JavaThread "Batik CleanerThread" daemon [_thread_blocked, id=3604, stack(0x0000007006700000,0x0000007006c00000)]
  0x000001bca9cdd800 JavaThread "SyntheticaCleanerThread" daemon [_thread_blocked, id=3936, stack(0x0000007007100000,0x0000007007600000)]
  0x000001bca9cdf000 JavaThread "Monitor HEventQueue Thread" [_thread_blocked, id=15068, stack(0x0000007007700000,0x0000007007c00000)]
  0x000001bca9ce0000 JavaThread "SyntheticaAnimation 50" daemon [_thread_blocked, id=15060, stack(0x0000007007c00000,0x0000007008100000)]
  0x000001bca9ce1800 JavaThread "SyntheticaAnimation 25" daemon [_thread_blocked, id=2856, stack(0x0000007008200000,0x0000007008700000)]
  0x000001bca9cde800 JavaThread "SyntheticaAnimation 70" daemon [_thread_blocked, id=14940, stack(0x0000007008c00000,0x0000007009100000)]
  0x000001bca9cdb000 JavaThread "Refresh Filesets Swing Worker Thread" [_thread_blocked, id=9488, stack(0x0000007006c00000,0x0000007007100000)]
  0x000001bcb9810800 JavaThread "hw_ila_monitor" [_thread_blocked, id=11384, stack(0x0000007009100000,0x0000007009600000)]
  0x000001bcb9815000 JavaThread "pool-1-thread-1" [_thread_blocked, id=13624, stack(0x000000700a000000,0x000000700a500000)]
  0x000001bcb9811800 JavaThread "pool-2-thread-1" [_thread_blocked, id=12696, stack(0x000000700a500000,0x000000700aa00000)]
  0x000001bcb980f000 JavaThread "pool-3-thread-1" [_thread_blocked, id=11788, stack(0x000000700aa00000,0x000000700af00000)]
  0x000001bcb9815800 JavaThread "Update Runs Swing Worker Thread" [_thread_blocked, id=11584, stack(0x000000700af00000,0x000000700b400000)]
  0x000001bcb9813000 JavaThread "SyntheticaAnimation 50" daemon [_thread_blocked, id=14008, stack(0x0000007004800000,0x0000007004d00000)]
  0x000001bcb9819800 JavaThread "Timer-1" [_thread_blocked, id=5900, stack(0x0000007009700000,0x0000007009c00000)]
  0x000001bcb981a800 JavaThread "Monitor File Timestamp Swing Worker Thread" [_thread_blocked, id=5932, stack(0x000000700be00000,0x000000700c300000)]
  0x000001bcb9819000 JavaThread "Image Animator 0" daemon [_thread_blocked, id=1532, stack(0x000000700b900000,0x000000700be00000)]
  0x000001bcb981c000 JavaThread "Relaunch Simulation Thread" [_thread_blocked, id=1708, stack(0x000000700c300000,0x000000700c800000)]

Other Threads:
  0x000001bc9ed5b800 VMThread "VM Thread" [stack: 0x000000707f700000,0x000000707f800000] [id=1788]
  0x000001bcdf512000 WatcherThread [stack: 0x0000007003200000,0x0000007003300000] [id=1224]
  0x000001bc9ba49000 GCTaskThread "GC Thread#0" [stack: 0x000000707f200000,0x000000707f300000] [id=424]
  0x000001bcaaeb1800 GCTaskThread "GC Thread#1" [stack: 0x0000007005d00000,0x0000007005e00000] [id=2980]
  0x000001bcaaed4800 GCTaskThread "GC Thread#2" [stack: 0x0000007005e00000,0x0000007005f00000] [id=15316]
  0x000001bcb7e58000 GCTaskThread "GC Thread#3" [stack: 0x0000007005f00000,0x0000007006000000] [id=7496]
  0x000001bcb7e57800 GCTaskThread "GC Thread#4" [stack: 0x0000007006000000,0x0000007006100000] [id=3740]
  0x000001bcaa535000 GCTaskThread "GC Thread#5" [stack: 0x0000007006100000,0x0000007006200000] [id=7040]
  0x000001bcaa53c000 GCTaskThread "GC Thread#6" [stack: 0x0000007006200000,0x0000007006300000] [id=8028]
  0x000001bcaa535800 GCTaskThread "GC Thread#7" [stack: 0x0000007006300000,0x0000007006400000] [id=3640]
  0x000001bcaa53d000 GCTaskThread "GC Thread#8" [stack: 0x0000007006400000,0x0000007006500000] [id=5708]
  0x000001bcaa538800 GCTaskThread "GC Thread#9" [stack: 0x0000007006500000,0x0000007006600000] [id=4144]
  0x000001bcb8996000 ConcurrentGCThread "G1 Main Marker" [stack: 0x000000707f300000,0x000000707f400000] [id=992]
  0x000001bcb8996800 ConcurrentGCThread "G1 Conc#0" [stack: 0x000000707f400000,0x000000707f500000] [id=10232]
  0x000001bcaa536800 ConcurrentGCThread "G1 Conc#1" [stack: 0x0000007005300000,0x0000007005400000] [id=3596]
  0x000001bcaa537000 ConcurrentGCThread "G1 Conc#2" [stack: 0x0000007005400000,0x0000007005500000] [id=3648]
  0x000001bc9c51d800 ConcurrentGCThread "G1 Refine#0" [stack: 0x000000707f500000,0x000000707f600000] [id=10048]
  0x000001bca9f95800 ConcurrentGCThread "G1 Refine#1" [stack: 0x0000007006600000,0x0000007006700000] [id=3528]
  0x000001bcab561800 ConcurrentGCThread "G1 Refine#2" [stack: 0x0000007005500000,0x0000007005600000] [id=4140]
  0x000001bcaeb00000 ConcurrentGCThread "G1 Refine#3" [stack: 0x0000007008100000,0x0000007008200000] [id=4856]
  0x000001bcb840f800 ConcurrentGCThread "G1 Young RemSet Sampling" [stack: 0x000000707f600000,0x000000707f700000] [id=11812]

Threads with active compile tasks:

VM state:not at safepoint (normal execution)

VM Mutex/Monitor currently owned by a thread: None

Heap address: 0x0000000740000000, size: 3072 MB, Compressed Oops mode: Zero based, Oop shift amount: 3
Narrow klass base: 0x0000000800000000, Narrow klass shift: 0
Compressed class space size: 1073741824 Address: 0x0000000800000000

Heap:
 garbage-first heap   total 150528K, used 86042K [0x0000000740000000, 0x0000000800000000)
  region size 1024K, 6 young (6144K), 4 survivors (4096K)
 Metaspace       used 89186K, capacity 91414K, committed 91676K, reserved 1128448K
  class space    used 12632K, capacity 13646K, committed 13772K, reserved 1048576K
Heap Regions: E=young(eden), S=young(survivor), O=old, HS=humongous(starts), HC=humongous(continues), CS=collection set, F=free, A=archive, TAMS=top-at-mark-start (previous, next)
|   0|0x0000000740000000, 0x0000000740100000, 0x0000000740100000|100%|HS|  |TAMS 0x0000000740100000, 0x0000000740000000| Complete 
|   1|0x0000000740100000, 0x0000000740200000, 0x0000000740200000|100%|HC|  |TAMS 0x0000000740200000, 0x0000000740100000| Complete 
|   2|0x0000000740200000, 0x0000000740300000, 0x0000000740300000|100%|HS|  |TAMS 0x0000000740300000, 0x0000000740200000| Complete 
|   3|0x0000000740300000, 0x00000007403fffe8, 0x0000000740400000| 99%| O|  |TAMS 0x00000007403fffe8, 0x0000000740300000| Untracked 
|   4|0x0000000740400000, 0x00000007404ffff0, 0x0000000740500000| 99%| O|  |TAMS 0x00000007404ffff0, 0x0000000740400000| Untracked 
|   5|0x0000000740500000, 0x0000000740600000, 0x0000000740600000|100%| O|  |TAMS 0x0000000740600000, 0x0000000740500000| Untracked 
|   6|0x0000000740600000, 0x00000007406fffb8, 0x0000000740700000| 99%| O|  |TAMS 0x00000007406fffb8, 0x0000000740600000| Untracked 
|   7|0x0000000740700000, 0x0000000740800000, 0x0000000740800000|100%| O|  |TAMS 0x0000000740800000, 0x0000000740700000| Untracked 
|   8|0x0000000740800000, 0x00000007408fffc8, 0x0000000740900000| 99%| O|  |TAMS 0x00000007408fffc8, 0x0000000740800000| Untracked 
|   9|0x0000000740900000, 0x00000007409cf370, 0x0000000740a00000| 80%| O|  |TAMS 0x00000007409cf370, 0x0000000740900000| Untracked 
|  10|0x0000000740a00000, 0x0000000740affff0, 0x0000000740b00000| 99%| O|  |TAMS 0x0000000740affff0, 0x0000000740a00000| Untracked 
|  11|0x0000000740b00000, 0x0000000740bffaf8, 0x0000000740c00000| 99%| O|  |TAMS 0x0000000740bffaf8, 0x0000000740b00000| Untracked 
|  12|0x0000000740c00000, 0x0000000740cd97c0, 0x0000000740d00000| 84%| O|  |TAMS 0x0000000740cd97c0, 0x0000000740c00000| Untracked 
|  13|0x0000000740d00000, 0x0000000740dcc188, 0x0000000740e00000| 79%| O|  |TAMS 0x0000000740dcc188, 0x0000000740d00000| Untracked 
|  14|0x0000000740e00000, 0x0000000740ef8ef0, 0x0000000740f00000| 97%| O|  |TAMS 0x0000000740ef8ef0, 0x0000000740e00000| Untracked 
|  15|0x0000000740f00000, 0x0000000740fffff0, 0x0000000741000000| 99%| O|  |TAMS 0x0000000740fffff0, 0x0000000740f00000| Untracked 
|  16|0x0000000741000000, 0x00000007410ffc00, 0x0000000741100000| 99%| O|  |TAMS 0x00000007410ffc00, 0x0000000741000000| Untracked 
|  17|0x0000000741100000, 0x0000000741200000, 0x0000000741200000|100%| O|  |TAMS 0x0000000741200000, 0x0000000741100000| Untracked 
|  18|0x0000000741200000, 0x0000000741300000, 0x0000000741300000|100%| O|  |TAMS 0x0000000741300000, 0x0000000741200000| Untracked 
|  19|0x0000000741300000, 0x00000007413fffc0, 0x0000000741400000| 99%| O|  |TAMS 0x00000007413fffc0, 0x0000000741300000| Untracked 
|  20|0x0000000741400000, 0x00000007414fc800, 0x0000000741500000| 98%| O|  |TAMS 0x00000007414fc800, 0x0000000741400000| Untracked 
|  21|0x0000000741500000, 0x0000000741600000, 0x0000000741600000|100%| O|  |TAMS 0x0000000741600000, 0x0000000741500000| Untracked 
|  22|0x0000000741600000, 0x0000000741700000, 0x0000000741700000|100%| O|  |TAMS 0x0000000741700000, 0x0000000741600000| Untracked 
|  23|0x0000000741700000, 0x00000007417ffff0, 0x0000000741800000| 99%| O|  |TAMS 0x00000007417ffff0, 0x0000000741700000| Untracked 
|  24|0x0000000741800000, 0x00000007418fffe8, 0x0000000741900000| 99%| O|  |TAMS 0x00000007418fffe8, 0x0000000741800000| Untracked 
|  25|0x0000000741900000, 0x0000000741a00000, 0x0000000741a00000|100%| O|  |TAMS 0x0000000741a00000, 0x0000000741900000| Untracked 
|  26|0x0000000741a00000, 0x0000000741afff58, 0x0000000741b00000| 99%| O|  |TAMS 0x0000000741afff58, 0x0000000741a00000| Untracked 
|  27|0x0000000741b00000, 0x0000000741bfffe8, 0x0000000741c00000| 99%| O|  |TAMS 0x0000000741bfffe8, 0x0000000741b00000| Untracked 
|  28|0x0000000741c00000, 0x0000000741cff888, 0x0000000741d00000| 99%| O|  |TAMS 0x0000000741cff888, 0x0000000741c00000| Untracked 
|  29|0x0000000741d00000, 0x0000000741dfffe8, 0x0000000741e00000| 99%| O|  |TAMS 0x0000000741dfffe8, 0x0000000741d00000| Untracked 
|  30|0x0000000741e00000, 0x0000000741f00000, 0x0000000741f00000|100%| O|  |TAMS 0x0000000741f00000, 0x0000000741e00000| Untracked 
|  31|0x0000000741f00000, 0x0000000741fffff8, 0x0000000742000000| 99%| O|  |TAMS 0x0000000741fffff8, 0x0000000741f00000| Untracked 
|  32|0x0000000742000000, 0x0000000742100000, 0x0000000742100000|100%| O|  |TAMS 0x0000000742100000, 0x0000000742000000| Untracked 
|  33|0x0000000742100000, 0x00000007421fffc8, 0x0000000742200000| 99%| O|  |TAMS 0x00000007421fffc8, 0x0000000742100000| Untracked 
|  34|0x0000000742200000, 0x0000000742300000, 0x0000000742300000|100%| O|  |TAMS 0x0000000742300000, 0x0000000742200000| Untracked 
|  35|0x0000000742300000, 0x00000007423ffff0, 0x0000000742400000| 99%| O|  |TAMS 0x00000007423ffff0, 0x0000000742300000| Untracked 
|  36|0x0000000742400000, 0x0000000742500000, 0x0000000742500000|100%| O|  |TAMS 0x0000000742500000, 0x0000000742400000| Untracked 
|  37|0x0000000742500000, 0x00000007425ffff0, 0x0000000742600000| 99%| O|  |TAMS 0x00000007425ffff0, 0x0000000742500000| Untracked 
|  38|0x0000000742600000, 0x00000007426ffe98, 0x0000000742700000| 99%| O|  |TAMS 0x00000007426ffe98, 0x0000000742600000| Untracked 
|  39|0x0000000742700000, 0x00000007427ffff0, 0x0000000742800000| 99%| O|  |TAMS 0x00000007427ffff0, 0x0000000742700000| Untracked 
|  40|0x0000000742800000, 0x0000000742900000, 0x0000000742900000|100%|HS|  |TAMS 0x0000000742900000, 0x0000000742800000| Complete 
|  41|0x0000000742900000, 0x0000000742a00000, 0x0000000742a00000|100%|HC|  |TAMS 0x0000000742a00000, 0x0000000742900000| Complete 
|  42|0x0000000742a00000, 0x0000000742b00000, 0x0000000742b00000|100%|HC|  |TAMS 0x0000000742b00000, 0x0000000742a00000| Complete 
|  43|0x0000000742b00000, 0x0000000742c00000, 0x0000000742c00000|100%|HC|  |TAMS 0x0000000742c00000, 0x0000000742b00000| Complete 
|  44|0x0000000742c00000, 0x0000000742d00000, 0x0000000742d00000|100%|HC|  |TAMS 0x0000000742d00000, 0x0000000742c00000| Complete 
|  45|0x0000000742d00000, 0x0000000742e00000, 0x0000000742e00000|100%|HC|  |TAMS 0x0000000742e00000, 0x0000000742d00000| Complete 
|  46|0x0000000742e00000, 0x0000000742f00000, 0x0000000742f00000|100%|HC|  |TAMS 0x0000000742f00000, 0x0000000742e00000| Complete 
|  47|0x0000000742f00000, 0x0000000743000000, 0x0000000743000000|100%|HC|  |TAMS 0x0000000743000000, 0x0000000742f00000| Complete 
|  48|0x0000000743000000, 0x00000007430d3ea0, 0x0000000743100000| 82%| O|  |TAMS 0x00000007430d3ea0, 0x0000000743000000| Untracked 
|  49|0x0000000743100000, 0x00000007431f55d0, 0x0000000743200000| 95%| O|  |TAMS 0x00000007431f55d0, 0x0000000743100000| Untracked 
|  50|0x0000000743200000, 0x00000007432fffd8, 0x0000000743300000| 99%| O|  |TAMS 0x00000007432fffd8, 0x0000000743200000| Untracked 
|  51|0x0000000743300000, 0x00000007433ff050, 0x0000000743400000| 99%| O|  |TAMS 0x00000007433ff050, 0x0000000743300000| Untracked 
|  52|0x0000000743400000, 0x0000000743500000, 0x0000000743500000|100%| O|  |TAMS 0x0000000743500000, 0x0000000743400000| Untracked 
|  53|0x0000000743500000, 0x0000000743600000, 0x0000000743600000|100%| O|  |TAMS 0x0000000743600000, 0x0000000743500000| Untracked 
|  54|0x0000000743600000, 0x0000000743700000, 0x0000000743700000|100%| O|  |TAMS 0x0000000743700000, 0x0000000743600000| Untracked 
|  55|0x0000000743700000, 0x00000007437fffc8, 0x0000000743800000| 99%| O|  |TAMS 0x00000007437fffc8, 0x0000000743700000| Untracked 
|  56|0x0000000743800000, 0x00000007438fff98, 0x0000000743900000| 99%| O|  |TAMS 0x00000007438fff98, 0x0000000743800000| Untracked 
|  57|0x0000000743900000, 0x00000007439ffff0, 0x0000000743a00000| 99%| O|  |TAMS 0x00000007439ffff0, 0x0000000743900000| Untracked 
|  58|0x0000000743a00000, 0x0000000743affff0, 0x0000000743b00000| 99%| O|  |TAMS 0x0000000743affff0, 0x0000000743a00000| Untracked 
|  59|0x0000000743b00000, 0x0000000743bffff8, 0x0000000743c00000| 99%| O|  |TAMS 0x0000000743bffff8, 0x0000000743b00000| Untracked 
|  60|0x0000000743c00000, 0x0000000743cfffb0, 0x0000000743d00000| 99%| O|  |TAMS 0x0000000743cfffb0, 0x0000000743c00000| Untracked 
|  61|0x0000000743d00000, 0x0000000743e00000, 0x0000000743e00000|100%| O|  |TAMS 0x0000000743e00000, 0x0000000743d00000| Untracked 
|  62|0x0000000743e00000, 0x0000000743eff618, 0x0000000743f00000| 99%| O|  |TAMS 0x0000000743eff618, 0x0000000743e00000| Untracked 
|  63|0x0000000743f00000, 0x0000000743ffe5a8, 0x0000000744000000| 99%| O|  |TAMS 0x0000000743ffe5a8, 0x0000000743f00000| Untracked 
|  64|0x0000000744000000, 0x00000007440ffff0, 0x0000000744100000| 99%| O|  |TAMS 0x00000007440ffff0, 0x0000000744000000| Untracked 
|  65|0x0000000744100000, 0x00000007441ffff0, 0x0000000744200000| 99%| O|  |TAMS 0x00000007441ffff0, 0x0000000744100000| Untracked 
|  66|0x0000000744200000, 0x00000007442fff80, 0x0000000744300000| 99%| O|  |TAMS 0x00000007442fff80, 0x0000000744200000| Untracked 
|  67|0x0000000744300000, 0x0000000744400000, 0x0000000744400000|100%| O|  |TAMS 0x0000000744400000, 0x0000000744300000| Untracked 
|  68|0x0000000744400000, 0x00000007444ffff8, 0x0000000744500000| 99%| O|  |TAMS 0x00000007444ffff8, 0x0000000744400000| Untracked 
|  69|0x0000000744500000, 0x00000007445cb428, 0x0000000744600000| 79%| O|  |TAMS 0x00000007445cb428, 0x0000000744500000| Untracked 
|  70|0x0000000744600000, 0x00000007446ec028, 0x0000000744700000| 92%| O|  |TAMS 0x00000007446ec028, 0x0000000744600000| Untracked 
|  71|0x0000000744700000, 0x00000007447ecd88, 0x0000000744800000| 92%| O|  |TAMS 0x00000007447ecd88, 0x0000000744700000| Untracked 
|  72|0x0000000744800000, 0x00000007448f3db8, 0x0000000744900000| 95%| O|  |TAMS 0x00000007448f3db8, 0x0000000744800000| Untracked 
|  73|0x0000000744900000, 0x00000007449fffe8, 0x0000000744a00000| 99%| O|  |TAMS 0x00000007449fffe8, 0x0000000744900000| Untracked 
|  74|0x0000000744a00000, 0x0000000744affff8, 0x0000000744b00000| 99%| O|  |TAMS 0x0000000744affff8, 0x0000000744a00000| Untracked 
|  75|0x0000000744b00000, 0x0000000744c00000, 0x0000000744c00000|100%| O|  |TAMS 0x0000000744c00000, 0x0000000744b00000| Untracked 
|  76|0x0000000744c00000, 0x0000000744c00000, 0x0000000744d00000|  0%| F|  |TAMS 0x0000000744c00000, 0x0000000744c00000| Untracked 
|  77|0x0000000744d00000, 0x0000000744d00000, 0x0000000744e00000|  0%| F|  |TAMS 0x0000000744d00000, 0x0000000744d00000| Untracked 
|  78|0x0000000744e00000, 0x0000000744e00000, 0x0000000744f00000|  0%| F|  |TAMS 0x0000000744e00000, 0x0000000744e00000| Untracked 
|  79|0x0000000744f00000, 0x0000000745000000, 0x0000000745000000|100%| O|  |TAMS 0x0000000745000000, 0x0000000744f00000| Untracked 
|  80|0x0000000745000000, 0x000000074508ae38, 0x0000000745100000| 54%| O|  |TAMS 0x000000074508ae38, 0x0000000745000000| Untracked 
|  81|0x0000000745100000, 0x0000000745105200, 0x0000000745200000|  2%| O|  |TAMS 0x0000000745100000, 0x0000000745100000| Untracked 
|  82|0x0000000745200000, 0x000000074529b7b0, 0x0000000745300000| 60%| O|  |TAMS 0x000000074529b7b0, 0x0000000745200000| Untracked 
|  83|0x0000000745300000, 0x0000000745400000, 0x0000000745400000|100%|HS|  |TAMS 0x0000000745400000, 0x0000000745300000| Complete 
|  84|0x0000000745400000, 0x0000000745500000, 0x0000000745500000|100%|HC|  |TAMS 0x0000000745500000, 0x0000000745400000| Complete 
|  85|0x0000000745500000, 0x00000007455e23b0, 0x0000000745600000| 88%| S|CS|TAMS 0x0000000745500000, 0x0000000745500000| Complete 
|  86|0x0000000745600000, 0x0000000745631f38, 0x0000000745700000| 19%| O|  |TAMS 0x0000000745631f38, 0x0000000745600000| Untracked 
|  87|0x0000000745700000, 0x0000000745700000, 0x0000000745800000|  0%| F|  |TAMS 0x0000000745700000, 0x0000000745700000| Untracked 
|  88|0x0000000745800000, 0x0000000745800000, 0x0000000745900000|  0%| F|  |TAMS 0x0000000745800000, 0x0000000745800000| Untracked 
|  89|0x0000000745900000, 0x0000000745a00000, 0x0000000745a00000|100%| S|CS|TAMS 0x0000000745900000, 0x0000000745900000| Complete 
|  90|0x0000000745a00000, 0x0000000745b00000, 0x0000000745b00000|100%| S|CS|TAMS 0x0000000745a00000, 0x0000000745a00000| Complete 
|  91|0x0000000745b00000, 0x0000000745c00000, 0x0000000745c00000|100%| S|CS|TAMS 0x0000000745b00000, 0x0000000745b00000| Complete 
|  92|0x0000000745c00000, 0x0000000745c00000, 0x0000000745d00000|  0%| F|  |TAMS 0x0000000745c00000, 0x0000000745c00000| Untracked 
|  93|0x0000000745d00000, 0x0000000745d00000, 0x0000000745e00000|  0%| F|  |TAMS 0x0000000745d00000, 0x0000000745d00000| Untracked 
|  94|0x0000000745e00000, 0x0000000745e00000, 0x0000000745f00000|  0%| F|  |TAMS 0x0000000745e00000, 0x0000000745e00000| Untracked 
|  95|0x0000000745f00000, 0x0000000745f00000, 0x0000000746000000|  0%| F|  |TAMS 0x0000000745f00000, 0x0000000745f00000| Untracked 
|  96|0x0000000746000000, 0x0000000746000000, 0x0000000746100000|  0%| F|  |TAMS 0x0000000746000000, 0x0000000746000000| Untracked 
|  97|0x0000000746100000, 0x0000000746100000, 0x0000000746200000|  0%| F|  |TAMS 0x0000000746100000, 0x0000000746100000| Untracked 
|  98|0x0000000746200000, 0x0000000746200000, 0x0000000746300000|  0%| F|  |TAMS 0x0000000746200000, 0x0000000746200000| Untracked 
|  99|0x0000000746300000, 0x0000000746300000, 0x0000000746400000|  0%| F|  |TAMS 0x0000000746300000, 0x0000000746300000| Untracked 
| 100|0x0000000746400000, 0x0000000746400000, 0x0000000746500000|  0%| F|  |TAMS 0x0000000746400000, 0x0000000746400000| Untracked 
| 101|0x0000000746500000, 0x0000000746500000, 0x0000000746600000|  0%| F|  |TAMS 0x0000000746500000, 0x0000000746500000| Untracked 
| 102|0x0000000746600000, 0x0000000746600000, 0x0000000746700000|  0%| F|  |TAMS 0x0000000746600000, 0x0000000746600000| Untracked 
| 103|0x0000000746700000, 0x0000000746700000, 0x0000000746800000|  0%| F|  |TAMS 0x0000000746700000, 0x0000000746700000| Untracked 
| 104|0x0000000746800000, 0x0000000746800000, 0x0000000746900000|  0%| F|  |TAMS 0x0000000746800000, 0x0000000746800000| Untracked 
| 105|0x0000000746900000, 0x0000000746900000, 0x0000000746a00000|  0%| F|  |TAMS 0x0000000746900000, 0x0000000746900000| Untracked 
| 106|0x0000000746a00000, 0x0000000746a00000, 0x0000000746b00000|  0%| F|  |TAMS 0x0000000746a00000, 0x0000000746a00000| Untracked 
| 107|0x0000000746b00000, 0x0000000746b00000, 0x0000000746c00000|  0%| F|  |TAMS 0x0000000746b00000, 0x0000000746b00000| Untracked 
| 108|0x0000000746c00000, 0x0000000746c00000, 0x0000000746d00000|  0%| F|  |TAMS 0x0000000746c00000, 0x0000000746c00000| Untracked 
| 109|0x0000000746d00000, 0x0000000746d00000, 0x0000000746e00000|  0%| F|  |TAMS 0x0000000746d00000, 0x0000000746d00000| Untracked 
| 110|0x0000000746e00000, 0x0000000746e00000, 0x0000000746f00000|  0%| F|  |TAMS 0x0000000746e00000, 0x0000000746e00000| Untracked 
| 111|0x0000000746f00000, 0x0000000746f00000, 0x0000000747000000|  0%| F|  |TAMS 0x0000000746f00000, 0x0000000746f00000| Untracked 
| 112|0x0000000747000000, 0x0000000747000000, 0x0000000747100000|  0%| F|  |TAMS 0x0000000747000000, 0x0000000747000000| Untracked 
| 113|0x0000000747100000, 0x0000000747100000, 0x0000000747200000|  0%| F|  |TAMS 0x0000000747100000, 0x0000000747100000| Untracked 
| 114|0x0000000747200000, 0x0000000747200000, 0x0000000747300000|  0%| F|  |TAMS 0x0000000747200000, 0x0000000747200000| Untracked 
| 115|0x0000000747300000, 0x0000000747300000, 0x0000000747400000|  0%| F|  |TAMS 0x0000000747300000, 0x0000000747300000| Untracked 
| 116|0x0000000747400000, 0x0000000747400000, 0x0000000747500000|  0%| F|  |TAMS 0x0000000747400000, 0x0000000747400000| Untracked 
| 117|0x0000000747500000, 0x0000000747500000, 0x0000000747600000|  0%| F|  |TAMS 0x0000000747500000, 0x0000000747500000| Untracked 
| 118|0x0000000747600000, 0x0000000747600000, 0x0000000747700000|  0%| F|  |TAMS 0x0000000747600000, 0x0000000747600000| Untracked 
| 119|0x0000000747700000, 0x0000000747700000, 0x0000000747800000|  0%| F|  |TAMS 0x0000000747700000, 0x0000000747700000| Untracked 
| 120|0x0000000747800000, 0x0000000747800000, 0x0000000747900000|  0%| F|  |TAMS 0x0000000747800000, 0x0000000747800000| Untracked 
| 121|0x0000000747900000, 0x0000000747900000, 0x0000000747a00000|  0%| F|  |TAMS 0x0000000747900000, 0x0000000747900000| Untracked 
| 122|0x0000000747a00000, 0x0000000747a00000, 0x0000000747b00000|  0%| F|  |TAMS 0x0000000747a00000, 0x0000000747a00000| Untracked 
| 123|0x0000000747b00000, 0x0000000747b00000, 0x0000000747c00000|  0%| F|  |TAMS 0x0000000747b00000, 0x0000000747b00000| Untracked 
| 124|0x0000000747c00000, 0x0000000747c00000, 0x0000000747d00000|  0%| F|  |TAMS 0x0000000747c00000, 0x0000000747c00000| Untracked 
| 125|0x0000000747d00000, 0x0000000747d00000, 0x0000000747e00000|  0%| F|  |TAMS 0x0000000747d00000, 0x0000000747d00000| Untracked 
| 126|0x0000000747e00000, 0x0000000747e00000, 0x0000000747f00000|  0%| F|  |TAMS 0x0000000747e00000, 0x0000000747e00000| Untracked 
| 127|0x0000000747f00000, 0x0000000747f00000, 0x0000000748000000|  0%| F|  |TAMS 0x0000000747f00000, 0x0000000747f00000| Untracked 
| 128|0x0000000748000000, 0x0000000748000000, 0x0000000748100000|  0%| F|  |TAMS 0x0000000748000000, 0x0000000748000000| Untracked 
| 129|0x0000000748100000, 0x0000000748100000, 0x0000000748200000|  0%| F|  |TAMS 0x0000000748100000, 0x0000000748100000| Untracked 
| 130|0x0000000748200000, 0x0000000748200000, 0x0000000748300000|  0%| F|  |TAMS 0x0000000748200000, 0x0000000748200000| Untracked 
| 131|0x0000000748300000, 0x0000000748300000, 0x0000000748400000|  0%| F|  |TAMS 0x0000000748300000, 0x0000000748300000| Untracked 
| 132|0x0000000748400000, 0x0000000748400000, 0x0000000748500000|  0%| F|  |TAMS 0x0000000748400000, 0x0000000748400000| Untracked 
| 133|0x0000000748500000, 0x0000000748500000, 0x0000000748600000|  0%| F|  |TAMS 0x0000000748500000, 0x0000000748500000| Untracked 
| 134|0x0000000748600000, 0x0000000748600000, 0x0000000748700000|  0%| F|  |TAMS 0x0000000748600000, 0x0000000748600000| Untracked 
| 135|0x0000000748700000, 0x0000000748700000, 0x0000000748800000|  0%| F|  |TAMS 0x0000000748700000, 0x0000000748700000| Untracked 
| 136|0x0000000748800000, 0x0000000748800000, 0x0000000748900000|  0%| F|  |TAMS 0x0000000748800000, 0x0000000748800000| Untracked 
| 137|0x0000000748900000, 0x0000000748900000, 0x0000000748a00000|  0%| F|  |TAMS 0x0000000748900000, 0x0000000748900000| Untracked 
| 138|0x0000000748a00000, 0x0000000748a00000, 0x0000000748b00000|  0%| F|  |TAMS 0x0000000748a00000, 0x0000000748a00000| Untracked 
| 139|0x0000000748b00000, 0x0000000748b00000, 0x0000000748c00000|  0%| F|  |TAMS 0x0000000748b00000, 0x0000000748b00000| Untracked 
| 140|0x0000000748c00000, 0x0000000748c00000, 0x0000000748d00000|  0%| F|  |TAMS 0x0000000748c00000, 0x0000000748c00000| Untracked 
| 141|0x0000000748d00000, 0x0000000748d00000, 0x0000000748e00000|  0%| F|  |TAMS 0x0000000748d00000, 0x0000000748d00000| Untracked 
| 142|0x0000000748e00000, 0x0000000748e00000, 0x0000000748f00000|  0%| F|  |TAMS 0x0000000748e00000, 0x0000000748e00000| Untracked 
| 143|0x0000000748f00000, 0x0000000748f00000, 0x0000000749000000|  0%| F|  |TAMS 0x0000000748f00000, 0x0000000748f00000| Untracked 
| 144|0x0000000749000000, 0x0000000749000000, 0x0000000749100000|  0%| F|  |TAMS 0x0000000749000000, 0x0000000749000000| Untracked 
| 145|0x0000000749100000, 0x000000074911d848, 0x0000000749200000| 11%| E|  |TAMS 0x0000000749100000, 0x0000000749100000| Complete 
| 146|0x0000000749200000, 0x0000000749300000, 0x0000000749300000|100%| E|CS|TAMS 0x0000000749200000, 0x0000000749200000| Complete 

Card table byte_map: [0x000001bc9aa40000,0x000001bc9b040000] _byte_map_base: 0x000001bc97040000

Marking Bits (Prev, Next): (CMBitMap*) 0x000001bcb8202d10, (CMBitMap*) 0x000001bcb8202cd8
 Prev Bits: [0x000001bca2b50000, 0x000001bca5b50000)
 Next Bits: [0x000001bc9fb50000, 0x000001bca2b50000)

Polling page: 0x000001bc81490000

Metaspace:

Usage:
  Non-class:     75.95 MB capacity,    74.76 MB ( 98%) used,   911.05 KB (  1%) free+waste,   302.63 KB ( <1%) overhead. 
      Class:     13.33 MB capacity,    12.34 MB ( 93%) used,   865.44 KB (  6%) free+waste,   148.06 KB (  1%) overhead. 
       Both:     89.27 MB capacity,    87.10 MB ( 98%) used,     1.73 MB (  2%) free+waste,   450.69 KB ( <1%) overhead. 

Virtual space:
  Non-class space:       78.00 MB reserved,      76.08 MB ( 98%) committed 
      Class space:        1.00 GB reserved,      13.45 MB (  1%) committed 
             Both:        1.08 GB reserved,      89.53 MB (  8%) committed 

Chunk freelists:
   Non-Class:  1.00 KB
       Class:  2.25 KB
        Both:  3.25 KB

CodeHeap 'non-profiled nmethods': size=120000Kb used=15026Kb max_used=15611Kb free=104973Kb
 bounds [0x000001bc92570000, 0x000001bc934c0000, 0x000001bc99aa0000]
CodeHeap 'profiled nmethods': size=120000Kb used=35972Kb max_used=35972Kb free=84028Kb
 bounds [0x000001bc8b040000, 0x000001bc8d3b0000, 0x000001bc92570000]
CodeHeap 'non-nmethods': size=5760Kb used=1615Kb max_used=1670Kb free=4145Kb
 bounds [0x000001bc8aaa0000, 0x000001bc8ad10000, 0x000001bc8b040000]
 total_blobs=23548 nmethods=13908 adapters=1057
 compilation: enabled
              stopped_count=0, restarted_count=0
 full_count=0

Compilation events (10 events):
Event: 79.349 Thread 0x000001bc9f41f800 nmethod 16467 0x000001bc8c625610 code [0x000001bc8c625820, 0x000001bc8c6263b0]
Event: 79.349 Thread 0x000001bc9f41f800 16465   !   3       com.jidesoft.grid.SortableTableModel::a (2292 bytes)
Event: 79.352 Thread 0x000001bcb8848800 16469       4       sun.java2d.pipe.ValidatePipe::validate (6 bytes)
Event: 79.364 Thread 0x000001bcb8848800 nmethod 16469 0x000001bc92c43410 code [0x000001bc92c43620, 0x000001bc92c44620]
Event: 79.364 Thread 0x000001bcb8848800 16470   !   4       java.lang.ref.Finalizer::runFinalizer (117 bytes)
Event: 79.366 Thread 0x000001bc9f41f800 nmethod 16465 0x000001bc8d38a010 code [0x000001bc8d38b320, 0x000001bc8d3a0630]
Event: 79.366 Thread 0x000001bc9f41f800 16468       3       ui.z::aJM (8 bytes)
Event: 79.366 Thread 0x000001bc9f41f800 nmethod 16468 0x000001bc8bb3d710 code [0x000001bc8bb3d8c0, 0x000001bc8bb3da58]
Event: 79.366 Thread 0x000001bc9f41f800 16466       3       com.jidesoft.swing.LabeledTextField::getText (17 bytes)
Event: 79.366 Thread 0x000001bc9f41f800 nmethod 16466 0x000001bc8c3c0690 code [0x000001bc8c3c0860, 0x000001bc8c3c0c30]

GC Heap History (10 events):
Event: 46.750 GC heap before
{Heap before GC invocations=45 (full 2):
 garbage-first heap   total 150528K, used 141998K [0x0000000740000000, 0x0000000800000000)
  region size 1024K, 60 young (61440K), 2 survivors (2048K)
 Metaspace       used 86205K, capacity 88328K, committed 88604K, reserved 1124352K
  class space    used 12196K, capacity 13147K, committed 13260K, reserved 1048576K
}
Event: 46.752 GC heap after
{Heap after GC invocations=46 (full 2):
 garbage-first heap   total 150528K, used 82586K [0x0000000740000000, 0x0000000800000000)
  region size 1024K, 2 young (2048K), 2 survivors (2048K)
 Metaspace       used 86205K, capacity 88328K, committed 88604K, reserved 1124352K
  class space    used 12196K, capacity 13147K, committed 13260K, reserved 1048576K
}
Event: 51.628 GC heap before
{Heap before GC invocations=46 (full 2):
 garbage-first heap   total 150528K, used 141978K [0x0000000740000000, 0x0000000800000000)
  region size 1024K, 60 young (61440K), 2 survivors (2048K)
 Metaspace       used 87829K, capacity 89993K, committed 90140K, reserved 1126400K
  class space    used 12474K, capacity 13449K, committed 13516K, reserved 1048576K
}
Event: 51.632 GC heap after
{Heap after GC invocations=47 (full 2):
 garbage-first heap   total 150528K, used 84173K [0x0000000740000000, 0x0000000800000000)
  region size 1024K, 4 young (4096K), 4 survivors (4096K)
 Metaspace       used 87829K, capacity 89993K, committed 90140K, reserved 1126400K
  class space    used 12474K, capacity 13449K, committed 13516K, reserved 1048576K
}
Event: 58.207 GC heap before
{Heap before GC invocations=48 (full 2):
 garbage-first heap   total 150528K, used 141517K [0x0000000740000000, 0x0000000800000000)
  region size 1024K, 60 young (61440K), 4 survivors (4096K)
 Metaspace       used 88249K, capacity 90512K, committed 90780K, reserved 1126400K
  class space    used 12542K, capacity 13560K, committed 13644K, reserved 1048576K
}
Event: 58.209 GC heap after
{Heap after GC invocations=49 (full 2):
 garbage-first heap   total 150528K, used 84603K [0x0000000740000000, 0x0000000800000000)
  region size 1024K, 4 young (4096K), 4 survivors (4096K)
 Metaspace       used 88249K, capacity 90512K, committed 90780K, reserved 1126400K
  class space    used 12542K, capacity 13560K, committed 13644K, reserved 1048576K
}
Event: 72.662 GC heap before
{Heap before GC invocations=49 (full 2):
 garbage-first heap   total 150528K, used 141947K [0x0000000740000000, 0x0000000800000000)
  region size 1024K, 60 young (61440K), 4 survivors (4096K)
 Metaspace       used 88933K, capacity 91222K, committed 91420K, reserved 1126400K
  class space    used 12624K, capacity 13646K, committed 13772K, reserved 1048576K
}
Event: 72.665 GC heap after
{Heap after GC invocations=50 (full 2):
 garbage-first heap   total 150528K, used 85486K [0x0000000740000000, 0x0000000800000000)
  region size 1024K, 5 young (5120K), 5 survivors (5120K)
 Metaspace       used 88933K, capacity 91222K, committed 91420K, reserved 1126400K
  class space    used 12624K, capacity 13646K, committed 13772K, reserved 1048576K
}
Event: 79.355 GC heap before
{Heap before GC invocations=51 (full 2):
 garbage-first heap   total 150528K, used 141806K [0x0000000740000000, 0x0000000800000000)
  region size 1024K, 60 young (61440K), 5 survivors (5120K)
 Metaspace       used 89186K, capacity 91414K, committed 91676K, reserved 1128448K
  class space    used 12632K, capacity 13646K, committed 13772K, reserved 1048576K
}
Event: 79.357 GC heap after
{Heap after GC invocations=52 (full 2):
 garbage-first heap   total 150528K, used 85018K [0x0000000740000000, 0x0000000800000000)
  region size 1024K, 4 young (4096K), 4 survivors (4096K)
 Metaspace       used 89186K, capacity 91414K, committed 91676K, reserved 1128448K
  class space    used 12632K, capacity 13646K, committed 13772K, reserved 1048576K
}

Deoptimization events (10 events):
Event: 70.899 Thread 0x000001bcaa226000 Uncommon trap: reason=unstable_if action=reinterpret pc=0x000001bc9291a3f8 method=java.awt.Toolkit.enabledOnToolkit(J)Z @ 7 c2
Event: 72.003 Thread 0x000001bcaa226000 Uncommon trap: reason=bimorphic_or_optimized_type_check action=maybe_recompile pc=0x000001bc927843e0 method=javax.swing.DefaultButtonModel.setArmed(Z)V @ 33 c2
Event: 72.107 Thread 0x000001bcaa226000 Uncommon trap: reason=unstable_if action=reinterpret pc=0x000001bc9286ebb4 method=javax.swing.AbstractButton.setEnabled(Z)V @ 13 c2
Event: 72.666 Thread 0x000001bca9ce0000 Uncommon trap: reason=unstable_if action=reinterpret pc=0x000001bc928c58a8 method=de.javasoft.plaf.synthetica.painter.AnimationThreadFactory$AnimationThread.run()V @ 55 c2
Event: 72.900 Thread 0x000001bcaa226000 Uncommon trap: reason=bimorphic_or_optimized_type_check action=maybe_recompile pc=0x000001bc927843e0 method=javax.swing.DefaultButtonModel.setArmed(Z)V @ 33 c2
Event: 73.022 Thread 0x000001bcaa226000 Uncommon trap: reason=class_check action=maybe_recompile pc=0x000001bc92e932e4 method=java.awt.Component.addNotify()V @ 200 c2
Event: 73.046 Thread 0x000001bcaa226000 Uncommon trap: reason=unstable_if action=reinterpret pc=0x000001bc933653bc method=javax.swing.RepaintManager.collectDirtyComponents(Ljava/util/Map;Ljava/awt/Component;Ljava/util/List;)V @ 80 c2
Event: 74.211 Thread 0x000001bcaa226000 Uncommon trap: reason=unstable_if action=reinterpret pc=0x000001bc93494a08 method=sun.font.AttributeValues.i_equals(Lsun/font/EAttribute;Lsun/font/AttributeValues;)Z @ 137 c2
Event: 75.554 Thread 0x000001bcaa226000 Uncommon trap: reason=unstable_if action=reinterpret pc=0x000001bc92b3886c method=com.jidesoft.editor.SyntaxUtils.a(Lcom/jidesoft/editor/CodeEditor;Ljavax/swing/text/Segment;IILjava/awt/Graphics;Ljavax/swing/text/TabExpander;I[I)I @ 398 c2
Event: 79.344 Thread 0x000001bcaa226000 Uncommon trap: reason=unstable_if action=reinterpret pc=0x000001bc92ba8bb0 method=ui.dlg.c.b.A.isSelectedIndex(I)Z @ 62 c2

Classes redefined (0 events):
No events

Internal exceptions (10 events):
Event: 56.309 Thread 0x000001bcaa226000 Exception <a 'java/io/FileNotFoundException'{0x000000074703dbe8}> (0x000000074703dbe8) thrown at [t:/workspace/open/src/hotspot/share/prims/jni.cpp, line 615]
Event: 61.278 Thread 0x000001bcaa226000 Exception <a 'java/io/FileNotFoundException'{0x000000074834ce80}> (0x000000074834ce80) thrown at [t:/workspace/open/src/hotspot/share/prims/jni.cpp, line 615]
Event: 61.309 Thread 0x000001bcaa226000 Exception <a 'java/io/FileNotFoundException'{0x00000007483553e8}> (0x00000007483553e8) thrown at [t:/workspace/open/src/hotspot/share/prims/jni.cpp, line 615]
Event: 66.278 Thread 0x000001bcaa226000 Exception <a 'java/io/FileNotFoundException'{0x0000000747d85aa0}> (0x0000000747d85aa0) thrown at [t:/workspace/open/src/hotspot/share/prims/jni.cpp, line 615]
Event: 66.310 Thread 0x000001bcaa226000 Exception <a 'java/io/FileNotFoundException'{0x0000000747db4548}> (0x0000000747db4548) thrown at [t:/workspace/open/src/hotspot/share/prims/jni.cpp, line 615]
Event: 71.278 Thread 0x000001bcaa226000 Exception <a 'java/io/FileNotFoundException'{0x0000000746fa3cb0}> (0x0000000746fa3cb0) thrown at [t:/workspace/open/src/hotspot/share/prims/jni.cpp, line 615]
Event: 71.311 Thread 0x000001bcaa226000 Exception <a 'java/io/FileNotFoundException'{0x0000000746e4ee18}> (0x0000000746e4ee18) thrown at [t:/workspace/open/src/hotspot/share/prims/jni.cpp, line 615]
Event: 72.104 Thread 0x000001bcb9819000 Exception <a 'java/lang/InterruptedException'{0x0000000746b13d20}: sleep interrupted> (0x0000000746b13d20) thrown at [t:/workspace/open/src/hotspot/share/prims/jvm.cpp, line 3117]
Event: 76.279 Thread 0x000001bcaa226000 Exception <a 'java/io/FileNotFoundException'{0x00000007462c13d0}> (0x00000007462c13d0) thrown at [t:/workspace/open/src/hotspot/share/prims/jni.cpp, line 615]
Event: 76.312 Thread 0x000001bcaa226000 Exception <a 'java/io/FileNotFoundException'{0x00000007462c7d60}> (0x00000007462c7d60) thrown at [t:/workspace/open/src/hotspot/share/prims/jni.cpp, line 615]

Events (10 events):
Event: 77.491 Thread 0x000001bcb9812800 Thread exited: 0x000001bcb9812800
Event: 78.487 Thread 0x000001bcb9817000 Thread added: 0x000001bcb9817000
Event: 78.491 Thread 0x000001bcb9817000 Thread exited: 0x000001bcb9817000
Event: 79.344 Thread 0x000001bcaa226000 Uncommon trap: trap_request=0xffffff4d fr.pc=0x000001bc92ba8bb0 relative=0x0000000000000ad0
Event: 79.344 Thread 0x000001bcaa226000 DEOPT PACKING pc=0x000001bc92ba8bb0 sp=0x00000070052f62f0
Event: 79.344 Thread 0x000001bcaa226000 DEOPT UNPACKING pc=0x000001bc8aac91af sp=0x00000070052f62d8 mode 2
Event: 79.344 loading class com/jidesoft/grid/TableUtils$ColumnSelectionRow
Event: 79.344 loading class com/jidesoft/grid/TableUtils$ColumnSelectionRow done
Event: 79.355 Executing VM operation: G1CollectForAllocation
Event: 79.357 Executing VM operation: G1CollectForAllocation done


Dynamic libraries:
0x00007ff7280d0000 - 0x00007ff7280ff000 	C:\Xilinx\Vivado\2020.2\bin\unwrapped\win64.o\vivado.exe
0x00007ff9fc3f0000 - 0x00007ff9fc5e5000 	C:\Windows\SYSTEM32\ntdll.dll
0x00007ff9fab00000 - 0x00007ff9fabbd000 	C:\Windows\System32\KERNEL32.DLL
0x00007ff9f9ef0000 - 0x00007ff9fa1b8000 	C:\Windows\System32\KERNELBASE.dll
0x00007ff9fa1c0000 - 0x00007ff9fa2c0000 	C:\Windows\System32\ucrtbase.dll
0x00007ff9edb70000 - 0x00007ff9edc01000 	C:\Windows\SYSTEM32\MSVCP140.dll
0x00007ff9ee2c0000 - 0x00007ff9ee2d9000 	C:\Windows\SYSTEM32\VCRUNTIME140.dll
0x00007ff9edfc0000 - 0x00007ff9edfcc000 	C:\Windows\SYSTEM32\VCRUNTIME140_1.dll
0x00007ff9f73f0000 - 0x00007ff9f7408000 	C:\Xilinx\Vivado\2020.2\lib\win64.o\librdi_commonmain.dll
0x00007ff9f73d0000 - 0x00007ff9f73e3000 	C:\Xilinx\Vivado\2020.2\lib\win64.o\libboost_signals.dll
0x00007ff9f73a0000 - 0x00007ff9f73c2000 	C:\Xilinx\Vivado\2020.2\lib\win64.o\libboost_filesystem.dll
0x00007ff9f7390000 - 0x00007ff9f7399000 	C:\Xilinx\Vivado\2020.2\lib\win64.o\librdi_commonversion.dll
0x00007ff9fbf10000 - 0x00007ff9fbfbc000 	C:\Windows\System32\ADVAPI32.dll
0x00007ff99daa0000 - 0x00007ff99ec17000 	C:\Xilinx\Vivado\2020.2\lib\win64.o\librdi_common.dll
0x00007ff9fc2a0000 - 0x00007ff9fc33e000 	C:\Windows\System32\msvcrt.dll
0x00007ff9fb5a0000 - 0x00007ff9fb740000 	C:\Windows\System32\USER32.dll
0x00007ff9fb500000 - 0x00007ff9fb59b000 	C:\Windows\System32\sechost.dll
0x00007ff9fa420000 - 0x00007ff9fa442000 	C:\Windows\System32\win32u.dll
0x00007ff9fc140000 - 0x00007ff9fc26b000 	C:\Windows\System32\RPCRT4.dll
0x00007ff9fc270000 - 0x00007ff9fc29a000 	C:\Windows\System32\GDI32.dll
0x00007ff9fa2c0000 - 0x00007ff9fa3cb000 	C:\Windows\System32\gdi32full.dll
0x00007ff9d6c90000 - 0x00007ff9d6e29000 	C:\Xilinx\Vivado\2020.2\lib\win64.o\librdi_commonxillic.dll
0x00007ff9f9c90000 - 0x00007ff9f9d2d000 	C:\Windows\System32\msvcp_win.dll
0x0000000058d60000 - 0x0000000058e8b000 	C:\Xilinx\Vivado\2020.2\lib\win64.o\tcl85t.dll
0x00007ff9fb800000 - 0x00007ff9fb86b000 	C:\Windows\System32\WS2_32.dll
0x00007ff9f9e60000 - 0x00007ff9f9e87000 	C:\Windows\System32\bcrypt.dll
0x00007ff9fac30000 - 0x00007ff9fb372000 	C:\Windows\System32\SHELL32.dll
0x00007ff9f7380000 - 0x00007ff9f7389000 	C:\Xilinx\Vivado\2020.2\lib\win64.o\libboost_system.dll
0x00007ff99d730000 - 0x00007ff99da9e000 	C:\Xilinx\Vivado\2020.2\lib\win64.o\libCOIN-all.dll
0x00007ff9f7370000 - 0x00007ff9f7380000 	C:\Xilinx\Vivado\2020.2\lib\win64.o\libboost_date_time.dll
0x00007ff9d6c10000 - 0x00007ff9d6c83000 	C:\Xilinx\Vivado\2020.2\lib\win64.o\libboost_program_options.dll
0x00007ff9d1cb0000 - 0x00007ff9d1dc1000 	C:\Xilinx\Vivado\2020.2\lib\win64.o\libboost_regex.dll
0x00007ff9f7350000 - 0x00007ff9f736e000 	C:\Xilinx\Vivado\2020.2\lib\win64.o\libboost_thread.dll
0x00007ff9f7340000 - 0x00007ff9f734c000 	C:\Xilinx\Vivado\2020.2\lib\win64.o\libboost_xilinx.dll
0x00007ff9d6b80000 - 0x00007ff9d6c02000 	C:\Xilinx\Vivado\2020.2\lib\win64.o\libhdlpsolve.dll
0x00007ff9d1840000 - 0x00007ff9d18e5000 	C:\Xilinx\Vivado\2020.2\lib\win64.o\libhdxml.dll
0x00007ff9f5130000 - 0x00007ff9f5158000 	C:\Xilinx\Vivado\2020.2\lib\win64.o\libisl_sysinfo.dll
0x00007ff9f5110000 - 0x00007ff9f512a000 	C:\Xilinx\Vivado\2020.2\lib\win64.o\pthreadVC2.dll
0x00007ff9d2460000 - 0x00007ff9d24c5000 	C:\Xilinx\Vivado\2020.2\lib\win64.o\liblmx6.0.dll
0x00007ff9f50f0000 - 0x00007ff9f510c000 	C:\Xilinx\Vivado\2020.2\lib\win64.o\librdiconfig.dll
0x00007ff9d6b50000 - 0x00007ff9d6b71000 	C:\Xilinx\Vivado\2020.2\lib\win64.o\librdizlib.dll
0x00007ff9fabd0000 - 0x00007ff9fac25000 	C:\Windows\System32\SHLWAPI.dll
0x0000000012000000 - 0x0000000012270000 	C:\Xilinx\Vivado\2020.2\lib\win64.o\xerces-c_3_1.dll
0x00007ff99c650000 - 0x00007ff99c92b000 	C:\Xilinx\Vivado\2020.2\lib\win64.o\libXil_lmgr11.dll
0x00007ff9fb870000 - 0x00007ff9fb94a000 	C:\Windows\System32\COMDLG32.dll
0x00007ff9fbbb0000 - 0x00007ff9fbf05000 	C:\Windows\System32\combase.dll
0x00007ff9fb750000 - 0x00007ff9fb7fe000 	C:\Windows\System32\shcore.dll
0x00007ff99c930000 - 0x00007ff99d722600 	C:\Xilinx\Vivado\2020.2\lib\win64.o\libisl_iostreams.dll
0x00007ff9fb3b0000 - 0x00007ff9fb47d000 	C:\Windows\System32\OLEAUT32.dll
0x00007ff9fa940000 - 0x00007ff9faa6a000 	C:\Windows\System32\ole32.dll
0x00007ff9f9e90000 - 0x00007ff9f9ef0000 	C:\Windows\System32\WINTRUST.dll
0x00007ff9ee8d0000 - 0x00007ff9ee8e8000 	C:\Windows\SYSTEM32\NETAPI32.dll
0x00007ff9d8bd0000 - 0x00007ff9d90ad000 	C:\Windows\SYSTEM32\WININET.dll
0x00007ff9f1af0000 - 0x00007ff9f1bfb000 	C:\Windows\SYSTEM32\WINHTTP.dll
0x00007ff9f9b30000 - 0x00007ff9f9c8f000 	C:\Windows\System32\CRYPT32.dll
0x00007ff9ecfe0000 - 0x00007ff9ed1ce000 	C:\Windows\SYSTEM32\urlmon.dll
0x00007ff9db6d0000 - 0x00007ff9db6d9000 	C:\Windows\SYSTEM32\WSOCK32.dll
0x00007ff9d6680000 - 0x00007ff9d66a8000 	C:\Windows\SYSTEM32\VCOMP140.DLL
0x00007ff9dba90000 - 0x00007ff9dbb40000 	C:\Windows\WinSxS\amd64_microsoft.windows.common-controls_6595b64144ccf1df_5.82.19041.844_none_423537bff6b9828c\COMCTL32.dll
0x00007ff99a730000 - 0x00007ff99c647000 	C:\Xilinx\Vivado\2020.2\lib\win64.o\gurobi90.dll
0x00007ff9fc0e0000 - 0x00007ff9fc136000 	C:\Windows\System32\WLDAP32.dll
0x00007ff9fb740000 - 0x00007ff9fb748000 	C:\Windows\System32\Normaliz.dll
0x00007ff9d6b40000 - 0x00007ff9d6b4c000 	C:\Xilinx\Vivado\2020.2\lib\win64.o\libboost_chrono.dll
0x00007ff9d2430000 - 0x00007ff9d2453000 	C:\Xilinx\Vivado\2020.2\lib\win64.o\libisl_iosutils.dll
0x00007ff9f3ad0000 - 0x00007ff9f3aed000 	C:\Windows\SYSTEM32\dhcpcsvc.DLL
0x00007ff9d2910000 - 0x00007ff9d2926000 	C:\Xilinx\Vivado\2020.2\lib\win64.o\libboost_iostreams.dll
0x00007ff9ec030000 - 0x00007ff9ec2e0000 	C:\Windows\SYSTEM32\iertutil.dll
0x00007ff9f90c0000 - 0x00007ff9f90cc000 	C:\Windows\SYSTEM32\NETUTILS.DLL
0x00007ff9f9310000 - 0x00007ff9f937a000 	C:\Windows\SYSTEM32\MSWSOCK.DLL
0x00007ff9fb380000 - 0x00007ff9fb3b0000 	C:\Windows\System32\IMM32.DLL
0x00007ff9f9720000 - 0x00007ff9f9732000 	C:\Windows\SYSTEM32\MSASN1.dll
0x00007ff9f7aa0000 - 0x00007ff9f7ab2000 	C:\Windows\SYSTEM32\kernel.appcore.dll
0x00007ff99a200000 - 0x00007ff99a722000 	C:\Xilinx\Vivado\2020.2\lib\win64.o\librdi_commontasks.dll
0x00007ff9f3ac0000 - 0x00007ff9f3aca000 	C:\Windows\SYSTEM32\VERSION.dll
0x00007ff999f20000 - 0x00007ff99a1f5000 	C:\Xilinx\Vivado\2020.2\lib\win64.o\librdi_sio.dll
0x00007ff9993f0000 - 0x00007ff999f13000 	C:\Xilinx\Vivado\2020.2\tps\win64\jre11.0.2\bin\server\jvm.dll
0x00007ff9f8fb0000 - 0x00007ff9f8feb000 	C:\Windows\SYSTEM32\IPHLPAPI.DLL
0x00007ff9fc3a0000 - 0x00007ff9fc3a8000 	C:\Windows\System32\PSAPI.DLL
0x00007ff9ef0c0000 - 0x00007ff9ef0e7000 	C:\Windows\SYSTEM32\WINMM.dll
0x00007ff9f7ca0000 - 0x00007ff9f8430000 	C:\Windows\SYSTEM32\windows.storage.dll
0x00007ff9f95a0000 - 0x00007ff9f95cc000 	C:\Windows\SYSTEM32\Wldp.dll
0x00007ff996930000 - 0x00007ff9993ee000 	C:\Xilinx\Vivado\2020.2\lib\win64.o\librdi_tcltasks.dll
0x00007ff9962c0000 - 0x00007ff996473000 	C:\Xilinx\Vivado\2020.2\lib\win64.o\librdi_board.dll
0x00007ff9a2120000 - 0x00007ff9a2216000 	C:\Xilinx\Vivado\2020.2\lib\win64.o\librdi_chipscope.dll
0x00007ff996480000 - 0x00007ff996926000 	C:\Xilinx\Vivado\2020.2\lib\win64.o\librdi_bitstream.dll
0x00007ff9d1aa0000 - 0x00007ff9d1b1e000 	C:\Xilinx\Vivado\2020.2\lib\win64.o\librdi_boarddep.dll
0x00007ff9960d0000 - 0x00007ff9962ba000 	C:\Xilinx\Vivado\2020.2\lib\win64.o\librdi_chipscopeimpl.dll
0x00007ff9a1eb0000 - 0x00007ff9a2011000 	C:\Xilinx\Vivado\2020.2\lib\win64.o\librdi_containers.dll
0x00007ff9942a0000 - 0x00007ff9960cc000 	C:\Xilinx\Vivado\2020.2\lib\win64.o\librdi_constraints.dll
0x00007ff9917c0000 - 0x00007ff991ed8000 	C:\Xilinx\Vivado\2020.2\lib\win64.o\librdi_coregenipxact.dll
0x00007ff98f6e0000 - 0x00007ff98fa48000 	C:\Xilinx\Vivado\2020.2\lib\win64.o\librdi_dlyest.dll
0x00007ff98fa50000 - 0x00007ff9917b1000 	C:\Xilinx\Vivado\2020.2\lib\win64.o\librdi_designutils.dll
0x00007ff991ee0000 - 0x00007ff99429d000 	C:\Xilinx\Vivado\2020.2\lib\win64.o\librdi_coregen.dll
0x00007ff98f080000 - 0x00007ff98f6dd000 	C:\Xilinx\Vivado\2020.2\lib\win64.o\librdi_drc.dll
0x00007ff98efc0000 - 0x00007ff98f073000 	C:\Xilinx\Vivado\2020.2\lib\win64.o\librdi_dsp.dll
0x00007ff98e8f0000 - 0x00007ff98efb2000 	C:\Xilinx\Vivado\2020.2\lib\win64.o\librdi_filemgmt.dll
0x00007ff98e5d0000 - 0x00007ff98e8ed000 	C:\Xilinx\Vivado\2020.2\lib\win64.o\librdi_guitools.dll
0x00007ff9d1ea0000 - 0x00007ff9d1f0b000 	C:\Xilinx\Vivado\2020.2\lib\win64.o\librdi_hdf.dll
0x00007ff98e350000 - 0x00007ff98e5c7000 	C:\Xilinx\Vivado\2020.2\lib\win64.o\librdi_hip_devdesign.dll
0x00007ff98e200000 - 0x00007ff98e347000 	C:\Xilinx\Vivado\2020.2\lib\win64.o\librdi_hip_perf_analysis.dll
0x00007ff98c620000 - 0x00007ff98e1f4000 	C:\Xilinx\Vivado\2020.2\lib\win64.o\librdi_implflow.dll
0x00007ff98bfd0000 - 0x00007ff98c61c000 	C:\Xilinx\Vivado\2020.2\lib\win64.o\librdi_memdata.dll
0x00007ff9d1700000 - 0x00007ff9d1772000 	C:\Xilinx\Vivado\2020.2\lib\win64.o\librdi_memoryarray.dll
0x00007ff9a1d20000 - 0x00007ff9a1d74000 	C:\Xilinx\Vivado\2020.2\lib\win64.o\librdi_pfi.dll
0x00007ff989450000 - 0x00007ff989b7c000 	C:\Xilinx\Vivado\2020.2\lib\win64.o\librdi_netlist.dll
0x00007ff985ea0000 - 0x00007ff98623e000 	C:\Xilinx\Vivado\2020.2\lib\win64.o\librdi_platform.dll
0x00007ff989b80000 - 0x00007ff98bfc4000 	C:\Xilinx\Vivado\2020.2\lib\win64.o\librdi_mig.dll
0x00007ff985680000 - 0x00007ff985e97000 	C:\Xilinx\Vivado\2020.2\lib\win64.o\librdi_power.dll
0x00007ff985000000 - 0x00007ff985674000 	C:\Xilinx\Vivado\2020.2\lib\win64.o\librdi_project.dll
0x00007ff9848d0000 - 0x00007ff984ff2000 	C:\Xilinx\Vivado\2020.2\lib\win64.o\librdi_psta.dll
0x00007ff986240000 - 0x00007ff989447000 	C:\Xilinx\Vivado\2020.2\lib\win64.o\librdi_place.dll
0x00007ff9840c0000 - 0x00007ff9848cc000 	C:\Xilinx\Vivado\2020.2\lib\win64.o\librdi_rsb.dll
0x00007ff983b90000 - 0x00007ff9840bb000 	C:\Xilinx\Vivado\2020.2\lib\win64.o\librdi_runs.dll
0x00007ff983a80000 - 0x00007ff983b89000 	C:\Xilinx\Vivado\2020.2\lib\win64.o\librdi_runsbase.dll
0x00007ff983800000 - 0x00007ff983a74000 	C:\Xilinx\Vivado\2020.2\lib\win64.o\librdi_simdata.dll
0x00007ff983750000 - 0x00007ff9837f7000 	C:\Xilinx\Vivado\2020.2\lib\win64.o\librdi_xhubtasks.dll
0x00007ff983560000 - 0x00007ff98374b000 	C:\Xilinx\Vivado\2020.2\lib\win64.o\librdi_advchipscopeimpl.dll
0x00007ff983440000 - 0x00007ff983556000 	C:\Xilinx\Vivado\2020.2\lib\win64.o\librdi_xhub.dll
0x00007ff96ae60000 - 0x00007ff98343f000 	C:\Xilinx\Vivado\2020.2\lib\win64.o\librdi_device.dll
0x00007ff9d1c60000 - 0x00007ff9d1ca7000 	C:\Xilinx\Vivado\2020.2\lib\win64.o\libboost_serialization.dll
0x00007ff96ad70000 - 0x00007ff96ae5b000 	C:\Xilinx\Vivado\2020.2\lib\win64.o\librdi_ipconfig_readwrite.dll
0x00007ff96ad00000 - 0x00007ff96ad6a000 	C:\Xilinx\Vivado\2020.2\lib\win64.o\librdi_noc_frameworks.dll
0x00007ff96ac60000 - 0x00007ff96acfe000 	C:\Xilinx\Vivado\2020.2\lib\win64.o\libise.dll
0x00007ff96a960000 - 0x00007ff96ac5b000 	C:\Xilinx\Vivado\2020.2\lib\win64.o\librdi_hip_config.dll
0x00007ff96a410000 - 0x00007ff96a95e000 	C:\Xilinx\Vivado\2020.2\lib\win64.o\librdi_xdm.dll
0x00007ff969480000 - 0x00007ff96a401000 	C:\Xilinx\Vivado\2020.2\lib\win64.o\librdi_timing.dll
0x00007ff9693f0000 - 0x00007ff96947d000 	C:\Xilinx\Vivado\2020.2\lib\win64.o\treelite_runtime.dll
0x00007ff9d0fd0000 - 0x00007ff9d1016000 	C:\Xilinx\Vivado\2020.2\lib\win64.o\libboost_graph.dll

dbghelp: loaded successfully - version: 4.0.5 - missing functions: none
symbol engine: initialized successfully - sym options: 0x614 - pdb path: .;C:\Xilinx\Vivado\2020.2\bin\unwrapped\win64.o;C:\Windows\SYSTEM32;C:\Xilinx\Vivado\2020.2\lib\win64.o;C:\Windows\WinSxS\amd64_microsoft.windows.common-controls_6595b64144ccf1df_5.82.19041.844_none_423537bff6b9828c;C:\Xilinx\Vivado\2020.2\tps\win64\jre11.0.2\bin\server;C:\Xilinx\Vivado\2020.2\tps\win64\python-3.8.3;C:\Xilinx\Vivado\2020.2\tps\win64\jre11.0.2\bin;C:\ProgramData\A-Volute\A-Volute.Nahimic\Modules\Scheduled\x64;C:\Windows\WinSxS\amd64_microsoft.windows.common-controls_6595b64144ccf1df_6.0.19041.844_none_ca00b6081b84eb1d;C:\Program Files\Bonjour

VM Arguments:
jvm_args: -Dsun.java2d.pmoffscreen=false -Dhttps.protocols=TLSv1,TLSv1.1,TLSv1.2 -Dsun.java2d.xrender=false -Dsun.java2d.d3d=false -Dsun.awt.nopixfmt=true -Dsun.java2d.dpiaware=true -Dsun.java2d.uiScale.enabled=false -Xverify:none -Dswing.aatext=true -XX:-UsePerfData -Djdk.map.althashing.threshold=512 -XX:StringTableSize=4072 --add-opens=java.base/java.nio=ALL-UNNAMED --add-opens=java.desktop/sun.swing=ALL-UNNAMED --add-opens=java.desktop/javax.swing=ALL-UNNAMED --add-opens=java.desktop/javax.swing.tree=ALL-UNNAMED --add-opens=java.desktop/javax.swing.plaf.basic=ALL-UNNAMED --add-opens=java.desktop/javax.swing.plaf.synth=ALL-UNNAMED --add-opens=java.desktop/com.sun.awt=ALL-UNNAMED -XX:NewSize=60m -XX:MaxNewSize=60m -Xms128m -Xmx3072m -Xss5m 
java_command: <unknown>
java_class_path (initial): C:/Xilinx/Vivado/2020.2\lib\classes\alloy.jar;C:/Xilinx/Vivado/2020.2\lib\classes\ArchiveSummary.jar;C:/Xilinx/Vivado/2020.2\lib\classes\autoesl-models.jar;C:/Xilinx/Vivado/2020.2\lib\classes\autopilot.scelaborator.jar;C:/Xilinx/Vivado/2020.2\lib\classes\autopilot.sourceprocessor.jar;C:/Xilinx/Vivado/2020.2\lib\classes\autopilot.tbprocessor.jar;C:/Xilinx/Vivado/2020.2\lib\classes\batik-anim.jar;C:/Xilinx/Vivado/2020.2\lib\classes\batik-awt-util.jar;C:/Xilinx/Vivado/2020.2\lib\classes\batik-bridge.jar;C:/Xilinx/Vivado/2020.2\lib\classes\batik-codec.jar;C:/Xilinx/Vivado/2020.2\lib\classes\batik-css.jar;C:/Xilinx/Vivado/2020.2\lib\classes\batik-dom.jar;C:/Xilinx/Vivado/2020.2\lib\classes\batik-ext.jar;C:/Xilinx/Vivado/2020.2\lib\classes\batik-gui-util.jar;C:/Xilinx/Vivado/2020.2\lib\classes\batik-gvt.jar;C:/Xilinx/Vivado/2020.2\lib\classes\batik-parser.jar;C:/Xilinx/Vivado/2020.2\lib\classes\batik-script.jar;C:/Xilinx/Vivado/2020.2\lib\classes\batik-svg-dom.jar;C:/Xilinx/Vivado/2020.2\lib\classes\batik-swing.jar;C:/Xilinx/Vivado/2020.2\lib\classes\batik-transcoder.jar;C:/Xilinx/Vivado/2020.2\lib\classes\batik-util.jar;C:/Xilinx/Vivado/2020.2\lib\classes\batik-xml.jar;C:/Xilinx/Vivado/2020.2\lib\classes\com.google.gson_2.8.2.v20180104-1110.jar;C:/Xilinx/Vivado/2020.2\lib\classes\com.google.guava_27.1.0.v20190517-1946.jar;C:/Xilinx/Vivado/2020.2\lib\classes\com.ibm.icu_4.4.2.v20110208.jar;C:/Xilinx/Vivado/2020.2\lib\classes\com.sigasi.hdt.connection_4.9.0.202009050929.jar;C:/Xilinx/Vivado/2020.2\lib\classes\com.sigasi.hdt.epl_4.9.0.202009050929.jar;C:/Xilinx/Vivado/2020.2\lib\classes\com.sigasi.hdt.project_4.9.0.202009050929.jar;C:/Xilinx/Vivado/2020.2\lib\classes\com.sigasi.hdt.readonlyfilesystem_4.9.0.202009050929.jar;C:/Xilinx/Vivado/2020.2\lib\classes\com.sigasi.lcm_4.9.0.202009050929.jar;C:/Xilinx/Vivado/2020.2\lib\classes\com.sigasi.sdk.client_4.9.0.202009050929.jar;C:/Xilinx/Vivado/2020.2\lib\classes\com.xilinx.hls.services.jar;C:/Xili
Launcher Type: generic

[Global flags]
     bool BytecodeVerificationLocal                = false                                     {product} {command line}
     bool BytecodeVerificationRemote               = false                                     {product} {command line}
     intx CICompilerCount                          = 4                                         {product} {ergonomic}
     uint ConcGCThreads                            = 3                                         {product} {ergonomic}
     uint G1ConcRefinementThreads                  = 10                                        {product} {ergonomic}
   size_t G1HeapRegionSize                         = 1048576                                   {product} {ergonomic}
    uintx GCDrainStackTargetSize                   = 64                                        {product} {ergonomic}
   size_t InitialHeapSize                          = 134217728                                 {product} {command line}
   size_t MarkStackSize                            = 4194304                                   {product} {ergonomic}
   size_t MaxHeapSize                              = 3221225472                                {product} {command line}
   size_t MaxNewSize                               = 62914560                                  {product} {command line}
   size_t MinHeapDeltaBytes                        = 1048576                                   {product} {ergonomic}
   size_t NewSize                                  = 62914560                                  {product} {command line}
    uintx NonNMethodCodeHeapSize                   = 5835340                                {pd product} {ergonomic}
    uintx NonProfiledCodeHeapSize                  = 122911450                              {pd product} {ergonomic}
    uintx ProfiledCodeHeapSize                     = 122911450                              {pd product} {ergonomic}
    uintx ReservedCodeCacheSize                    = 251658240                              {pd product} {ergonomic}
     bool SegmentedCodeCache                       = true                                      {product} {ergonomic}
    uintx StringTableSize                          = 4072                                      {product} {command line}
     intx ThreadStackSize                          = 5120                                   {pd product} {command line}
     bool UseCompressedClassPointers               = true                                 {lp64_product} {ergonomic}
     bool UseCompressedOops                        = true                                 {lp64_product} {ergonomic}
     bool UseG1GC                                  = true                                      {product} {ergonomic}
     bool UseLargePagesIndividualAllocation        = false                                  {pd product} {ergonomic}
     bool UsePerfData                              = false                                     {product} {command line}

Logging:
Log output configuration:
 #0: stdout all=warning uptime,level,tags
 #1: stderr all=off uptime,level,tags

Environment Variables:
PATH=C:/Xilinx/Vivado/2020.2/bin;C:/Xilinx/Vivado/2020.2/tps/win64/javafx-sdk-11.0.2/lib;C:/Xilinx/Vivado/2020.2/tps/win64/javafx-sdk-11.0.2/bin;C:/Xilinx/Vivado/2020.2/lib/win64.o;C:/Xilinx/Vivado/2020.2/tps/win64/jre11.0.2/bin/server;C:/Xilinx/Vivado/2020.2/tps/win64/jre11.0.2/bin;C:/Xilinx/Vivado/2020.2/ids_lite/ISE/bin/nt64;C:/Xilinx/Vivado/2020.2/ids_lite/ISE/lib/nt64;C:/Xilinx/Vitis_HLS/2020.2/bin;C:\Windows\system32;C:\Windows;C:\Windows\System32\Wbem;C:\Windows\System32\WindowsPowerShell\v1.0\;C:\Windows\System32\OpenSSH\;C:\Program Files\Microsoft SQL Server\120\Tools\Binn\;C:\Program Files\Git\cmd;C:\Program Files\NVIDIA Corporation\NVIDIA NvDLISR;C:\Program Files (x86)\NVIDIA Corporation\PhysX\Common;C:\Program Files\Microsoft SQL Server\130\Tools\Binn\;C:\Program Files\Microsoft SQL Server\Client SDK\ODBC\170\Tools\Binn\;C:\Program Files\dotnet\;C:\Users\DESKTOP-12\AppData\Local\Microsoft\WindowsApps;C:\Users\DESKTOP-12\.dotnet\tools;C:/Xilinx/Vivado/2020.2\tps\mingw\6.2.0\win64.o\nt\bin;C:/Xilinx/Vivado/2020.2\tps\mingw\6.2.0\win64.o\nt\libexec\gcc\x86_64-w64-mingw32\6.2.0;C:/Xilinx/Vivado/2020.2\tps\win64\python-3.8.3;C:/Xilinx/Vivado/2020.2\tps\win64\python-3.8.3\bin;C:/Xilinx/Vivado/2020.2\tps\win64\python-3.8.3\lib;C:/Xilinx/Vivado/2020.2\tps\win64\python-3.8.3\lib\site-packages
USERNAME=DESKTOP-12
OS=Windows_NT
PROCESSOR_IDENTIFIER=AMD64 Family 23 Model 113 Stepping 0, AuthenticAMD



---------------  S Y S T E M  ---------------

OS: Windows 10 , 64 bit Build 19041 (10.0.19041.928)

CPU:total 12 (initial active 12) (12 cores per cpu, 2 threads per core) family 23 model 113 stepping 0, cmov, cx8, fxsr, mmx, sse, sse2, sse3, ssse3, sse4.1, sse4.2, popcnt, avx, avx2, aes, clmul, mmxext, 3dnowpref, lzcnt, sse4a, ht, tsc, tscinvbit, tscinv, bmi1, bmi2, adx, sha, fma

Memory: 4k page, system-wide physical 16334M (12416M free)
TotalPageFile size 18766M (AvailPageFile size 12569M)
current process WorkingSet (physical memory assigned to process): 756M, peak: 1012M
current process commit charge ("private bytes"): 768M, peak: 1005M

vm_info: OpenJDK 64-Bit Server VM (11.0.2+9) for windows-amd64 JRE (11.0.2+9), built on Jan 18 2019 05:23:22 by "mach5one" with MS VC++ 15.5 (VS2017)

END.
