#
# A fatal error has been detected by the Java Runtime Environment:
#
#  EXCEPTION_ACCESS_VIOLATION (0xc0000005) at pc=0x00007ffff1681049, pid=5932, tid=6184
#
# JRE version: OpenJDK Runtime Environment (11.0.2+9) (build 11.0.2+9)
# Java VM: OpenJDK 64-Bit Server VM (11.0.2+9, mixed mode, tiered, compressed oops, g1 gc, windows-amd64)
# Problematic frame:
# C  0x00007ffff1681049
#
# No core dump will be written. Minidumps are not enabled by default on client versions of Windows
#
# If you would like to submit a bug report, please visit:
#   http://bugreport.java.com/bugreport/crash.jsp
# The crash happened outside the Java Virtual Machine in native code.
# See problematic frame for where to report the bug.
#

---------------  S U M M A R Y ------------

Command Line: -Dsun.java2d.pmoffscreen=false -Dhttps.protocols=TLSv1,TLSv1.1,TLSv1.2 -Dsun.java2d.xrender=false -Dsun.java2d.d3d=false -Dsun.awt.nopixfmt=true -Dsun.java2d.dpiaware=true -Dsun.java2d.uiScale.enabled=false -Xverify:none -Dswing.aatext=true -XX:-UsePerfData -Djdk.map.althashing.threshold=512 -XX:StringTableSize=4072 --add-opens=java.base/java.nio=ALL-UNNAMED --add-opens=java.desktop/sun.swing=ALL-UNNAMED --add-opens=java.desktop/javax.swing=ALL-UNNAMED --add-opens=java.desktop/javax.swing.tree=ALL-UNNAMED --add-opens=java.desktop/javax.swing.plaf.basic=ALL-UNNAMED --add-opens=java.desktop/javax.swing.plaf.synth=ALL-UNNAMED --add-opens=java.desktop/com.sun.awt=ALL-UNNAMED -XX:NewSize=60m -XX:MaxNewSize=60m -Xms128m -Xmx3072m -Xss5m 

Host: AMD Ryzen 5 3600 6-Core Processor              , 12 cores, 15G,  Windows 10 , 64 bit Build 19041 (10.0.19041.928)
Time: Thu May 27 18:06:17 2021 Œrodkowoeuropejski czas letni elapsed time: 24682 seconds (0d 6h 51m 22s)

---------------  T H R E A D  ---------------

Current thread (0x0000011d1cd61800):  JavaThread "AWT-EventQueue-0" [_thread_in_native, id=6184, stack(0x0000001b27300000,0x0000001b27800000)]

Stack: [0x0000001b27300000,0x0000001b27800000],  sp=0x0000001b277f3b70,  free space=5070k
Native frames: (J=compiled Java code, j=interpreted, Vv=VM code, C=native code)
C  0x00007ffff1681049
C  0x00007ffff1692487
C  0x00007ffff16937c2
C  0x00007ffff167a485
C  0x00007fffa9fe84b4
C  0x00007fffaa008e72
C  0x00007fffaa0a34f5
C  0x00007fffaa0a3419
C  0x00007fffaa0d4ce1
C  0x00007fffaa0d2426
C  0x00007fffaa12e2c1
C  0x00007fffaa1303b3
C  0x00007fffaa10936d
C  0x00007fffaa1093d8
C  0x00007fffaa109481
C  0x00007fffaa12f59c
C  0x00007fffaa1006e5
C  0x00007fffaa100375
C  0x00007fffaa13d00f
C  0x0000011d2840062d

Java frames: (J=compiled Java code, j=interpreted, Vv=VM code)
J 24656  ui.views.waveform.waveformi.WVExecutive_getGraphicsDataSize(J)J (0 bytes) @ 0x0000011d28400591 [0x0000011d28400540+0x0000000000000051]
J 24655 c1 ui.views.waveform.executive.a.klK()Ljava/io/ByteArrayInputStream; (93 bytes) @ 0x0000011d218b27ac [0x0000011d218b26c0+0x00000000000000ec]
J 24654 c1 ui.views.waveform.b.a.klh()V (144 bytes) @ 0x0000011d218c3534 [0x0000011d218c34a0+0x0000000000000094]
J 23696 c1 ui.views.waveform.w.aH(ZZ)V (48 bytes) @ 0x0000011d214c1a64 [0x0000011d214c1560+0x0000000000000504]
J 21650 c1 ui.views.waveform.c.b.j(Lui/frmwork/a/l;)V (605 bytes) @ 0x0000011d210ad56c [0x0000011d210a4a00+0x0000000000008b6c]
J 21649 c1 ui.views.waveform.w.handleTclEvent(Lui/frmwork/a/l;)V (17 bytes) @ 0x0000011d1fb6f73c [0x0000011d1fb6f660+0x00000000000000dc]
J 26993 c2 ui.frmwork.a.o.c(Lui/frmwork/a/l;)V (61 bytes) @ 0x0000011d27f8270c [0x0000011d27f82540+0x00000000000001cc]
J 25123 c2 ui.frmwork.E.i(JZ)V (471 bytes) @ 0x0000011d2849fd48 [0x0000011d2849e840+0x0000000000001508]
J 27064 c2 ui.frmwork.E.fireTclEvent(J)I (113 bytes) @ 0x0000011d285c4ab0 [0x0000011d285c3c00+0x0000000000000eb0]
v  ~StubRoutines::call_stub
J 24648  ui.views.waveform.waveformi.WVExecutive_processModelEvent(JJ)V (0 bytes) @ 0x0000011d28400194 [0x0000011d28400140+0x0000000000000054]
J 26693 c1 ui.views.waveform.c.b.ga(J)V (109 bytes) @ 0x0000011d1fdbb46c [0x0000011d1fdbb3a0+0x00000000000000cc]
J 21650 c1 ui.views.waveform.c.b.j(Lui/frmwork/a/l;)V (605 bytes) @ 0x0000011d210ae304 [0x0000011d210a4a00+0x0000000000009904]
J 21649 c1 ui.views.waveform.w.handleTclEvent(Lui/frmwork/a/l;)V (17 bytes) @ 0x0000011d1fb6f73c [0x0000011d1fb6f660+0x00000000000000dc]
J 26993 c2 ui.frmwork.a.o.c(Lui/frmwork/a/l;)V (61 bytes) @ 0x0000011d27f8270c [0x0000011d27f82540+0x00000000000001cc]
J 25123 c2 ui.frmwork.E.i(JZ)V (471 bytes) @ 0x0000011d2849fd48 [0x0000011d2849e840+0x0000000000001508]
J 21573 c1 ui.frmwork.E$$Lambda$203.run()V (12 bytes) @ 0x0000011d1f776adc [0x0000011d1f776a00+0x00000000000000dc]
J 13970 c2 java.awt.event.InvocationEvent.dispatch()V java.desktop@11.0.2 (69 bytes) @ 0x0000011d27605468 [0x0000011d276053c0+0x00000000000000a8]
J 14595 c2 java.awt.EventQueue$4.run()Ljava/lang/Object; java.desktop@11.0.2 (5 bytes) @ 0x0000011d27726f9c [0x0000011d27726ee0+0x00000000000000bc]
v  ~StubRoutines::call_stub
J 4235  java.security.AccessController.doPrivileged(Ljava/security/PrivilegedAction;Ljava/security/AccessControlContext;)Ljava/lang/Object; java.base@11.0.2 (0 bytes) @ 0x0000011d26bcc3b6 [0x0000011d26bcc340+0x0000000000000076]
J 13200 c2 java.awt.EventQueue.dispatchEvent(Ljava/awt/AWTEvent;)V java.desktop@11.0.2 (80 bytes) @ 0x0000011d275184cc [0x0000011d27517f40+0x000000000000058c]
J 22502 c2 ui.frmwork.a.d.dispatchEvent(Ljava/awt/AWTEvent;)V (42 bytes) @ 0x0000011d2803fe9c [0x0000011d2803fda0+0x00000000000000fc]
J 25811 c2 java.awt.EventDispatchThread.pumpOneEventForFilters(I)V java.desktop@11.0.2 (113 bytes) @ 0x0000011d27674ba4 [0x0000011d27674a40+0x0000000000000164]
J 18741 c2 java.awt.EventDispatchThread.pumpEventsForFilter(ILjava/awt/Conditional;Ljava/awt/EventFilter;)V java.desktop@11.0.2 (47 bytes) @ 0x0000011d27cbd120 [0x0000011d27cbcf60+0x00000000000001c0]
j  java.awt.EventDispatchThread.pumpEventsForFilter(Ljava/awt/Conditional;Ljava/awt/EventFilter;)V+4 java.desktop@11.0.2
j  java.awt.WaitDispatchSupport$2.run()V+59 java.desktop@11.0.2
j  java.awt.WaitDispatchSupport$4.run()Ljava/lang/Void;+4 java.desktop@11.0.2
j  java.awt.WaitDispatchSupport$4.run()Ljava/lang/Object;+1 java.desktop@11.0.2
v  ~StubRoutines::call_stub
J 964  java.security.AccessController.doPrivileged(Ljava/security/PrivilegedAction;)Ljava/lang/Object; java.base@11.0.2 (0 bytes) @ 0x0000011d26b64e22 [0x0000011d26b64dc0+0x0000000000000062]
j  java.awt.WaitDispatchSupport.enter()Z+260 java.desktop@11.0.2
j  java.awt.Dialog.show()V+224 java.desktop@11.0.2
J 24875 c1 java.awt.Window.setVisible(Z)V java.desktop@11.0.2 (6 bytes) @ 0x0000011d218ccd3c [0x0000011d218ccb00+0x000000000000023c]
j  java.awt.Dialog.setVisible(Z)V+2 java.desktop@11.0.2
j  ui.dlg.c.g.setVisible(Z)V+2
j  ui.dlg.c.bz.bIi()V+64
j  ui.dlg.c.bI.actionPerformed(Ljava/awt/event/ActionEvent;)V+8
j  ui.dlg.c.bz.fud()V+388
j  ui.views.c.t.b.a.run()V+60
j  ui.frmwork.cmd.a.hsT()Z+66
j  ui.frmwork.cmd.d.htb()V+42
j  ui.bm.actionPerformed(Ljava/awt/event/ActionEvent;)V+25
j  javax.swing.AbstractButton.fireActionPerformed(Ljava/awt/event/ActionEvent;)V+83 java.desktop@11.0.2
j  ui.utils.swing.b.E.fireActionPerformed(Ljava/awt/event/ActionEvent;)V+7
j  javax.swing.AbstractButton$Handler.actionPerformed(Ljava/awt/event/ActionEvent;)V+5 java.desktop@11.0.2
j  javax.swing.DefaultButtonModel.fireActionPerformed(Ljava/awt/event/ActionEvent;)V+34 java.desktop@11.0.2
J 25749 c1 javax.swing.DefaultButtonModel.setPressed(Z)V java.desktop@11.0.2 (125 bytes) @ 0x0000011d1fa5b524 [0x0000011d1fa5a580+0x0000000000000fa4]
j  javax.swing.plaf.basic.BasicButtonListener.mouseReleased(Ljava/awt/event/MouseEvent;)V+35 java.desktop@11.0.2
j  com.jidesoft.plaf.basic.BasicJideButtonListener.mouseReleased(Ljava/awt/event/MouseEvent;)V+61
J 19583 c1 java.awt.AWTEventMulticaster.mouseReleased(Ljava/awt/event/MouseEvent;)V java.desktop@11.0.2 (27 bytes) @ 0x0000011d21bd11ac [0x0000011d21bd0f80+0x000000000000022c]
J 19583 c1 java.awt.AWTEventMulticaster.mouseReleased(Ljava/awt/event/MouseEvent;)V java.desktop@11.0.2 (27 bytes) @ 0x0000011d21bd11ac [0x0000011d21bd0f80+0x000000000000022c]
J 19583 c1 java.awt.AWTEventMulticaster.mouseReleased(Ljava/awt/event/MouseEvent;)V java.desktop@11.0.2 (27 bytes) @ 0x0000011d21bd11ac [0x0000011d21bd0f80+0x000000000000022c]
J 22659 c2 javax.swing.JComponent.processMouseEvent(Ljava/awt/event/MouseEvent;)V java.desktop@11.0.2 (27 bytes) @ 0x0000011d2809ae84 [0x0000011d2809aaa0+0x00000000000003e4]
J 13252 c2 java.awt.Container.processEvent(Ljava/awt/AWTEvent;)V java.desktop@11.0.2 (22 bytes) @ 0x0000011d2752e2d4 [0x0000011d2752e1a0+0x0000000000000134]
J 27076 c2 java.awt.Component.dispatchEventImpl(Ljava/awt/AWTEvent;)V java.desktop@11.0.2 (777 bytes) @ 0x0000011d2845b490 [0x0000011d2845adc0+0x00000000000006d0]
J 22622 c2 java.awt.Container.dispatchEventImpl(Ljava/awt/AWTEvent;)V java.desktop@11.0.2 (129 bytes) @ 0x0000011d2808b660 [0x0000011d2808b4c0+0x00000000000001a0]
J 25329 c2 java.awt.LightweightDispatcher.retargetMouseEvent(Ljava/awt/Component;ILjava/awt/event/MouseEvent;)V java.desktop@11.0.2 (372 bytes) @ 0x0000011d284fe4d4 [0x0000011d284fdf20+0x00000000000005b4]
J 15201 c2 java.awt.LightweightDispatcher.processMouseEvent(Ljava/awt/event/MouseEvent;)Z java.desktop@11.0.2 (265 bytes) @ 0x0000011d273c51d4 [0x0000011d273c49c0+0x0000000000000814]
J 22622 c2 java.awt.Container.dispatchEventImpl(Ljava/awt/AWTEvent;)V java.desktop@11.0.2 (129 bytes) @ 0x0000011d2808b574 [0x0000011d2808b4c0+0x00000000000000b4]
J 15197 c2 java.awt.Window.dispatchEventImpl(Ljava/awt/AWTEvent;)V java.desktop@11.0.2 (23 bytes) @ 0x0000011d2733dc8c [0x0000011d2733dc40+0x000000000000004c]
J 14595 c2 java.awt.EventQueue$4.run()Ljava/lang/Object; java.desktop@11.0.2 (5 bytes) @ 0x0000011d27727030 [0x0000011d27726ee0+0x0000000000000150]
v  ~StubRoutines::call_stub
J 4235  java.security.AccessController.doPrivileged(Ljava/security/PrivilegedAction;Ljava/security/AccessControlContext;)Ljava/lang/Object; java.base@11.0.2 (0 bytes) @ 0x0000011d26bcc3b6 [0x0000011d26bcc340+0x0000000000000076]
J 14748 c2 java.awt.EventQueue$5.run()Ljava/lang/Object; java.desktop@11.0.2 (5 bytes) @ 0x0000011d26ea22f4 [0x0000011d26ea2080+0x0000000000000274]
v  ~StubRoutines::call_stub
J 4235  java.security.AccessController.doPrivileged(Ljava/security/PrivilegedAction;Ljava/security/AccessControlContext;)Ljava/lang/Object; java.base@11.0.2 (0 bytes) @ 0x0000011d26bcc3b6 [0x0000011d26bcc340+0x0000000000000076]
J 13200 c2 java.awt.EventQueue.dispatchEvent(Ljava/awt/AWTEvent;)V java.desktop@11.0.2 (80 bytes) @ 0x0000011d275182e8 [0x0000011d27517f40+0x00000000000003a8]
J 22502 c2 ui.frmwork.a.d.dispatchEvent(Ljava/awt/AWTEvent;)V (42 bytes) @ 0x0000011d2803fe9c [0x0000011d2803fda0+0x00000000000000fc]
J 25811 c2 java.awt.EventDispatchThread.pumpOneEventForFilters(I)V java.desktop@11.0.2 (113 bytes) @ 0x0000011d27674ba4 [0x0000011d27674a40+0x0000000000000164]
J 18662% c2 java.awt.EventDispatchThread.pumpEventsForFilter(ILjava/awt/Conditional;Ljava/awt/EventFilter;)V java.desktop@11.0.2 (47 bytes) @ 0x0000011d27c4f8dc [0x0000011d27c4f7c0+0x000000000000011c]
j  java.awt.EventDispatchThread.pumpEventsForHierarchy(ILjava/awt/Conditional;Ljava/awt/Component;)V+11 java.desktop@11.0.2
j  java.awt.EventDispatchThread.pumpEvents(ILjava/awt/Conditional;)V+4 java.desktop@11.0.2
j  java.awt.EventDispatchThread.pumpEvents(Ljava/awt/Conditional;)V+3 java.desktop@11.0.2
j  java.awt.EventDispatchThread.run()V+9 java.desktop@11.0.2
v  ~StubRoutines::call_stub

siginfo: EXCEPTION_ACCESS_VIOLATION (0xc0000005), reading address 0x0000000000000044


Register to memory mapping:

RIP=0x00007ffff1681049 points into unknown readable memory: 83 79 44 00 75 07 33
RAX=0x0000f05e97b546f2 is an unknown value
RBX=0x0000011d39e11d10 points into unknown readable memory: d0 2a e1 39 1d 01 00 00
RCX=0x0 is NULL
RDX=0x0000011d3ac20970 points into unknown readable memory: c0 4b 6a f1 ff 7f 00 00
RSP=0x0000001b277f3b70 is pointing into the stack for thread: 0x0000011d1cd61800
RBP=0x0 is NULL
RSI=0x0000011d3ac20970 points into unknown readable memory: c0 4b 6a f1 ff 7f 00 00
RDI=0x0 is NULL
R8 =0x0000001b277f3c00 is pointing into the stack for thread: 0x0000011d1cd61800
R9 =0x0000000000000018 is an unknown value
R10=0x0 is NULL
R11=0x0800000000078f60 is an unknown value
R12=0x0000000000000001 is an unknown value
R13=0x00007ffff16a8e50 points into unknown readable memory: d0 2f 68 f1 ff 7f 00 00
R14=0x0000011d2f199010 points into unknown readable memory: 70 09 c2 3a 1d 01 00 00
R15=0x0000001b277f3c00 is pointing into the stack for thread: 0x0000011d1cd61800


Registers:
RAX=0x0000f05e97b546f2, RBX=0x0000011d39e11d10, RCX=0x0000000000000000, RDX=0x0000011d3ac20970
RSP=0x0000001b277f3b70, RBP=0x0000000000000000, RSI=0x0000011d3ac20970, RDI=0x0000000000000000
R8 =0x0000001b277f3c00, R9 =0x0000000000000018, R10=0x0000000000000000, R11=0x0800000000078f60
R12=0x0000000000000001, R13=0x00007ffff16a8e50, R14=0x0000011d2f199010, R15=0x0000001b277f3c00
RIP=0x00007ffff1681049, EFLAGS=0x0000000000010202

Top of Stack: (sp=0x0000001b277f3b70)
0x0000001b277f3b70:   0000000741d18fb8 0000000000000078
0x0000001b277f3b80:   0000000000000000 00000007504a2d00
0x0000001b277f3b90:   0000000000576188 00007ff85c6a07b0
0x0000001b277f3ba0:   fffffffffffffffe 0000001b277f3fc0
0x0000001b277f3bb0:   0000000000000000 00007ff859f892eb
0x0000001b277f3bc0:   0000011d316bfa90 0000011d2f199010
0x0000001b277f3bd0:   0000011d2f199010 00007ffff1692487
0x0000001b277f3be0:   00007fffaa2f9920 0000011d39e11d10
0x0000001b277f3bf0:   0000011d3c9b9730 0000001b277f3e98
0x0000001b277f3c00:   0000001b277f3cd1 00007ff84759ec62
0x0000001b277f3c10:   0000000000000002 00007ff85c6a07b0
0x0000001b277f3c20:   00007fffaa2f9920 0000001b277f3fc0
0x0000001b277f3c30:   0000001b277f4060 0000001b277f4600
0x0000001b277f3c40:   0000002280000029 0000000000000000
0x0000001b277f3c50:   0000000000000000 000000000000000f
0x0000001b277f3c60:   00007ff8475942c0 0000001b277f3da8 

Instructions: (pc=0x00007ffff1681049)
0x00007ffff1681029:   50 48 c7 44 24 30 fe ff ff ff 48 89 5c 24 78 48
0x00007ffff1681039:   89 b4 24 80 00 00 00 4d 8b f8 48 8b f2 48 8b f9
0x00007ffff1681049:   83 79 44 00 75 07 33 c0 e9 d1 00 00 00 48 8b 41
0x00007ffff1681059:   48 8b 10 48 03 51 28 48 8d 4c 24 38 e8 66 eb ff 


Stack slot to memory mapping:
stack at sp + 0 slots: 0x0000000741d18fb8 is an oop: com.jidesoft.swing.ContentContainer 
{0x0000000741d18fb8} - klass: 'com/jidesoft/swing/ContentContainer'
stack at sp + 1 slots: 0x0000000000000078 is an unknown value
stack at sp + 2 slots: 0x0 is NULL
stack at sp + 3 slots: 0x00000007504a2d00 is pointing into object: sun.awt.image.BufImgSurfaceData 
{0x00000007504a2cf0} - klass: 'sun/awt/image/BufImgSurfaceData'
stack at sp + 4 slots: 0x0000000000576188 is an unknown value
stack at sp + 5 slots: 0x00007ff85c6a07b0 ntdll.dll
stack at sp + 6 slots: 0xfffffffffffffffe is an unknown value
stack at sp + 7 slots: 0x0000001b277f3fc0 is pointing into the stack for thread: 0x0000011d1cd61800


---------------  P R O C E S S  ---------------

Threads class SMR info:
_java_thread_list=0x0000011d36922850, length=45, elements={
0x0000011d38722800, 0x0000011d1ed14800, 0x0000011d1ed15000, 0x0000011d1e5a4800,
0x0000011d1e5a5000, 0x0000011d3856a800, 0x0000011d3856b800, 0x0000011d386f7000,
0x0000011d1cd64000, 0x0000011d1cd64800, 0x0000011d1cd5f000, 0x0000011d1cd65800,
0x0000011d1cd60000, 0x0000011d1cd63000, 0x0000011d1cd61800, 0x0000011d1840c800,
0x0000011d1840d800, 0x0000011d1840f000, 0x0000011d18409800, 0x0000011d18410000,
0x0000011d18411000, 0x0000011d1840b000, 0x0000011d1840a000, 0x0000011d18417800,
0x0000011d18415800, 0x0000011d18411800, 0x0000011d18416800, 0x0000011d2eb9c800,
0x0000011d2eb99000, 0x0000011d2eb9a000, 0x0000011d2eb9b800, 0x0000011d2eb9f800,
0x0000011d2eba0800, 0x0000011d2eb9e800, 0x0000011d2eb9d000, 0x0000011d2eb9e000,
0x0000011d2eb98000, 0x0000011d2eba2000, 0x0000011d2eba1000, 0x0000011d2eb9a800,
0x0000011d2eba4800, 0x0000011d2eb97800, 0x0000011d2eba5800, 0x0000011d1840e800,
0x0000011d18414000
}

Java Threads: ( => current thread )
  0x0000011d38722800 JavaThread "main" [_thread_blocked, id=19108, stack(0x0000001b22b00000,0x0000001b22c00000)]
  0x0000011d1ed14800 JavaThread "Reference Handler" daemon [_thread_blocked, id=5204, stack(0x0000001b23200000,0x0000001b23700000)]
  0x0000011d1ed15000 JavaThread "Finalizer" daemon [_thread_blocked, id=10428, stack(0x0000001b23700000,0x0000001b23c00000)]
  0x0000011d1e5a4800 JavaThread "Signal Dispatcher" daemon [_thread_blocked, id=24308, stack(0x0000001b23c00000,0x0000001b24100000)]
  0x0000011d1e5a5000 JavaThread "Attach Listener" daemon [_thread_blocked, id=5380, stack(0x0000001b24100000,0x0000001b24600000)]
  0x0000011d3856a800 JavaThread "C2 CompilerThread0" daemon [_thread_blocked, id=2628, stack(0x0000001b24600000,0x0000001b24700000)]
  0x0000011d3856b800 JavaThread "C1 CompilerThread0" daemon [_thread_blocked, id=9348, stack(0x0000001b24700000,0x0000001b24800000)]
  0x0000011d386f7000 JavaThread "Sweeper thread" daemon [_thread_blocked, id=5744, stack(0x0000001b24800000,0x0000001b24d00000)]
  0x0000011d1cd64000 JavaThread "Common-Cleaner" daemon [_thread_blocked, id=444, stack(0x0000001b24e00000,0x0000001b25300000)]
  0x0000011d1cd64800 JavaThread "Service Thread" daemon [_thread_blocked, id=9544, stack(0x0000001b25300000,0x0000001b25800000)]
  0x0000011d1cd5f000 JavaThread "Java2D Disposer" daemon [_thread_blocked, id=22852, stack(0x0000001b25900000,0x0000001b25e00000)]
  0x0000011d1cd65800 JavaThread "AWT-Shutdown" [_thread_blocked, id=17304, stack(0x0000001b25e00000,0x0000001b26300000)]
  0x0000011d1cd60000 JavaThread "AWT-Windows" daemon [_thread_in_native, id=20060, stack(0x0000001b26300000,0x0000001b26800000)]
  0x0000011d1cd63000 JavaThread "TimerQueue" daemon [_thread_blocked, id=10096, stack(0x0000001b26800000,0x0000001b26d00000)]
=>0x0000011d1cd61800 JavaThread "AWT-EventQueue-0" [_thread_in_native, id=6184, stack(0x0000001b27300000,0x0000001b27800000)]
  0x0000011d1840c800 JavaThread "Thread-1" [_thread_in_native, id=23996, stack(0x0000001b21500000,0x0000001b22900000)]
  0x0000011d1840d800 JavaThread "Process Messages Thread" [_thread_blocked, id=8168, stack(0x0000001b27d00000,0x0000001b28200000)]
  0x0000011d1840f000 JavaThread "Batik CleanerThread" daemon [_thread_blocked, id=22104, stack(0x0000001b28b00000,0x0000001b29000000)]
  0x0000011d18409800 JavaThread "SyntheticaCleanerThread" daemon [_thread_blocked, id=22944, stack(0x0000001b29500000,0x0000001b29a00000)]
  0x0000011d18410000 JavaThread "Monitor HEventQueue Thread" [_thread_blocked, id=11540, stack(0x0000001b29b00000,0x0000001b2a000000)]
  0x0000011d18411000 JavaThread "SyntheticaAnimation 50" daemon [_thread_blocked, id=21640, stack(0x0000001b2a000000,0x0000001b2a500000)]
  0x0000011d1840b000 JavaThread "SyntheticaAnimation 25" daemon [_thread_blocked, id=21812, stack(0x0000001b2a600000,0x0000001b2ab00000)]
  0x0000011d1840a000 JavaThread "SyntheticaAnimation 70" daemon [_thread_blocked, id=17184, stack(0x0000001b29000000,0x0000001b29500000)]
  0x0000011d18417800 JavaThread "hw_ila_monitor" [_thread_blocked, id=13080, stack(0x0000001b2b100000,0x0000001b2b600000)]
  0x0000011d18415800 JavaThread "pool-1-thread-1" [_thread_blocked, id=21424, stack(0x0000001b2c000000,0x0000001b2c500000)]
  0x0000011d18411800 JavaThread "pool-2-thread-1" [_thread_blocked, id=15892, stack(0x0000001b2c500000,0x0000001b2ca00000)]
  0x0000011d18416800 JavaThread "pool-3-thread-1" [_thread_blocked, id=16196, stack(0x0000001b2ca00000,0x0000001b2cf00000)]
  0x0000011d2eb9c800 JavaThread "SyntheticaAnimation 50" daemon [_thread_blocked, id=876, stack(0x0000001b2d600000,0x0000001b2db00000)]
  0x0000011d2eb99000 JavaThread "Image Animator 0" daemon [_thread_blocked, id=7952, stack(0x0000001b2e000000,0x0000001b2e500000)]
  0x0000011d2eb9a000 JavaThread "SyntheticaAnimation 50" daemon [_thread_blocked, id=23092, stack(0x0000001b26d00000,0x0000001b27200000)]
  0x0000011d2eb9b800 JavaThread "Swing-Shell" daemon [_thread_blocked, id=13544, stack(0x0000001b2ac00000,0x0000001b2b100000)]
  0x0000011d2eb9f800 JavaThread "pool-10-thread-1" [_thread_blocked, id=1128, stack(0x0000001b2db00000,0x0000001b2e000000)]
  0x0000011d2eba0800 JavaThread "pool-11-thread-1" [_thread_blocked, id=19244, stack(0x0000001b2e500000,0x0000001b2ea00000)]
  0x0000011d2eb9e800 JavaThread "pool-12-thread-1" [_thread_blocked, id=15396, stack(0x0000001b2ea00000,0x0000001b2ef00000)]
  0x0000011d2eb9d000 JavaThread "Refresh Filesets Swing Worker Thread" [_thread_blocked, id=21108, stack(0x0000001b2bb00000,0x0000001b2c000000)]
  0x0000011d2eb9e000 JavaThread "pool-15-thread-1" [_thread_blocked, id=24488, stack(0x0000001b2ef00000,0x0000001b2f400000)]
  0x0000011d2eb98000 JavaThread "pool-16-thread-1" [_thread_blocked, id=14156, stack(0x0000001b2f400000,0x0000001b2f900000)]
  0x0000011d2eba2000 JavaThread "pool-17-thread-1" [_thread_blocked, id=2888, stack(0x0000001b2f900000,0x0000001b2fe00000)]
  0x0000011d2eba1000 JavaThread "Update Runs Swing Worker Thread" [_thread_blocked, id=22584, stack(0x0000001b2fe00000,0x0000001b30300000)]
  0x0000011d2eb9a800 JavaThread "Timer-7" [_thread_blocked, id=17456, stack(0x0000001b2b600000,0x0000001b2bb00000)]
  0x0000011d2eba4800 JavaThread "Monitor File Timestamp Swing Worker Thread" [_thread_blocked, id=2756, stack(0x0000001b30300000,0x0000001b30800000)]
  0x0000011d2eb97800 JavaThread "Timer-9" [_thread_blocked, id=23244, stack(0x0000001b2cf00000,0x0000001b2d400000)]
  0x0000011d2eba5800 JavaThread "Monitor File Timestamp Swing Worker Thread" [_thread_blocked, id=12296, stack(0x0000001b31200000,0x0000001b31700000)]
  0x0000011d1840e800 JavaThread "Image Animator 0" daemon [_thread_blocked, id=21972, stack(0x0000001b30d00000,0x0000001b31200000)]
  0x0000011d18414000 JavaThread "Relaunch Simulation Thread" [_thread_blocked, id=12332, stack(0x0000001b30800000,0x0000001b30d00000)]

Other Threads:
  0x0000011d1ba51800 VMThread "VM Thread" [stack: 0x0000001b23100000,0x0000001b23200000] [id=10644]
  0x0000011d1cd80800 WatcherThread [stack: 0x0000001b25800000,0x0000001b25900000] [id=15000]
  0x0000011d1c2a0800 GCTaskThread "GC Thread#0" [stack: 0x0000001b22c00000,0x0000001b22d00000] [id=24548]
  0x0000011d18ff6000 GCTaskThread "GC Thread#1" [stack: 0x0000001b28200000,0x0000001b28300000] [id=11092]
  0x0000011d18574800 GCTaskThread "GC Thread#2" [stack: 0x0000001b28300000,0x0000001b28400000] [id=20832]
  0x0000011d18fa6000 GCTaskThread "GC Thread#3" [stack: 0x0000001b28400000,0x0000001b28500000] [id=1652]
  0x0000011d18fa7000 GCTaskThread "GC Thread#4" [stack: 0x0000001b28500000,0x0000001b28600000] [id=8720]
  0x0000011d17e2f000 GCTaskThread "GC Thread#5" [stack: 0x0000001b28600000,0x0000001b28700000] [id=20920]
  0x0000011d17e2a800 GCTaskThread "GC Thread#6" [stack: 0x0000001b28700000,0x0000001b28800000] [id=24188]
  0x0000011d17e30000 GCTaskThread "GC Thread#7" [stack: 0x0000001b28800000,0x0000001b28900000] [id=12280]
  0x0000011d17e30800 GCTaskThread "GC Thread#8" [stack: 0x0000001b28900000,0x0000001b28a00000] [id=18112]
  0x0000011d17e31000 GCTaskThread "GC Thread#9" [stack: 0x0000001b28a00000,0x0000001b28b00000] [id=12960]
  0x0000011d1e268800 ConcurrentGCThread "G1 Main Marker" [stack: 0x0000001b22d00000,0x0000001b22e00000] [id=6836]
  0x0000011d1e269000 ConcurrentGCThread "G1 Conc#0" [stack: 0x0000001b22e00000,0x0000001b22f00000] [id=18868]
  0x0000011d17a7b800 ConcurrentGCThread "G1 Conc#1" [stack: 0x0000001b27800000,0x0000001b27900000] [id=23960]
  0x0000011d17a7c000 ConcurrentGCThread "G1 Conc#2" [stack: 0x0000001b27900000,0x0000001b27a00000] [id=11968]
  0x0000011d013e8800 ConcurrentGCThread "G1 Refine#0" [stack: 0x0000001b22f00000,0x0000001b23000000] [id=16756]
  0x0000011d197b4000 ConcurrentGCThread "G1 Refine#1" [stack: 0x0000001b27a00000,0x0000001b27b00000] [id=7972]
  0x0000011d56673800 ConcurrentGCThread "G1 Refine#2" [stack: 0x0000001b2a500000,0x0000001b2a600000] [id=9232]
  0x0000011d56672000 ConcurrentGCThread "G1 Refine#3" [stack: 0x0000001b2ab00000,0x0000001b2ac00000] [id=21552]
  0x0000011d013e9000 ConcurrentGCThread "G1 Young RemSet Sampling" [stack: 0x0000001b23000000,0x0000001b23100000] [id=8624]

Threads with active compile tasks:

VM state:not at safepoint (normal execution)

VM Mutex/Monitor currently owned by a thread: None

Heap address: 0x0000000740000000, size: 3072 MB, Compressed Oops mode: Zero based, Oop shift amount: 3
Narrow klass base: 0x0000000800000000, Narrow klass shift: 0
Compressed class space size: 1073741824 Address: 0x0000000800000000

Heap:
 garbage-first heap   total 307200K, used 133606K [0x0000000740000000, 0x0000000800000000)
  region size 1024K, 42 young (43008K), 1 survivors (1024K)
 Metaspace       used 96472K, capacity 97525K, committed 101584K, reserved 1136640K
  class space    used 12636K, capacity 13043K, committed 14464K, reserved 1048576K
Heap Regions: E=young(eden), S=young(survivor), O=old, HS=humongous(starts), HC=humongous(continues), CS=collection set, F=free, A=archive, TAMS=top-at-mark-start (previous, next)
|   0|0x0000000740000000, 0x0000000740100000, 0x0000000740100000|100%|HS|  |TAMS 0x0000000740000000, 0x0000000740000000| Untracked 
|   1|0x0000000740100000, 0x0000000740200000, 0x0000000740200000|100%|HC|  |TAMS 0x0000000740100000, 0x0000000740100000| Untracked 
|   2|0x0000000740200000, 0x0000000740300000, 0x0000000740300000|100%|HS|  |TAMS 0x0000000740200000, 0x0000000740200000| Untracked 
|   3|0x0000000740300000, 0x00000007403ffff0, 0x0000000740400000| 99%| O|  |TAMS 0x0000000740300000, 0x0000000740300000| Untracked 
|   4|0x0000000740400000, 0x00000007404ffff8, 0x0000000740500000| 99%| O|  |TAMS 0x0000000740400000, 0x0000000740400000| Untracked 
|   5|0x0000000740500000, 0x00000007405ffff8, 0x0000000740600000| 99%| O|  |TAMS 0x0000000740500000, 0x0000000740500000| Untracked 
|   6|0x0000000740600000, 0x0000000740700000, 0x0000000740700000|100%| O|  |TAMS 0x0000000740600000, 0x0000000740600000| Untracked 
|   7|0x0000000740700000, 0x00000007407ffff0, 0x0000000740800000| 99%| O|  |TAMS 0x0000000740700000, 0x0000000740700000| Untracked 
|   8|0x0000000740800000, 0x0000000740900000, 0x0000000740900000|100%| O|  |TAMS 0x0000000740800000, 0x0000000740800000| Untracked 
|   9|0x0000000740900000, 0x0000000740a00000, 0x0000000740a00000|100%| O|  |TAMS 0x0000000740900000, 0x0000000740900000| Untracked 
|  10|0x0000000740a00000, 0x0000000740affff8, 0x0000000740b00000| 99%| O|  |TAMS 0x0000000740a00000, 0x0000000740a00000| Untracked 
|  11|0x0000000740b00000, 0x0000000740bffff8, 0x0000000740c00000| 99%| O|  |TAMS 0x0000000740b00000, 0x0000000740b00000| Untracked 
|  12|0x0000000740c00000, 0x0000000740d00000, 0x0000000740d00000|100%| O|  |TAMS 0x0000000740c00000, 0x0000000740c00000| Untracked 
|  13|0x0000000740d00000, 0x0000000740e00000, 0x0000000740e00000|100%| O|  |TAMS 0x0000000740d00000, 0x0000000740d00000| Untracked 
|  14|0x0000000740e00000, 0x0000000740effff8, 0x0000000740f00000| 99%| O|  |TAMS 0x0000000740e00000, 0x0000000740e00000| Untracked 
|  15|0x0000000740f00000, 0x0000000740fffff8, 0x0000000741000000| 99%| O|  |TAMS 0x0000000740f00000, 0x0000000740f00000| Untracked 
|  16|0x0000000741000000, 0x00000007410ffff8, 0x0000000741100000| 99%| O|  |TAMS 0x0000000741000000, 0x0000000741000000| Untracked 
|  17|0x0000000741100000, 0x00000007411ffff8, 0x0000000741200000| 99%| O|  |TAMS 0x0000000741100000, 0x0000000741100000| Untracked 
|  18|0x0000000741200000, 0x00000007412ffff8, 0x0000000741300000| 99%| O|  |TAMS 0x0000000741200000, 0x0000000741200000| Untracked 
|  19|0x0000000741300000, 0x0000000741400000, 0x0000000741400000|100%| O|  |TAMS 0x0000000741300000, 0x0000000741300000| Untracked 
|  20|0x0000000741400000, 0x00000007414ffff8, 0x0000000741500000| 99%| O|  |TAMS 0x0000000741400000, 0x0000000741400000| Untracked 
|  21|0x0000000741500000, 0x00000007415ffff8, 0x0000000741600000| 99%| O|  |TAMS 0x0000000741500000, 0x0000000741500000| Untracked 
|  22|0x0000000741600000, 0x0000000741700000, 0x0000000741700000|100%| O|  |TAMS 0x0000000741600000, 0x0000000741600000| Untracked 
|  23|0x0000000741700000, 0x0000000741800000, 0x0000000741800000|100%| O|  |TAMS 0x0000000741700000, 0x0000000741700000| Untracked 
|  24|0x0000000741800000, 0x00000007418ffff8, 0x0000000741900000| 99%| O|  |TAMS 0x0000000741800000, 0x0000000741800000| Untracked 
|  25|0x0000000741900000, 0x0000000741a00000, 0x0000000741a00000|100%| O|  |TAMS 0x0000000741900000, 0x0000000741900000| Untracked 
|  26|0x0000000741a00000, 0x0000000741b00000, 0x0000000741b00000|100%| O|  |TAMS 0x0000000741a00000, 0x0000000741a00000| Untracked 
|  27|0x0000000741b00000, 0x0000000741c00000, 0x0000000741c00000|100%| O|  |TAMS 0x0000000741b00000, 0x0000000741b00000| Untracked 
|  28|0x0000000741c00000, 0x0000000741d00000, 0x0000000741d00000|100%| O|  |TAMS 0x0000000741c00000, 0x0000000741c00000| Untracked 
|  29|0x0000000741d00000, 0x0000000741dffff8, 0x0000000741e00000| 99%| O|  |TAMS 0x0000000741d00000, 0x0000000741d00000| Untracked 
|  30|0x0000000741e00000, 0x0000000741effff8, 0x0000000741f00000| 99%| O|  |TAMS 0x0000000741e00000, 0x0000000741e00000| Untracked 
|  31|0x0000000741f00000, 0x0000000741fffff8, 0x0000000742000000| 99%| O|  |TAMS 0x0000000741f00000, 0x0000000741f00000| Untracked 
|  32|0x0000000742000000, 0x0000000742100000, 0x0000000742100000|100%| O|  |TAMS 0x0000000742000000, 0x0000000742000000| Untracked 
|  33|0x0000000742100000, 0x0000000742200000, 0x0000000742200000|100%| O|  |TAMS 0x0000000742100000, 0x0000000742100000| Untracked 
|  34|0x0000000742200000, 0x0000000742300000, 0x0000000742300000|100%| O|  |TAMS 0x0000000742200000, 0x0000000742200000| Untracked 
|  35|0x0000000742300000, 0x00000007423ffff8, 0x0000000742400000| 99%| O|  |TAMS 0x0000000742300000, 0x0000000742300000| Untracked 
|  36|0x0000000742400000, 0x00000007424fffe8, 0x0000000742500000| 99%| O|  |TAMS 0x0000000742400000, 0x0000000742400000| Untracked 
|  37|0x0000000742500000, 0x00000007425ffff8, 0x0000000742600000| 99%| O|  |TAMS 0x0000000742500000, 0x0000000742500000| Untracked 
|  38|0x0000000742600000, 0x0000000742700000, 0x0000000742700000|100%|HS|  |TAMS 0x0000000742600000, 0x0000000742600000| Untracked 
|  39|0x0000000742700000, 0x0000000742800000, 0x0000000742800000|100%|HC|  |TAMS 0x0000000742700000, 0x0000000742700000| Untracked 
|  40|0x0000000742800000, 0x0000000742900000, 0x0000000742900000|100%|HC|  |TAMS 0x0000000742800000, 0x0000000742800000| Untracked 
|  41|0x0000000742900000, 0x0000000742a00000, 0x0000000742a00000|100%|HC|  |TAMS 0x0000000742900000, 0x0000000742900000| Untracked 
|  42|0x0000000742a00000, 0x0000000742b00000, 0x0000000742b00000|100%|HC|  |TAMS 0x0000000742a00000, 0x0000000742a00000| Untracked 
|  43|0x0000000742b00000, 0x0000000742c00000, 0x0000000742c00000|100%|HC|  |TAMS 0x0000000742b00000, 0x0000000742b00000| Untracked 
|  44|0x0000000742c00000, 0x0000000742d00000, 0x0000000742d00000|100%|HC|  |TAMS 0x0000000742c00000, 0x0000000742c00000| Untracked 
|  45|0x0000000742d00000, 0x0000000742e00000, 0x0000000742e00000|100%|HC|  |TAMS 0x0000000742d00000, 0x0000000742d00000| Untracked 
|  46|0x0000000742e00000, 0x0000000742effff8, 0x0000000742f00000| 99%| O|  |TAMS 0x0000000742e00000, 0x0000000742e00000| Untracked 
|  47|0x0000000742f00000, 0x0000000742fffff0, 0x0000000743000000| 99%| O|  |TAMS 0x0000000742f00000, 0x0000000742f00000| Untracked 
|  48|0x0000000743000000, 0x0000000743100000, 0x0000000743100000|100%| O|  |TAMS 0x0000000743000000, 0x0000000743000000| Untracked 
|  49|0x0000000743100000, 0x00000007431ffff8, 0x0000000743200000| 99%| O|  |TAMS 0x0000000743100000, 0x0000000743100000| Untracked 
|  50|0x0000000743200000, 0x00000007432ffff8, 0x0000000743300000| 99%| O|  |TAMS 0x0000000743200000, 0x0000000743200000| Untracked 
|  51|0x0000000743300000, 0x00000007433ffff0, 0x0000000743400000| 99%| O|  |TAMS 0x0000000743300000, 0x0000000743300000| Untracked 
|  52|0x0000000743400000, 0x00000007434ffff8, 0x0000000743500000| 99%| O|  |TAMS 0x0000000743400000, 0x0000000743400000| Untracked 
|  53|0x0000000743500000, 0x0000000743600000, 0x0000000743600000|100%| O|  |TAMS 0x0000000743500000, 0x0000000743500000| Untracked 
|  54|0x0000000743600000, 0x00000007436ffff8, 0x0000000743700000| 99%| O|  |TAMS 0x0000000743600000, 0x0000000743600000| Untracked 
|  55|0x0000000743700000, 0x00000007437ffff0, 0x0000000743800000| 99%| O|  |TAMS 0x0000000743700000, 0x0000000743700000| Untracked 
|  56|0x0000000743800000, 0x00000007438ffff0, 0x0000000743900000| 99%| O|  |TAMS 0x0000000743800000, 0x0000000743800000| Untracked 
|  57|0x0000000743900000, 0x00000007439ffff8, 0x0000000743a00000| 99%| O|  |TAMS 0x0000000743900000, 0x0000000743900000| Untracked 
|  58|0x0000000743a00000, 0x0000000743b00000, 0x0000000743b00000|100%| O|  |TAMS 0x0000000743a00000, 0x0000000743a00000| Untracked 
|  59|0x0000000743b00000, 0x0000000743bffff0, 0x0000000743c00000| 99%| O|  |TAMS 0x0000000743b00000, 0x0000000743b00000| Untracked 
|  60|0x0000000743c00000, 0x0000000743d00000, 0x0000000743d00000|100%| O|  |TAMS 0x0000000743c00000, 0x0000000743c00000| Untracked 
|  61|0x0000000743d00000, 0x0000000743e00000, 0x0000000743e00000|100%| O|  |TAMS 0x0000000743d00000, 0x0000000743d00000| Untracked 
|  62|0x0000000743e00000, 0x0000000743efffe8, 0x0000000743f00000| 99%| O|  |TAMS 0x0000000743e00000, 0x0000000743e00000| Untracked 
|  63|0x0000000743f00000, 0x0000000743fffff8, 0x0000000744000000| 99%| O|  |TAMS 0x0000000743f00000, 0x0000000743f00000| Untracked 
|  64|0x0000000744000000, 0x00000007440ffff8, 0x0000000744100000| 99%| O|  |TAMS 0x0000000744000000, 0x0000000744000000| Untracked 
|  65|0x0000000744100000, 0x00000007441fffd0, 0x0000000744200000| 99%| O|  |TAMS 0x0000000744100000, 0x0000000744100000| Untracked 
|  66|0x0000000744200000, 0x00000007442ffff8, 0x0000000744300000| 99%| O|  |TAMS 0x0000000744200000, 0x0000000744200000| Untracked 
|  67|0x0000000744300000, 0x00000007443ffff8, 0x0000000744400000| 99%| O|  |TAMS 0x0000000744300000, 0x0000000744300000| Untracked 
|  68|0x0000000744400000, 0x00000007444ffff8, 0x0000000744500000| 99%| O|  |TAMS 0x0000000744400000, 0x0000000744400000| Untracked 
|  69|0x0000000744500000, 0x00000007445ffff8, 0x0000000744600000| 99%| O|  |TAMS 0x0000000744500000, 0x0000000744500000| Untracked 
|  70|0x0000000744600000, 0x0000000744700000, 0x0000000744700000|100%| O|  |TAMS 0x0000000744600000, 0x0000000744600000| Untracked 
|  71|0x0000000744700000, 0x00000007447ffff0, 0x0000000744800000| 99%| O|  |TAMS 0x0000000744700000, 0x0000000744700000| Untracked 
|  72|0x0000000744800000, 0x0000000744900000, 0x0000000744900000|100%| O|  |TAMS 0x0000000744800000, 0x0000000744800000| Untracked 
|  73|0x0000000744900000, 0x00000007449ffff8, 0x0000000744a00000| 99%| O|  |TAMS 0x0000000744900000, 0x0000000744900000| Untracked 
|  74|0x0000000744a00000, 0x0000000744affff8, 0x0000000744b00000| 99%| O|  |TAMS 0x0000000744a00000, 0x0000000744a00000| Untracked 
|  75|0x0000000744b00000, 0x0000000744bffff8, 0x0000000744c00000| 99%| O|  |TAMS 0x0000000744b00000, 0x0000000744b00000| Untracked 
|  76|0x0000000744c00000, 0x0000000744cffff0, 0x0000000744d00000| 99%| O|  |TAMS 0x0000000744c00000, 0x0000000744c00000| Untracked 
|  77|0x0000000744d00000, 0x0000000744e00000, 0x0000000744e00000|100%| O|  |TAMS 0x0000000744d00000, 0x0000000744d00000| Untracked 
|  78|0x0000000744e00000, 0x0000000744efffe8, 0x0000000744f00000| 99%| O|  |TAMS 0x0000000744e00000, 0x0000000744e00000| Untracked 
|  79|0x0000000744f00000, 0x0000000744fffff8, 0x0000000745000000| 99%| O|  |TAMS 0x0000000744f00000, 0x0000000744f00000| Untracked 
|  80|0x0000000745000000, 0x00000007450ffff8, 0x0000000745100000| 99%| O|  |TAMS 0x0000000745000000, 0x0000000745000000| Untracked 
|  81|0x0000000745100000, 0x00000007451ffff0, 0x0000000745200000| 99%| O|  |TAMS 0x0000000745100000, 0x0000000745100000| Untracked 
|  82|0x0000000745200000, 0x0000000745300000, 0x0000000745300000|100%| O|  |TAMS 0x0000000745200000, 0x0000000745200000| Untracked 
|  83|0x0000000745300000, 0x00000007453fffa8, 0x0000000745400000| 99%| O|  |TAMS 0x0000000745300000, 0x0000000745300000| Untracked 
|  84|0x0000000745400000, 0x00000007454f9e88, 0x0000000745500000| 97%| O|  |TAMS 0x0000000745400000, 0x0000000745400000| Untracked 
|  85|0x0000000745500000, 0x00000007455d9848, 0x0000000745600000| 84%| O|  |TAMS 0x0000000745500000, 0x0000000745500000| Untracked 
|  86|0x0000000745600000, 0x00000007456cf910, 0x0000000745700000| 81%| O|  |TAMS 0x0000000745600000, 0x0000000745600000| Untracked 
|  87|0x0000000745700000, 0x00000007457e58e0, 0x0000000745800000| 89%| O|  |TAMS 0x0000000745700000, 0x0000000745700000| Untracked 
|  88|0x0000000745800000, 0x0000000745805e58, 0x0000000745900000|  2%| O|  |TAMS 0x0000000745800000, 0x0000000745800000| Untracked 
|  89|0x0000000745900000, 0x0000000745900000, 0x0000000745a00000|  0%| F|  |TAMS 0x0000000745900000, 0x0000000745900000| Untracked 
|  90|0x0000000745a00000, 0x0000000745a00000, 0x0000000745b00000|  0%| F|  |TAMS 0x0000000745a00000, 0x0000000745a00000| Untracked 
|  91|0x0000000745b00000, 0x0000000745b00000, 0x0000000745c00000|  0%| F|  |TAMS 0x0000000745b00000, 0x0000000745b00000| Untracked 
|  92|0x0000000745c00000, 0x0000000745c00000, 0x0000000745d00000|  0%| F|  |TAMS 0x0000000745c00000, 0x0000000745c00000| Untracked 
|  93|0x0000000745d00000, 0x0000000745d00000, 0x0000000745e00000|  0%| F|  |TAMS 0x0000000745d00000, 0x0000000745d00000| Untracked 
|  94|0x0000000745e00000, 0x0000000745e00000, 0x0000000745f00000|  0%| F|  |TAMS 0x0000000745e00000, 0x0000000745e00000| Untracked 
|  95|0x0000000745f00000, 0x0000000745f00000, 0x0000000746000000|  0%| F|  |TAMS 0x0000000745f00000, 0x0000000745f00000| Untracked 
|  96|0x0000000746000000, 0x0000000746000000, 0x0000000746100000|  0%| F|  |TAMS 0x0000000746000000, 0x0000000746000000| Untracked 
|  97|0x0000000746100000, 0x0000000746100000, 0x0000000746200000|  0%| F|  |TAMS 0x0000000746100000, 0x0000000746100000| Untracked 
|  98|0x0000000746200000, 0x0000000746200000, 0x0000000746300000|  0%| F|  |TAMS 0x0000000746200000, 0x0000000746200000| Untracked 
|  99|0x0000000746300000, 0x0000000746300000, 0x0000000746400000|  0%| F|  |TAMS 0x0000000746300000, 0x0000000746300000| Untracked 
| 100|0x0000000746400000, 0x0000000746400000, 0x0000000746500000|  0%| F|  |TAMS 0x0000000746400000, 0x0000000746400000| Untracked 
| 101|0x0000000746500000, 0x0000000746600000, 0x0000000746600000|100%|HS|  |TAMS 0x0000000746500000, 0x0000000746500000| Untracked 
| 102|0x0000000746600000, 0x0000000746700000, 0x0000000746700000|100%|HC|  |TAMS 0x0000000746600000, 0x0000000746600000| Untracked 
| 103|0x0000000746700000, 0x0000000746700000, 0x0000000746800000|  0%| F|  |TAMS 0x0000000746700000, 0x0000000746700000| Untracked 
| 104|0x0000000746800000, 0x0000000746800000, 0x0000000746900000|  0%| F|  |TAMS 0x0000000746800000, 0x0000000746800000| Untracked 
| 105|0x0000000746900000, 0x0000000746900000, 0x0000000746a00000|  0%| F|  |TAMS 0x0000000746900000, 0x0000000746900000| Untracked 
| 106|0x0000000746a00000, 0x0000000746a00000, 0x0000000746b00000|  0%| F|  |TAMS 0x0000000746a00000, 0x0000000746a00000| Untracked 
| 107|0x0000000746b00000, 0x0000000746b00000, 0x0000000746c00000|  0%| F|  |TAMS 0x0000000746b00000, 0x0000000746b00000| Untracked 
| 108|0x0000000746c00000, 0x0000000746c00000, 0x0000000746d00000|  0%| F|  |TAMS 0x0000000746c00000, 0x0000000746c00000| Untracked 
| 109|0x0000000746d00000, 0x0000000746d00000, 0x0000000746e00000|  0%| F|  |TAMS 0x0000000746d00000, 0x0000000746d00000| Untracked 
| 110|0x0000000746e00000, 0x0000000746e00000, 0x0000000746f00000|  0%| F|  |TAMS 0x0000000746e00000, 0x0000000746e00000| Untracked 
| 111|0x0000000746f00000, 0x0000000746f00000, 0x0000000747000000|  0%| F|  |TAMS 0x0000000746f00000, 0x0000000746f00000| Untracked 
| 112|0x0000000747000000, 0x0000000747000000, 0x0000000747100000|  0%| F|  |TAMS 0x0000000747000000, 0x0000000747000000| Untracked 
| 113|0x0000000747100000, 0x0000000747100000, 0x0000000747200000|  0%| F|  |TAMS 0x0000000747100000, 0x0000000747100000| Untracked 
| 114|0x0000000747200000, 0x0000000747200000, 0x0000000747300000|  0%| F|  |TAMS 0x0000000747200000, 0x0000000747200000| Untracked 
| 115|0x0000000747300000, 0x0000000747300000, 0x0000000747400000|  0%| F|  |TAMS 0x0000000747300000, 0x0000000747300000| Untracked 
| 116|0x0000000747400000, 0x0000000747400000, 0x0000000747500000|  0%| F|  |TAMS 0x0000000747400000, 0x0000000747400000| Untracked 
| 117|0x0000000747500000, 0x0000000747500000, 0x0000000747600000|  0%| F|  |TAMS 0x0000000747500000, 0x0000000747500000| Untracked 
| 118|0x0000000747600000, 0x0000000747600000, 0x0000000747700000|  0%| F|  |TAMS 0x0000000747600000, 0x0000000747600000| Untracked 
| 119|0x0000000747700000, 0x0000000747700000, 0x0000000747800000|  0%| F|  |TAMS 0x0000000747700000, 0x0000000747700000| Untracked 
| 120|0x0000000747800000, 0x0000000747800000, 0x0000000747900000|  0%| F|  |TAMS 0x0000000747800000, 0x0000000747800000| Untracked 
| 121|0x0000000747900000, 0x0000000747900000, 0x0000000747a00000|  0%| F|  |TAMS 0x0000000747900000, 0x0000000747900000| Untracked 
| 122|0x0000000747a00000, 0x0000000747a00000, 0x0000000747b00000|  0%| F|  |TAMS 0x0000000747a00000, 0x0000000747a00000| Untracked 
| 123|0x0000000747b00000, 0x0000000747b00000, 0x0000000747c00000|  0%| F|  |TAMS 0x0000000747b00000, 0x0000000747b00000| Untracked 
| 124|0x0000000747c00000, 0x0000000747c00000, 0x0000000747d00000|  0%| F|  |TAMS 0x0000000747c00000, 0x0000000747c00000| Untracked 
| 125|0x0000000747d00000, 0x0000000747d00000, 0x0000000747e00000|  0%| F|  |TAMS 0x0000000747d00000, 0x0000000747d00000| Untracked 
| 126|0x0000000747e00000, 0x0000000747e00000, 0x0000000747f00000|  0%| F|  |TAMS 0x0000000747e00000, 0x0000000747e00000| Untracked 
| 127|0x0000000747f00000, 0x0000000747f00000, 0x0000000748000000|  0%| F|  |TAMS 0x0000000747f00000, 0x0000000747f00000| Untracked 
| 128|0x0000000748000000, 0x0000000748000000, 0x0000000748100000|  0%| F|  |TAMS 0x0000000748000000, 0x0000000748000000| Untracked 
| 129|0x0000000748100000, 0x0000000748100000, 0x0000000748200000|  0%| F|  |TAMS 0x0000000748100000, 0x0000000748100000| Untracked 
| 130|0x0000000748200000, 0x0000000748200000, 0x0000000748300000|  0%| F|  |TAMS 0x0000000748200000, 0x0000000748200000| Untracked 
| 131|0x0000000748300000, 0x0000000748300000, 0x0000000748400000|  0%| F|  |TAMS 0x0000000748300000, 0x0000000748300000| Untracked 
| 132|0x0000000748400000, 0x0000000748400000, 0x0000000748500000|  0%| F|  |TAMS 0x0000000748400000, 0x0000000748400000| Untracked 
| 133|0x0000000748500000, 0x0000000748500000, 0x0000000748600000|  0%| F|  |TAMS 0x0000000748500000, 0x0000000748500000| Untracked 
| 134|0x0000000748600000, 0x0000000748600000, 0x0000000748700000|  0%| F|  |TAMS 0x0000000748600000, 0x0000000748600000| Untracked 
| 135|0x0000000748700000, 0x0000000748700000, 0x0000000748800000|  0%| F|  |TAMS 0x0000000748700000, 0x0000000748700000| Untracked 
| 136|0x0000000748800000, 0x0000000748800000, 0x0000000748900000|  0%| F|  |TAMS 0x0000000748800000, 0x0000000748800000| Untracked 
| 137|0x0000000748900000, 0x0000000748900000, 0x0000000748a00000|  0%| F|  |TAMS 0x0000000748900000, 0x0000000748900000| Untracked 
| 138|0x0000000748a00000, 0x0000000748a00000, 0x0000000748b00000|  0%| F|  |TAMS 0x0000000748a00000, 0x0000000748a00000| Untracked 
| 139|0x0000000748b00000, 0x0000000748b00000, 0x0000000748c00000|  0%| F|  |TAMS 0x0000000748b00000, 0x0000000748b00000| Untracked 
| 140|0x0000000748c00000, 0x0000000748c00000, 0x0000000748d00000|  0%| F|  |TAMS 0x0000000748c00000, 0x0000000748c00000| Untracked 
| 141|0x0000000748d00000, 0x0000000748d00000, 0x0000000748e00000|  0%| F|  |TAMS 0x0000000748d00000, 0x0000000748d00000| Untracked 
| 142|0x0000000748e00000, 0x0000000748e00000, 0x0000000748f00000|  0%| F|  |TAMS 0x0000000748e00000, 0x0000000748e00000| Untracked 
| 143|0x0000000748f00000, 0x0000000748f00000, 0x0000000749000000|  0%| F|  |TAMS 0x0000000748f00000, 0x0000000748f00000| Untracked 
| 144|0x0000000749000000, 0x0000000749000000, 0x0000000749100000|  0%| F|  |TAMS 0x0000000749000000, 0x0000000749000000| Untracked 
| 145|0x0000000749100000, 0x0000000749100000, 0x0000000749200000|  0%| F|  |TAMS 0x0000000749100000, 0x0000000749100000| Untracked 
| 146|0x0000000749200000, 0x0000000749200000, 0x0000000749300000|  0%| F|  |TAMS 0x0000000749200000, 0x0000000749200000| Untracked 
| 147|0x0000000749300000, 0x0000000749300000, 0x0000000749400000|  0%| F|  |TAMS 0x0000000749300000, 0x0000000749300000| Untracked 
| 148|0x0000000749400000, 0x0000000749400000, 0x0000000749500000|  0%| F|  |TAMS 0x0000000749400000, 0x0000000749400000| Untracked 
| 149|0x0000000749500000, 0x0000000749500000, 0x0000000749600000|  0%| F|  |TAMS 0x0000000749500000, 0x0000000749500000| Untracked 
| 150|0x0000000749600000, 0x0000000749600000, 0x0000000749700000|  0%| F|  |TAMS 0x0000000749600000, 0x0000000749600000| Untracked 
| 151|0x0000000749700000, 0x0000000749700000, 0x0000000749800000|  0%| F|  |TAMS 0x0000000749700000, 0x0000000749700000| Untracked 
| 152|0x0000000749800000, 0x0000000749800000, 0x0000000749900000|  0%| F|  |TAMS 0x0000000749800000, 0x0000000749800000| Untracked 
| 153|0x0000000749900000, 0x0000000749900000, 0x0000000749a00000|  0%| F|  |TAMS 0x0000000749900000, 0x0000000749900000| Untracked 
| 154|0x0000000749a00000, 0x0000000749a00000, 0x0000000749b00000|  0%| F|  |TAMS 0x0000000749a00000, 0x0000000749a00000| Untracked 
| 155|0x0000000749b00000, 0x0000000749b00000, 0x0000000749c00000|  0%| F|  |TAMS 0x0000000749b00000, 0x0000000749b00000| Untracked 
| 156|0x0000000749c00000, 0x0000000749c00000, 0x0000000749d00000|  0%| F|  |TAMS 0x0000000749c00000, 0x0000000749c00000| Untracked 
| 157|0x0000000749d00000, 0x0000000749d00000, 0x0000000749e00000|  0%| F|  |TAMS 0x0000000749d00000, 0x0000000749d00000| Untracked 
| 158|0x0000000749e00000, 0x0000000749e00000, 0x0000000749f00000|  0%| F|  |TAMS 0x0000000749e00000, 0x0000000749e00000| Untracked 
| 159|0x0000000749f00000, 0x0000000749f00000, 0x000000074a000000|  0%| F|  |TAMS 0x0000000749f00000, 0x0000000749f00000| Untracked 
| 160|0x000000074a000000, 0x000000074a000000, 0x000000074a100000|  0%| F|  |TAMS 0x000000074a000000, 0x000000074a000000| Untracked 
| 161|0x000000074a100000, 0x000000074a100000, 0x000000074a200000|  0%| F|  |TAMS 0x000000074a100000, 0x000000074a100000| Untracked 
| 162|0x000000074a200000, 0x000000074a200000, 0x000000074a300000|  0%| F|  |TAMS 0x000000074a200000, 0x000000074a200000| Untracked 
| 163|0x000000074a300000, 0x000000074a300000, 0x000000074a400000|  0%| F|  |TAMS 0x000000074a300000, 0x000000074a300000| Untracked 
| 164|0x000000074a400000, 0x000000074a400000, 0x000000074a500000|  0%| F|  |TAMS 0x000000074a400000, 0x000000074a400000| Untracked 
| 165|0x000000074a500000, 0x000000074a500000, 0x000000074a600000|  0%| F|  |TAMS 0x000000074a500000, 0x000000074a500000| Untracked 
| 166|0x000000074a600000, 0x000000074a600000, 0x000000074a700000|  0%| F|  |TAMS 0x000000074a600000, 0x000000074a600000| Untracked 
| 167|0x000000074a700000, 0x000000074a700000, 0x000000074a800000|  0%| F|  |TAMS 0x000000074a700000, 0x000000074a700000| Untracked 
| 168|0x000000074a800000, 0x000000074a800000, 0x000000074a900000|  0%| F|  |TAMS 0x000000074a800000, 0x000000074a800000| Untracked 
| 169|0x000000074a900000, 0x000000074a900000, 0x000000074aa00000|  0%| F|  |TAMS 0x000000074a900000, 0x000000074a900000| Untracked 
| 170|0x000000074aa00000, 0x000000074aa00000, 0x000000074ab00000|  0%| F|  |TAMS 0x000000074aa00000, 0x000000074aa00000| Untracked 
| 171|0x000000074ab00000, 0x000000074ab00000, 0x000000074ac00000|  0%| F|  |TAMS 0x000000074ab00000, 0x000000074ab00000| Untracked 
| 172|0x000000074ac00000, 0x000000074ac00000, 0x000000074ad00000|  0%| F|  |TAMS 0x000000074ac00000, 0x000000074ac00000| Untracked 
| 173|0x000000074ad00000, 0x000000074ad00000, 0x000000074ae00000|  0%| F|  |TAMS 0x000000074ad00000, 0x000000074ad00000| Untracked 
| 174|0x000000074ae00000, 0x000000074ae00000, 0x000000074af00000|  0%| F|  |TAMS 0x000000074ae00000, 0x000000074ae00000| Untracked 
| 175|0x000000074af00000, 0x000000074af06988, 0x000000074b000000|  2%| O|  |TAMS 0x000000074af00000, 0x000000074af00000| Untracked 
| 176|0x000000074b000000, 0x000000074b000000, 0x000000074b100000|  0%| F|  |TAMS 0x000000074b000000, 0x000000074b000000| Untracked 
| 177|0x000000074b100000, 0x000000074b100000, 0x000000074b200000|  0%| F|  |TAMS 0x000000074b100000, 0x000000074b100000| Untracked 
| 178|0x000000074b200000, 0x000000074b200000, 0x000000074b300000|  0%| F|  |TAMS 0x000000074b200000, 0x000000074b200000| Untracked 
| 179|0x000000074b300000, 0x000000074b300000, 0x000000074b400000|  0%| F|  |TAMS 0x000000074b300000, 0x000000074b300000| Untracked 
| 180|0x000000074b400000, 0x000000074b400000, 0x000000074b500000|  0%| F|  |TAMS 0x000000074b400000, 0x000000074b400000| Untracked 
| 181|0x000000074b500000, 0x000000074b500000, 0x000000074b600000|  0%| F|  |TAMS 0x000000074b500000, 0x000000074b500000| Untracked 
| 182|0x000000074b600000, 0x000000074b600000, 0x000000074b700000|  0%| F|  |TAMS 0x000000074b600000, 0x000000074b600000| Untracked 
| 183|0x000000074b700000, 0x000000074b700000, 0x000000074b800000|  0%| F|  |TAMS 0x000000074b700000, 0x000000074b700000| Untracked 
| 184|0x000000074b800000, 0x000000074b800000, 0x000000074b900000|  0%| F|  |TAMS 0x000000074b800000, 0x000000074b800000| Untracked 
| 185|0x000000074b900000, 0x000000074b900000, 0x000000074ba00000|  0%| F|  |TAMS 0x000000074b900000, 0x000000074b900000| Untracked 
| 186|0x000000074ba00000, 0x000000074ba00000, 0x000000074bb00000|  0%| F|  |TAMS 0x000000074ba00000, 0x000000074ba00000| Untracked 
| 187|0x000000074bb00000, 0x000000074bb00000, 0x000000074bc00000|  0%| F|  |TAMS 0x000000074bb00000, 0x000000074bb00000| Untracked 
| 188|0x000000074bc00000, 0x000000074bc00000, 0x000000074bd00000|  0%| F|  |TAMS 0x000000074bc00000, 0x000000074bc00000| Untracked 
| 189|0x000000074bd00000, 0x000000074bd00000, 0x000000074be00000|  0%| F|  |TAMS 0x000000074bd00000, 0x000000074bd00000| Untracked 
| 190|0x000000074be00000, 0x000000074be00000, 0x000000074bf00000|  0%| F|  |TAMS 0x000000074be00000, 0x000000074be00000| Untracked 
| 191|0x000000074bf00000, 0x000000074bf00000, 0x000000074c000000|  0%| F|  |TAMS 0x000000074bf00000, 0x000000074bf00000| Untracked 
| 192|0x000000074c000000, 0x000000074c000000, 0x000000074c100000|  0%| F|  |TAMS 0x000000074c000000, 0x000000074c000000| Untracked 
| 193|0x000000074c100000, 0x000000074c100000, 0x000000074c200000|  0%| F|  |TAMS 0x000000074c100000, 0x000000074c100000| Untracked 
| 194|0x000000074c200000, 0x000000074c200000, 0x000000074c300000|  0%| F|  |TAMS 0x000000074c200000, 0x000000074c200000| Untracked 
| 195|0x000000074c300000, 0x000000074c300000, 0x000000074c400000|  0%| F|  |TAMS 0x000000074c300000, 0x000000074c300000| Untracked 
| 196|0x000000074c400000, 0x000000074c400000, 0x000000074c500000|  0%| F|  |TAMS 0x000000074c400000, 0x000000074c400000| Untracked 
| 197|0x000000074c500000, 0x000000074c500000, 0x000000074c600000|  0%| F|  |TAMS 0x000000074c500000, 0x000000074c500000| Untracked 
| 198|0x000000074c600000, 0x000000074c600000, 0x000000074c700000|  0%| F|  |TAMS 0x000000074c600000, 0x000000074c600000| Untracked 
| 199|0x000000074c700000, 0x000000074c700000, 0x000000074c800000|  0%| F|  |TAMS 0x000000074c700000, 0x000000074c700000| Untracked 
| 200|0x000000074c800000, 0x000000074c800000, 0x000000074c900000|  0%| F|  |TAMS 0x000000074c800000, 0x000000074c800000| Untracked 
| 201|0x000000074c900000, 0x000000074c900000, 0x000000074ca00000|  0%| F|  |TAMS 0x000000074c900000, 0x000000074c900000| Untracked 
| 202|0x000000074ca00000, 0x000000074ca00000, 0x000000074cb00000|  0%| F|  |TAMS 0x000000074ca00000, 0x000000074ca00000| Untracked 
| 203|0x000000074cb00000, 0x000000074cb00000, 0x000000074cc00000|  0%| F|  |TAMS 0x000000074cb00000, 0x000000074cb00000| Untracked 
| 204|0x000000074cc00000, 0x000000074cc00000, 0x000000074cd00000|  0%| F|  |TAMS 0x000000074cc00000, 0x000000074cc00000| Untracked 
| 205|0x000000074cd00000, 0x000000074cd00000, 0x000000074ce00000|  0%| F|  |TAMS 0x000000074cd00000, 0x000000074cd00000| Untracked 
| 206|0x000000074ce00000, 0x000000074ce00000, 0x000000074cf00000|  0%| F|  |TAMS 0x000000074ce00000, 0x000000074ce00000| Untracked 
| 207|0x000000074cf00000, 0x000000074cf00000, 0x000000074d000000|  0%| F|  |TAMS 0x000000074cf00000, 0x000000074cf00000| Untracked 
| 208|0x000000074d000000, 0x000000074d0115f0, 0x000000074d100000|  6%| O|  |TAMS 0x000000074d000000, 0x000000074d000000| Untracked 
| 209|0x000000074d100000, 0x000000074d100000, 0x000000074d200000|  0%| F|  |TAMS 0x000000074d100000, 0x000000074d100000| Untracked 
| 210|0x000000074d200000, 0x000000074d200000, 0x000000074d300000|  0%| F|  |TAMS 0x000000074d200000, 0x000000074d200000| Untracked 
| 211|0x000000074d300000, 0x000000074d300000, 0x000000074d400000|  0%| F|  |TAMS 0x000000074d300000, 0x000000074d300000| Untracked 
| 212|0x000000074d400000, 0x000000074d400000, 0x000000074d500000|  0%| F|  |TAMS 0x000000074d400000, 0x000000074d400000| Untracked 
| 213|0x000000074d500000, 0x000000074d500000, 0x000000074d600000|  0%| F|  |TAMS 0x000000074d500000, 0x000000074d500000| Untracked 
| 214|0x000000074d600000, 0x000000074d600000, 0x000000074d700000|  0%| F|  |TAMS 0x000000074d600000, 0x000000074d600000| Untracked 
| 215|0x000000074d700000, 0x000000074d700000, 0x000000074d800000|  0%| F|  |TAMS 0x000000074d700000, 0x000000074d700000| Untracked 
| 216|0x000000074d800000, 0x000000074d800000, 0x000000074d900000|  0%| F|  |TAMS 0x000000074d800000, 0x000000074d800000| Untracked 
| 217|0x000000074d900000, 0x000000074d900000, 0x000000074da00000|  0%| F|  |TAMS 0x000000074d900000, 0x000000074d900000| Untracked 
| 218|0x000000074da00000, 0x000000074da00000, 0x000000074db00000|  0%| F|  |TAMS 0x000000074da00000, 0x000000074da00000| Untracked 
| 219|0x000000074db00000, 0x000000074db00000, 0x000000074dc00000|  0%| F|  |TAMS 0x000000074db00000, 0x000000074db00000| Untracked 
| 220|0x000000074dc00000, 0x000000074dc00000, 0x000000074dd00000|  0%| F|  |TAMS 0x000000074dc00000, 0x000000074dc00000| Untracked 
| 221|0x000000074dd00000, 0x000000074dd00000, 0x000000074de00000|  0%| F|  |TAMS 0x000000074dd00000, 0x000000074dd00000| Untracked 
| 222|0x000000074de00000, 0x000000074de00000, 0x000000074df00000|  0%| F|  |TAMS 0x000000074de00000, 0x000000074de00000| Untracked 
| 223|0x000000074df00000, 0x000000074df00000, 0x000000074e000000|  0%| F|  |TAMS 0x000000074df00000, 0x000000074df00000| Untracked 
| 224|0x000000074e000000, 0x000000074e000000, 0x000000074e100000|  0%| F|  |TAMS 0x000000074e000000, 0x000000074e000000| Untracked 
| 225|0x000000074e100000, 0x000000074e100000, 0x000000074e200000|  0%| F|  |TAMS 0x000000074e100000, 0x000000074e100000| Untracked 
| 226|0x000000074e200000, 0x000000074e200000, 0x000000074e300000|  0%| F|  |TAMS 0x000000074e200000, 0x000000074e200000| Untracked 
| 227|0x000000074e300000, 0x000000074e300000, 0x000000074e400000|  0%| F|  |TAMS 0x000000074e300000, 0x000000074e300000| Untracked 
| 228|0x000000074e400000, 0x000000074e400000, 0x000000074e500000|  0%| F|  |TAMS 0x000000074e400000, 0x000000074e400000| Untracked 
| 229|0x000000074e500000, 0x000000074e500000, 0x000000074e600000|  0%| F|  |TAMS 0x000000074e500000, 0x000000074e500000| Untracked 
| 230|0x000000074e600000, 0x000000074e600000, 0x000000074e700000|  0%| F|  |TAMS 0x000000074e600000, 0x000000074e600000| Untracked 
| 231|0x000000074e700000, 0x000000074e700000, 0x000000074e800000|  0%| F|  |TAMS 0x000000074e700000, 0x000000074e700000| Untracked 
| 232|0x000000074e800000, 0x000000074e800000, 0x000000074e900000|  0%| F|  |TAMS 0x000000074e800000, 0x000000074e800000| Untracked 
| 233|0x000000074e900000, 0x000000074e900000, 0x000000074ea00000|  0%| F|  |TAMS 0x000000074e900000, 0x000000074e900000| Untracked 
| 234|0x000000074ea00000, 0x000000074ea00000, 0x000000074eb00000|  0%| F|  |TAMS 0x000000074ea00000, 0x000000074ea00000| Untracked 
| 235|0x000000074eb00000, 0x000000074eb00000, 0x000000074ec00000|  0%| F|  |TAMS 0x000000074eb00000, 0x000000074eb00000| Untracked 
| 236|0x000000074ec00000, 0x000000074ec00000, 0x000000074ed00000|  0%| F|  |TAMS 0x000000074ec00000, 0x000000074ec00000| Untracked 
| 237|0x000000074ed00000, 0x000000074ed00000, 0x000000074ee00000|  0%| F|  |TAMS 0x000000074ed00000, 0x000000074ed00000| Untracked 
| 238|0x000000074ee00000, 0x000000074ee00000, 0x000000074ef00000|  0%| F|  |TAMS 0x000000074ee00000, 0x000000074ee00000| Untracked 
| 239|0x000000074ef00000, 0x000000074ef00000, 0x000000074f000000|  0%| F|  |TAMS 0x000000074ef00000, 0x000000074ef00000| Untracked 
| 240|0x000000074f000000, 0x000000074f0d3550, 0x000000074f100000| 82%| S|CS|TAMS 0x000000074f000000, 0x000000074f000000| Complete 
| 241|0x000000074f100000, 0x000000074f100000, 0x000000074f200000|  0%| F|  |TAMS 0x000000074f100000, 0x000000074f100000| Untracked 
| 242|0x000000074f200000, 0x000000074f200000, 0x000000074f300000|  0%| F|  |TAMS 0x000000074f200000, 0x000000074f200000| Untracked 
| 243|0x000000074f300000, 0x000000074f300000, 0x000000074f400000|  0%| F|  |TAMS 0x000000074f300000, 0x000000074f300000| Untracked 
| 244|0x000000074f400000, 0x000000074f400000, 0x000000074f500000|  0%| F|  |TAMS 0x000000074f400000, 0x000000074f400000| Untracked 
| 245|0x000000074f500000, 0x000000074f500000, 0x000000074f600000|  0%| F|  |TAMS 0x000000074f500000, 0x000000074f500000| Untracked 
| 246|0x000000074f600000, 0x000000074f600000, 0x000000074f700000|  0%| F|  |TAMS 0x000000074f600000, 0x000000074f600000| Untracked 
| 247|0x000000074f700000, 0x000000074f700000, 0x000000074f800000|  0%| F|  |TAMS 0x000000074f700000, 0x000000074f700000| Untracked 
| 248|0x000000074f800000, 0x000000074f800000, 0x000000074f900000|  0%| F|  |TAMS 0x000000074f800000, 0x000000074f800000| Untracked 
| 249|0x000000074f900000, 0x000000074f900000, 0x000000074fa00000|  0%| F|  |TAMS 0x000000074f900000, 0x000000074f900000| Untracked 
| 250|0x000000074fa00000, 0x000000074fa00000, 0x000000074fb00000|  0%| F|  |TAMS 0x000000074fa00000, 0x000000074fa00000| Untracked 
| 251|0x000000074fb00000, 0x000000074fb00000, 0x000000074fc00000|  0%| F|  |TAMS 0x000000074fb00000, 0x000000074fb00000| Untracked 
| 252|0x000000074fc00000, 0x000000074fc00000, 0x000000074fd00000|  0%| F|  |TAMS 0x000000074fc00000, 0x000000074fc00000| Untracked 
| 253|0x000000074fd00000, 0x000000074fd00000, 0x000000074fe00000|  0%| F|  |TAMS 0x000000074fd00000, 0x000000074fd00000| Untracked 
| 254|0x000000074fe00000, 0x000000074fe00000, 0x000000074ff00000|  0%| F|  |TAMS 0x000000074fe00000, 0x000000074fe00000| Untracked 
| 255|0x000000074ff00000, 0x000000074ff00000, 0x0000000750000000|  0%| F|  |TAMS 0x000000074ff00000, 0x000000074ff00000| Untracked 
| 256|0x0000000750000000, 0x0000000750000000, 0x0000000750100000|  0%| F|  |TAMS 0x0000000750000000, 0x0000000750000000| Untracked 
| 257|0x0000000750100000, 0x0000000750100000, 0x0000000750200000|  0%| F|  |TAMS 0x0000000750100000, 0x0000000750100000| Untracked 
| 258|0x0000000750200000, 0x0000000750200000, 0x0000000750300000|  0%| F|  |TAMS 0x0000000750200000, 0x0000000750200000| Untracked 
| 259|0x0000000750300000, 0x00000007503057c8, 0x0000000750400000|  2%| E|  |TAMS 0x0000000750300000, 0x0000000750300000| Complete 
| 260|0x0000000750400000, 0x0000000750500000, 0x0000000750500000|100%| E|CS|TAMS 0x0000000750400000, 0x0000000750400000| Complete 
| 261|0x0000000750500000, 0x0000000750600000, 0x0000000750600000|100%| E|CS|TAMS 0x0000000750500000, 0x0000000750500000| Complete 
| 262|0x0000000750600000, 0x0000000750700000, 0x0000000750700000|100%| E|CS|TAMS 0x0000000750600000, 0x0000000750600000| Complete 
| 263|0x0000000750700000, 0x0000000750800000, 0x0000000750800000|100%| E|CS|TAMS 0x0000000750700000, 0x0000000750700000| Complete 
| 264|0x0000000750800000, 0x0000000750900000, 0x0000000750900000|100%| E|CS|TAMS 0x0000000750800000, 0x0000000750800000| Complete 
| 265|0x0000000750900000, 0x0000000750a00000, 0x0000000750a00000|100%| E|CS|TAMS 0x0000000750900000, 0x0000000750900000| Complete 
| 266|0x0000000750a00000, 0x0000000750b00000, 0x0000000750b00000|100%| E|CS|TAMS 0x0000000750a00000, 0x0000000750a00000| Complete 
| 267|0x0000000750b00000, 0x0000000750c00000, 0x0000000750c00000|100%| E|CS|TAMS 0x0000000750b00000, 0x0000000750b00000| Complete 
| 268|0x0000000750c00000, 0x0000000750d00000, 0x0000000750d00000|100%| E|CS|TAMS 0x0000000750c00000, 0x0000000750c00000| Complete 
| 269|0x0000000750d00000, 0x0000000750e00000, 0x0000000750e00000|100%| E|CS|TAMS 0x0000000750d00000, 0x0000000750d00000| Complete 
| 270|0x0000000750e00000, 0x0000000750f00000, 0x0000000750f00000|100%| E|CS|TAMS 0x0000000750e00000, 0x0000000750e00000| Complete 
| 271|0x0000000750f00000, 0x0000000751000000, 0x0000000751000000|100%| E|CS|TAMS 0x0000000750f00000, 0x0000000750f00000| Complete 
| 272|0x0000000751000000, 0x0000000751100000, 0x0000000751100000|100%| E|CS|TAMS 0x0000000751000000, 0x0000000751000000| Complete 
| 273|0x0000000751100000, 0x0000000751200000, 0x0000000751200000|100%| E|CS|TAMS 0x0000000751100000, 0x0000000751100000| Complete 
| 274|0x0000000751200000, 0x0000000751300000, 0x0000000751300000|100%| E|CS|TAMS 0x0000000751200000, 0x0000000751200000| Complete 
| 275|0x0000000751300000, 0x0000000751400000, 0x0000000751400000|100%| E|CS|TAMS 0x0000000751300000, 0x0000000751300000| Complete 
| 276|0x0000000751400000, 0x0000000751500000, 0x0000000751500000|100%| E|CS|TAMS 0x0000000751400000, 0x0000000751400000| Complete 
| 277|0x0000000751500000, 0x0000000751600000, 0x0000000751600000|100%| E|CS|TAMS 0x0000000751500000, 0x0000000751500000| Complete 
| 278|0x0000000751600000, 0x0000000751700000, 0x0000000751700000|100%| E|CS|TAMS 0x0000000751600000, 0x0000000751600000| Complete 
| 279|0x0000000751700000, 0x0000000751800000, 0x0000000751800000|100%| E|CS|TAMS 0x0000000751700000, 0x0000000751700000| Complete 
| 280|0x0000000751800000, 0x0000000751900000, 0x0000000751900000|100%| E|CS|TAMS 0x0000000751800000, 0x0000000751800000| Complete 
| 281|0x0000000751900000, 0x0000000751a00000, 0x0000000751a00000|100%| E|CS|TAMS 0x0000000751900000, 0x0000000751900000| Complete 
| 282|0x0000000751a00000, 0x0000000751b00000, 0x0000000751b00000|100%| E|CS|TAMS 0x0000000751a00000, 0x0000000751a00000| Complete 
| 283|0x0000000751b00000, 0x0000000751c00000, 0x0000000751c00000|100%| E|CS|TAMS 0x0000000751b00000, 0x0000000751b00000| Complete 
| 284|0x0000000751c00000, 0x0000000751d00000, 0x0000000751d00000|100%| E|CS|TAMS 0x0000000751c00000, 0x0000000751c00000| Complete 
| 285|0x0000000751d00000, 0x0000000751e00000, 0x0000000751e00000|100%| E|CS|TAMS 0x0000000751d00000, 0x0000000751d00000| Complete 
| 286|0x0000000751e00000, 0x0000000751f00000, 0x0000000751f00000|100%| E|CS|TAMS 0x0000000751e00000, 0x0000000751e00000| Complete 
| 287|0x0000000751f00000, 0x0000000752000000, 0x0000000752000000|100%| E|CS|TAMS 0x0000000751f00000, 0x0000000751f00000| Complete 
| 288|0x0000000752000000, 0x0000000752100000, 0x0000000752100000|100%| E|CS|TAMS 0x0000000752000000, 0x0000000752000000| Complete 
| 289|0x0000000752100000, 0x0000000752200000, 0x0000000752200000|100%| E|CS|TAMS 0x0000000752100000, 0x0000000752100000| Complete 
| 290|0x0000000752200000, 0x0000000752300000, 0x0000000752300000|100%| E|CS|TAMS 0x0000000752200000, 0x0000000752200000| Complete 
| 291|0x0000000752300000, 0x0000000752400000, 0x0000000752400000|100%| E|CS|TAMS 0x0000000752300000, 0x0000000752300000| Complete 
| 292|0x0000000752400000, 0x0000000752500000, 0x0000000752500000|100%| E|CS|TAMS 0x0000000752400000, 0x0000000752400000| Complete 
| 293|0x0000000752500000, 0x0000000752600000, 0x0000000752600000|100%| E|CS|TAMS 0x0000000752500000, 0x0000000752500000| Complete 
| 294|0x0000000752600000, 0x0000000752700000, 0x0000000752700000|100%| E|CS|TAMS 0x0000000752600000, 0x0000000752600000| Complete 
| 295|0x0000000752700000, 0x0000000752800000, 0x0000000752800000|100%| E|CS|TAMS 0x0000000752700000, 0x0000000752700000| Complete 
| 296|0x0000000752800000, 0x0000000752900000, 0x0000000752900000|100%| E|CS|TAMS 0x0000000752800000, 0x0000000752800000| Complete 
| 297|0x0000000752900000, 0x0000000752a00000, 0x0000000752a00000|100%| E|CS|TAMS 0x0000000752900000, 0x0000000752900000| Complete 
| 298|0x0000000752a00000, 0x0000000752b00000, 0x0000000752b00000|100%| E|CS|TAMS 0x0000000752a00000, 0x0000000752a00000| Complete 
| 299|0x0000000752b00000, 0x0000000752c00000, 0x0000000752c00000|100%| E|CS|TAMS 0x0000000752b00000, 0x0000000752b00000| Complete 

Card table byte_map: [0x0000011d03610000,0x0000011d03c10000] _byte_map_base: 0x0000011cffc10000

Marking Bits (Prev, Next): (CMBitMap*) 0x0000011d387239c8, (CMBitMap*) 0x0000011d38723a00
 Prev Bits: [0x0000011d0eab0000, 0x0000011d11ab0000)
 Next Bits: [0x0000011d11ab0000, 0x0000011d14ab0000)

Polling page: 0x0000011d02360000

Metaspace:

Usage:
  Non-class:     82.50 MB capacity,    81.87 MB (>99%) used,   481.69 KB ( <1%) free+waste,   164.63 KB ( <1%) overhead. 
      Class:     12.74 MB capacity,    12.34 MB ( 97%) used,   336.97 KB (  3%) free+waste,    69.69 KB ( <1%) overhead. 
       Both:     95.24 MB capacity,    94.21 MB ( 99%) used,   818.66 KB ( <1%) free+waste,   234.31 KB ( <1%) overhead. 

Virtual space:
  Non-class space:       86.00 MB reserved,      85.08 MB ( 99%) committed 
      Class space:        1.00 GB reserved,      14.13 MB (  1%) committed 
             Both:        1.08 GB reserved,      99.20 MB (  9%) committed 

Chunk freelists:
   Non-Class:  313.75 KB
       Class:  169.63 KB
        Both:  483.38 KB

CodeHeap 'non-profiled nmethods': size=120000Kb used=28242Kb max_used=28322Kb free=91757Kb
 bounds [0x0000011d26b10000, 0x0000011d286d0000, 0x0000011d2e040000]
CodeHeap 'profiled nmethods': size=120000Kb used=43739Kb max_used=46260Kb free=76260Kb
 bounds [0x0000011d1f5e0000, 0x0000011d223a0000, 0x0000011d26b10000]
CodeHeap 'non-nmethods': size=5760Kb used=1654Kb max_used=1710Kb free=4106Kb
 bounds [0x0000011d1f040000, 0x0000011d1f2b0000, 0x0000011d1f5e0000]
 total_blobs=41422 nmethods=19905 adapters=1107
 compilation: enabled
              stopped_count=0, restarted_count=0
 full_count=0

Compilation events (10 events):
Event: 24678.198 Thread 0x0000011d3856a800 27584       4       ui.views.c.o.aH::gww (40 bytes)
Event: 24678.222 Thread 0x0000011d3856a800 nmethod 27584 0x0000011d2829d690 code [0x0000011d2829dda0, 0x0000011d282a00e0]
Event: 24678.222 Thread 0x0000011d3856a800 27587       4       ui.utils.lnf.HSyntheticaJideTabbedPaneUI$HTabSpaceAllocator::a (71 bytes)
Event: 24678.230 Thread 0x0000011d3856a800 nmethod 27587 0x0000011d2829c690 code [0x0000011d2829c860, 0x0000011d2829d0b8]
Event: 24678.230 Thread 0x0000011d3856a800 27588       4       ui.utils.lnf.HSyntheticaJideTabbedPaneUI$HTabSpaceAllocator::a (141 bytes)
Event: 24678.232 Thread 0x0000011d3856a800 nmethod 27588 0x0000011d27ae3990 code [0x0000011d27ae3b40, 0x0000011d27ae3d98]
Event: 24679.920 Thread 0x0000011d3856a800 27589       4       com.jidesoft.editor.TextUtils::getLineBreak (37 bytes)
Event: 24679.921 Thread 0x0000011d3856a800 nmethod 27589 0x0000011d27956990 code [0x0000011d27956b20, 0x0000011d27956b98]
Event: 24682.217 Thread 0x0000011d3856a800 27590  s    4       ui.utils.q::eI (45 bytes)
Event: 24682.221 Thread 0x0000011d3856a800 nmethod 27590 0x0000011d282db090 code [0x0000011d282db2a0, 0x0000011d282dba88]

GC Heap History (10 events):
Event: 24533.067 GC heap before
{Heap before GC invocations=1155 (full 241):
 garbage-first heap   total 307200K, used 152527K [0x0000000740000000, 0x0000000800000000)
  region size 1024K, 60 young (61440K), 1 survivors (1024K)
 Metaspace       used 96445K, capacity 97461K, committed 101584K, reserved 1136640K
  class space    used 12636K, capacity 13043K, committed 14464K, reserved 1048576K
}
Event: 24533.068 GC heap after
{Heap after GC invocations=1156 (full 241):
 garbage-first heap   total 307200K, used 92126K [0x0000000740000000, 0x0000000800000000)
  region size 1024K, 1 young (1024K), 1 survivors (1024K)
 Metaspace       used 96445K, capacity 97461K, committed 101584K, reserved 1136640K
  class space    used 12636K, capacity 13043K, committed 14464K, reserved 1048576K
}
Event: 24613.052 GC heap before
{Heap before GC invocations=1156 (full 241):
 garbage-first heap   total 307200K, used 152542K [0x0000000740000000, 0x0000000800000000)
  region size 1024K, 60 young (61440K), 1 survivors (1024K)
 Metaspace       used 96445K, capacity 97461K, committed 101584K, reserved 1136640K
  class space    used 12636K, capacity 13043K, committed 14464K, reserved 1048576K
}
Event: 24613.054 GC heap after
{Heap after GC invocations=1157 (full 241):
 garbage-first heap   total 307200K, used 92143K [0x0000000740000000, 0x0000000800000000)
  region size 1024K, 1 young (1024K), 1 survivors (1024K)
 Metaspace       used 96445K, capacity 97461K, committed 101584K, reserved 1136640K
  class space    used 12636K, capacity 13043K, committed 14464K, reserved 1048576K
}
Event: 24649.310 GC heap before
{Heap before GC invocations=1157 (full 241):
 garbage-first heap   total 307200K, used 152559K [0x0000000740000000, 0x0000000800000000)
  region size 1024K, 60 young (61440K), 1 survivors (1024K)
 Metaspace       used 96445K, capacity 97461K, committed 101584K, reserved 1136640K
  class space    used 12636K, capacity 13043K, committed 14464K, reserved 1048576K
}
Event: 24649.311 GC heap after
{Heap after GC invocations=1158 (full 241):
 garbage-first heap   total 307200K, used 92209K [0x0000000740000000, 0x0000000800000000)
  region size 1024K, 1 young (1024K), 1 survivors (1024K)
 Metaspace       used 96445K, capacity 97461K, committed 101584K, reserved 1136640K
  class space    used 12636K, capacity 13043K, committed 14464K, reserved 1048576K
}
Event: 24675.832 GC heap before
{Heap before GC invocations=1158 (full 241):
 garbage-first heap   total 307200K, used 152625K [0x0000000740000000, 0x0000000800000000)
  region size 1024K, 60 young (61440K), 1 survivors (1024K)
 Metaspace       used 96466K, capacity 97525K, committed 101584K, reserved 1136640K
  class space    used 12636K, capacity 13043K, committed 14464K, reserved 1048576K
}
Event: 24675.833 GC heap after
{Heap after GC invocations=1159 (full 241):
 garbage-first heap   total 307200K, used 92744K [0x0000000740000000, 0x0000000800000000)
  region size 1024K, 1 young (1024K), 1 survivors (1024K)
 Metaspace       used 96466K, capacity 97525K, committed 101584K, reserved 1136640K
  class space    used 12636K, capacity 13043K, committed 14464K, reserved 1048576K
}
Event: 24678.210 GC heap before
{Heap before GC invocations=1159 (full 241):
 garbage-first heap   total 307200K, used 153160K [0x0000000740000000, 0x0000000800000000)
  region size 1024K, 60 young (61440K), 1 survivors (1024K)
 Metaspace       used 96472K, capacity 97525K, committed 101584K, reserved 1136640K
  class space    used 12636K, capacity 13043K, committed 14464K, reserved 1048576K
}
Event: 24678.212 GC heap after
{Heap after GC invocations=1160 (full 241):
 garbage-first heap   total 307200K, used 92646K [0x0000000740000000, 0x0000000800000000)
  region size 1024K, 1 young (1024K), 1 survivors (1024K)
 Metaspace       used 96472K, capacity 97525K, committed 101584K, reserved 1136640K
  class space    used 12636K, capacity 13043K, committed 14464K, reserved 1048576K
}

Deoptimization events (10 events):
Event: 22539.984 Thread 0x0000011d1cd61800 Uncommon trap: reason=unstable_if action=reinterpret pc=0x0000011d27894a98 method=javax.swing.PopupFactory.invokerInHeavyWeightPopup(Ljava/awt/Component;)Z @ 17 c2
Event: 22541.829 Thread 0x0000011d1cd61800 Uncommon trap: reason=unstable_if action=reinterpret pc=0x0000011d27e4e82c method=java.awt.Component.dispatchEventImpl(Ljava/awt/AWTEvent;)V @ 583 c2
Event: 22553.051 Thread 0x0000011d1cd61800 Uncommon trap: reason=unstable_if action=reinterpret pc=0x0000011d2783bed0 method=ui.utils.swing.h.b.j(Ljava/awt/Rectangle;Ljava/awt/Rectangle;)Z @ 39 c2
Event: 23138.019 Thread 0x0000011d1cd61800 Uncommon trap: reason=unstable_if action=reinterpret pc=0x0000011d283ea5f8 method=sun.java2d.pipe.PixelToParallelogramConverter.drawRectangle(Lsun/java2d/SunGraphics2D;DDDDD)V @ 263 c2
Event: 23138.019 Thread 0x0000011d1cd61800 Uncommon trap: reason=unstable_if action=reinterpret pc=0x0000011d282a0b54 method=sun.java2d.pipe.PixelToParallelogramConverter.fill(Lsun/java2d/SunGraphics2D;Ljava/awt/Shape;)V @ 28 c2
Event: 23189.890 Thread 0x0000011d1cd61800 Uncommon trap: reason=unstable_if action=reinterpret pc=0x0000011d282da100 method=com.jidesoft.editor.margin.CodeFoldingMargin.paintFolding(Ljava/awt/Graphics;Lcom/jidesoft/editor/folding/FoldingSpan;I)V @ 156 c2
Event: 23239.965 Thread 0x0000011d1cd61800 Uncommon trap: reason=unstable_if action=reinterpret pc=0x0000011d27ae71a4 method=com.jidesoft.editor.CodeEditor.scrollToViewPosition(Lcom/jidesoft/editor/caret/CaretPosition;Lcom/jidesoft/editor/caret/CaretPosition;)Z @ 631 c2
Event: 23368.179 Thread 0x0000011d1cd63000 Uncommon trap: reason=unstable_if action=reinterpret pc=0x0000011d2795787c method=java.util.concurrent.locks.AbstractQueuedSynchronizer.acquireInterruptibly(I)V @ 19 c2
Event: 23444.610 Thread 0x0000011d1cd61800 Uncommon trap: reason=unstable_if action=reinterpret pc=0x0000011d2865ca54 method=com.jidesoft.editor.CodeEditor.b(III)V @ 20 c2
Event: 23511.851 Thread 0x0000011d1cd61800 Uncommon trap: reason=unstable_if action=reinterpret pc=0x0000011d2834a264 method=ui.utils.swing.h.b.j(Ljava/awt/Rectangle;Ljava/awt/Rectangle;)Z @ 39 c2

Classes redefined (0 events):
No events

Internal exceptions (10 events):
Event: 24658.104 Thread 0x0000011d1cd61800 Exception <a 'java/io/FileNotFoundException'{0x00000007517bb388}> (0x00000007517bb388) thrown at [t:/workspace/open/src/hotspot/share/prims/jni.cpp, line 615]
Event: 24658.104 Thread 0x0000011d1cd61800 Exception <a 'java/io/FileNotFoundException'{0x00000007517bbc48}> (0x00000007517bbc48) thrown at [t:/workspace/open/src/hotspot/share/prims/jni.cpp, line 615]
Event: 24663.105 Thread 0x0000011d1cd61800 Exception <a 'java/io/FileNotFoundException'{0x0000000750e5d4b0}> (0x0000000750e5d4b0) thrown at [t:/workspace/open/src/hotspot/share/prims/jni.cpp, line 615]
Event: 24663.105 Thread 0x0000011d1cd61800 Exception <a 'java/io/FileNotFoundException'{0x0000000750e5dd70}> (0x0000000750e5dd70) thrown at [t:/workspace/open/src/hotspot/share/prims/jni.cpp, line 615]
Event: 24668.105 Thread 0x0000011d1cd61800 Exception <a 'java/io/FileNotFoundException'{0x0000000750ab32d0}> (0x0000000750ab32d0) thrown at [t:/workspace/open/src/hotspot/share/prims/jni.cpp, line 615]
Event: 24668.105 Thread 0x0000011d1cd61800 Exception <a 'java/io/FileNotFoundException'{0x0000000750ab3b90}> (0x0000000750ab3b90) thrown at [t:/workspace/open/src/hotspot/share/prims/jni.cpp, line 615]
Event: 24673.105 Thread 0x0000011d1cd61800 Exception <a 'java/io/FileNotFoundException'{0x00000007504436e8}> (0x00000007504436e8) thrown at [t:/workspace/open/src/hotspot/share/prims/jni.cpp, line 615]
Event: 24673.105 Thread 0x0000011d1cd61800 Exception <a 'java/io/FileNotFoundException'{0x0000000750443fa8}> (0x0000000750443fa8) thrown at [t:/workspace/open/src/hotspot/share/prims/jni.cpp, line 615]
Event: 24678.106 Thread 0x0000011d1cd61800 Exception <a 'java/io/FileNotFoundException'{0x000000074f6fc8a8}> (0x000000074f6fc8a8) thrown at [t:/workspace/open/src/hotspot/share/prims/jni.cpp, line 615]
Event: 24678.106 Thread 0x0000011d1cd61800 Exception <a 'java/io/FileNotFoundException'{0x000000074f6fd6b8}> (0x000000074f6fd6b8) thrown at [t:/workspace/open/src/hotspot/share/prims/jni.cpp, line 615]

Events (10 events):
Event: 24678.210 Executing VM operation: G1CollectForAllocation
Event: 24678.212 Executing VM operation: G1CollectForAllocation done
Event: 24679.081 Thread 0x0000011d18412800 Thread added: 0x0000011d18412800
Event: 24679.086 Thread 0x0000011d18412800 Thread exited: 0x0000011d18412800
Event: 24680.082 Thread 0x0000011d18418000 Thread added: 0x0000011d18418000
Event: 24680.087 Thread 0x0000011d18418000 Thread exited: 0x0000011d18418000
Event: 24681.083 Thread 0x0000011d18418000 Thread added: 0x0000011d18418000
Event: 24681.088 Thread 0x0000011d18418000 Thread exited: 0x0000011d18418000
Event: 24682.083 Thread 0x0000011d18418000 Thread added: 0x0000011d18418000
Event: 24682.089 Thread 0x0000011d18418000 Thread exited: 0x0000011d18418000


Dynamic libraries:
0x00007ff7cef90000 - 0x00007ff7cefbf000 	C:\Xilinx\Vivado\2020.2\bin\unwrapped\win64.o\vivado.exe
0x00007ff85c650000 - 0x00007ff85c845000 	C:\Windows\SYSTEM32\ntdll.dll
0x00007ff85a7b0000 - 0x00007ff85a86d000 	C:\Windows\System32\KERNEL32.DLL
0x00007ff859f40000 - 0x00007ff85a208000 	C:\Windows\System32\KERNELBASE.dll
0x00007ff85a210000 - 0x00007ff85a310000 	C:\Windows\System32\ucrtbase.dll
0x00007ff8474d0000 - 0x00007ff847561000 	C:\Windows\SYSTEM32\MSVCP140.dll
0x00007ff847590000 - 0x00007ff8475a9000 	C:\Windows\SYSTEM32\VCRUNTIME140.dll
0x00007ff847570000 - 0x00007ff84757c000 	C:\Windows\SYSTEM32\VCRUNTIME140_1.dll
0x00007ff855330000 - 0x00007ff855348000 	C:\Xilinx\Vivado\2020.2\lib\win64.o\librdi_commonmain.dll
0x00007ff855090000 - 0x00007ff8550b2000 	C:\Xilinx\Vivado\2020.2\lib\win64.o\libboost_filesystem.dll
0x00007ff85c4d0000 - 0x00007ff85c57c000 	C:\Windows\System32\ADVAPI32.dll
0x00007ff85b8f0000 - 0x00007ff85b98e000 	C:\Windows\System32\msvcrt.dll
0x00007ffff5890000 - 0x00007ffff6a07000 	C:\Xilinx\Vivado\2020.2\lib\win64.o\librdi_common.dll
0x00007ff85a8e0000 - 0x00007ff85a97b000 	C:\Windows\System32\sechost.dll
0x00007ff85c200000 - 0x00007ff85c32b000 	C:\Windows\System32\RPCRT4.dll
0x00007ff85c330000 - 0x00007ff85c4d0000 	C:\Windows\System32\USER32.dll
0x00007ff85a550000 - 0x00007ff85a572000 	C:\Windows\System32\win32u.dll
0x00007ff85b990000 - 0x00007ff85b9ba000 	C:\Windows\System32\GDI32.dll
0x00007ff859d90000 - 0x00007ff859e9b000 	C:\Windows\System32\gdi32full.dll
0x00007ff859ea0000 - 0x00007ff859f3d000 	C:\Windows\System32\msvcp_win.dll
0x00007ff85b130000 - 0x00007ff85b872000 	C:\Windows\System32\SHELL32.dll
0x00007ff85b880000 - 0x00007ff85b8eb000 	C:\Windows\System32\WS2_32.dll
0x00007ff855070000 - 0x00007ff855083000 	C:\Xilinx\Vivado\2020.2\lib\win64.o\libboost_signals.dll
0x00007ff85a310000 - 0x00007ff85a337000 	C:\Windows\System32\bcrypt.dll
0x00007ff804c50000 - 0x00007ff804de9000 	C:\Xilinx\Vivado\2020.2\lib\win64.o\librdi_commonxillic.dll
0x00007ff8575d0000 - 0x00007ff8575d9000 	C:\Xilinx\Vivado\2020.2\lib\win64.o\librdi_commonversion.dll
0x00007ff857590000 - 0x00007ff857599000 	C:\Xilinx\Vivado\2020.2\lib\win64.o\libboost_system.dll
0x00007ff8559e0000 - 0x00007ff8559f0000 	C:\Xilinx\Vivado\2020.2\lib\win64.o\libboost_date_time.dll
0x00007ff827b20000 - 0x00007ff827c31000 	C:\Xilinx\Vivado\2020.2\lib\win64.o\libboost_regex.dll
0x0000000072a30000 - 0x0000000072b5b000 	C:\Xilinx\Vivado\2020.2\lib\win64.o\tcl85t.dll
0x00007ff854660000 - 0x00007ff8546d3000 	C:\Xilinx\Vivado\2020.2\lib\win64.o\libboost_program_options.dll
0x00007ff8048e0000 - 0x00007ff804c4e000 	C:\Xilinx\Vivado\2020.2\lib\win64.o\libCOIN-all.dll
0x00007ff854de0000 - 0x00007ff854dfe000 	C:\Xilinx\Vivado\2020.2\lib\win64.o\libboost_thread.dll
0x00007ff8554a0000 - 0x00007ff8554ac000 	C:\Xilinx\Vivado\2020.2\lib\win64.o\libboost_xilinx.dll
0x00007ff853810000 - 0x00007ff853892000 	C:\Xilinx\Vivado\2020.2\lib\win64.o\libhdlpsolve.dll
0x00007ff853930000 - 0x00007ff853958000 	C:\Xilinx\Vivado\2020.2\lib\win64.o\libisl_sysinfo.dll
0x00007ff846a20000 - 0x00007ff846a85000 	C:\Xilinx\Vivado\2020.2\lib\win64.o\liblmx6.0.dll
0x00007ff839220000 - 0x00007ff8392c5000 	C:\Xilinx\Vivado\2020.2\lib\win64.o\libhdxml.dll
0x00007ffff3a90000 - 0x00007ffff4882600 	C:\Xilinx\Vivado\2020.2\lib\win64.o\libisl_iostreams.dll
0x00007ff854dc0000 - 0x00007ff854dda000 	C:\Xilinx\Vivado\2020.2\lib\win64.o\pthreadVC2.dll
0x00007ff8547a0000 - 0x00007ff8547bc000 	C:\Xilinx\Vivado\2020.2\lib\win64.o\librdiconfig.dll
0x00007ff85c580000 - 0x00007ff85c5d5000 	C:\Windows\System32\SHLWAPI.dll
0x00007ff8481b0000 - 0x00007ff8481c8000 	C:\Windows\SYSTEM32\NETAPI32.dll
0x00007ff853900000 - 0x00007ff853921000 	C:\Xilinx\Vivado\2020.2\lib\win64.o\librdizlib.dll
0x00007ff839a80000 - 0x00007ff839f5d000 	C:\Windows\SYSTEM32\WININET.dll
0x00007ff846c90000 - 0x00007ff846e7e000 	C:\Windows\SYSTEM32\urlmon.dll
0x00007ff84f4b0000 - 0x00007ff84f5bb000 	C:\Windows\SYSTEM32\WINHTTP.dll
0x00007ff8550f0000 - 0x00007ff8550f9000 	C:\Windows\SYSTEM32\WSOCK32.dll
0x00007ff853510000 - 0x00007ff853538000 	C:\Windows\SYSTEM32\VCOMP140.DLL
0x0000000012000000 - 0x0000000012270000 	C:\Xilinx\Vivado\2020.2\lib\win64.o\xerces-c_3_1.dll
0x00007ff801f90000 - 0x00007ff80226b000 	C:\Xilinx\Vivado\2020.2\lib\win64.o\libXil_lmgr11.dll
0x00007ff85a6b0000 - 0x00007ff85a78a000 	C:\Windows\System32\COMDLG32.dll
0x00007ff85ab30000 - 0x00007ff85ae85000 	C:\Windows\System32\combase.dll
0x00007ff85af20000 - 0x00007ff85afce000 	C:\Windows\System32\shcore.dll
0x00007ff85c130000 - 0x00007ff85c1fd000 	C:\Windows\System32\OLEAUT32.dll
0x00007ff85b9c0000 - 0x00007ff85baea000 	C:\Windows\System32\ole32.dll
0x00007ff85a390000 - 0x00007ff85a3f0000 	C:\Windows\System32\WINTRUST.dll
0x00007ff85a3f0000 - 0x00007ff85a54f000 	C:\Windows\System32\CRYPT32.dll
0x00007ff855040000 - 0x00007ff85504c000 	C:\Xilinx\Vivado\2020.2\lib\win64.o\libboost_chrono.dll
0x00007ff854640000 - 0x00007ff854656000 	C:\Xilinx\Vivado\2020.2\lib\win64.o\libboost_iostreams.dll
0x00007ff8463a0000 - 0x00007ff846650000 	C:\Windows\SYSTEM32\iertutil.dll
0x00007ff854e00000 - 0x00007ff854eb0000 	C:\Windows\WinSxS\amd64_microsoft.windows.common-controls_6595b64144ccf1df_5.82.19041.844_none_423537bff6b9828c\COMCTL32.dll
0x00007ff853c70000 - 0x00007ff853c8d000 	C:\Windows\SYSTEM32\dhcpcsvc.DLL
0x00007ff84f2f0000 - 0x00007ff84f313000 	C:\Xilinx\Vivado\2020.2\lib\win64.o\libisl_iosutils.dll
0x00007ffff1b70000 - 0x00007ffff3a87000 	C:\Xilinx\Vivado\2020.2\lib\win64.o\gurobi90.dll
0x00007ff85afd0000 - 0x00007ff85b026000 	C:\Windows\System32\WLDAP32.dll
0x00007ff85af10000 - 0x00007ff85af18000 	C:\Windows\System32\Normaliz.dll
0x00007ff859250000 - 0x00007ff85925c000 	C:\Windows\SYSTEM32\NETUTILS.DLL
0x00007ff859570000 - 0x00007ff8595da000 	C:\Windows\SYSTEM32\MSWSOCK.DLL
0x00007ff85c5e0000 - 0x00007ff85c610000 	C:\Windows\System32\IMM32.DLL
0x00007ff859980000 - 0x00007ff859992000 	C:\Windows\SYSTEM32\MSASN1.dll
0x00007ff857d00000 - 0x00007ff857d12000 	C:\Windows\SYSTEM32\kernel.appcore.dll
0x00007ff801a60000 - 0x00007ff801f82000 	C:\Xilinx\Vivado\2020.2\lib\win64.o\librdi_commontasks.dll
0x00007ff852f00000 - 0x00007ff852f0a000 	C:\Windows\SYSTEM32\VERSION.dll
0x00007ff801220000 - 0x00007ff8014f5000 	C:\Xilinx\Vivado\2020.2\lib\win64.o\librdi_sio.dll
0x00007ff859210000 - 0x00007ff85924b000 	C:\Windows\SYSTEM32\IPHLPAPI.DLL
0x00007fffee9d0000 - 0x00007fffef4f3000 	C:\Xilinx\Vivado\2020.2\tps\win64\jre11.0.2\bin\server\jvm.dll
0x00007ff85b090000 - 0x00007ff85b098000 	C:\Windows\System32\PSAPI.DLL
0x00007ff84aaa0000 - 0x00007ff84aac7000 	C:\Windows\SYSTEM32\WINMM.dll
0x00007ff857f00000 - 0x00007ff858690000 	C:\Windows\SYSTEM32\windows.storage.dll
0x00007ff859800000 - 0x00007ff85982c000 	C:\Windows\SYSTEM32\Wldp.dll
0x00007fffdda80000 - 0x00007fffe053e000 	C:\Xilinx\Vivado\2020.2\lib\win64.o\librdi_tcltasks.dll
0x00007ff83db50000 - 0x00007ff83dbce000 	C:\Xilinx\Vivado\2020.2\lib\win64.o\librdi_boarddep.dll
0x00007ff800d70000 - 0x00007ff801216000 	C:\Xilinx\Vivado\2020.2\lib\win64.o\librdi_bitstream.dll
0x00007ff80dfb0000 - 0x00007ff80e0a6000 	C:\Xilinx\Vivado\2020.2\lib\win64.o\librdi_chipscope.dll
0x00007ff800bb0000 - 0x00007ff800d63000 	C:\Xilinx\Vivado\2020.2\lib\win64.o\librdi_board.dll
0x00007ffff5400000 - 0x00007ffff55ea000 	C:\Xilinx\Vivado\2020.2\lib\win64.o\librdi_chipscopeimpl.dll
0x00007ff80c040000 - 0x00007ff80c1a1000 	C:\Xilinx\Vivado\2020.2\lib\win64.o\librdi_containers.dll
0x00007fffdbc50000 - 0x00007fffdda7c000 	C:\Xilinx\Vivado\2020.2\lib\win64.o\librdi_constraints.dll
0x00007fffee2b0000 - 0x00007fffee9c8000 	C:\Xilinx\Vivado\2020.2\lib\win64.o\librdi_coregenipxact.dll
0x00007fffd9890000 - 0x00007fffdbc4d000 	C:\Xilinx\Vivado\2020.2\lib\win64.o\librdi_coregen.dll
0x00007fffce360000 - 0x00007fffd00c1000 	C:\Xilinx\Vivado\2020.2\lib\win64.o\librdi_designutils.dll
0x00007ffff1800000 - 0x00007ffff1b68000 	C:\Xilinx\Vivado\2020.2\lib\win64.o\librdi_dlyest.dll
0x00007fffedc50000 - 0x00007fffee2ad000 	C:\Xilinx\Vivado\2020.2\lib\win64.o\librdi_drc.dll
0x00007ff8390c0000 - 0x00007ff839173000 	C:\Xilinx\Vivado\2020.2\lib\win64.o\librdi_dsp.dll
0x00007ffff5210000 - 0x00007ffff53fb000 	C:\Xilinx\Vivado\2020.2\lib\win64.o\librdi_advchipscopeimpl.dll
0x00007fffb5d80000 - 0x00007fffce35f000 	C:\Xilinx\Vivado\2020.2\lib\win64.o\librdi_device.dll
0x00007ffff0c40000 - 0x00007ffff0f5d000 	C:\Xilinx\Vivado\2020.2\lib\win64.o\librdi_guitools.dll
0x00007fffed520000 - 0x00007fffedc4c000 	C:\Xilinx\Vivado\2020.2\lib\win64.o\librdi_netlist.dll
0x00007ff83da30000 - 0x00007ff83da9b000 	C:\Xilinx\Vivado\2020.2\lib\win64.o\librdi_hdf.dll
0x00007fffd73d0000 - 0x00007fffd7a92000 	C:\Xilinx\Vivado\2020.2\lib\win64.o\librdi_filemgmt.dll
0x00007ff804620000 - 0x00007ff804767000 	C:\Xilinx\Vivado\2020.2\lib\win64.o\librdi_hip_perf_analysis.dll
0x00007ffff09c0000 - 0x00007ffff0c37000 	C:\Xilinx\Vivado\2020.2\lib\win64.o\librdi_hip_devdesign.dll
0x00007ff838c30000 - 0x00007ff838ca2000 	C:\Xilinx\Vivado\2020.2\lib\win64.o\librdi_memoryarray.dll
0x00007ff83d740000 - 0x00007ff83d794000 	C:\Xilinx\Vivado\2020.2\lib\win64.o\librdi_pfi.dll
0x00007fffd6d80000 - 0x00007fffd73cc000 	C:\Xilinx\Vivado\2020.2\lib\win64.o\librdi_memdata.dll
0x00007fffb3930000 - 0x00007fffb5d74000 	C:\Xilinx\Vivado\2020.2\lib\win64.o\librdi_mig.dll
0x00007fffb1d50000 - 0x00007fffb3924000 	C:\Xilinx\Vivado\2020.2\lib\win64.o\librdi_implflow.dll
0x00007ff83edd0000 - 0x00007ff83ee17000 	C:\Xilinx\Vivado\2020.2\lib\win64.o\libboost_serialization.dll
0x00007fffd69e0000 - 0x00007fffd6d7e000 	C:\Xilinx\Vivado\2020.2\lib\win64.o\librdi_platform.dll
0x00007ff814aa0000 - 0x00007ff814b8b000 	C:\Xilinx\Vivado\2020.2\lib\win64.o\librdi_ipconfig_readwrite.dll
0x00007fffb1530000 - 0x00007fffb1d47000 	C:\Xilinx\Vivado\2020.2\lib\win64.o\librdi_power.dll
0x00007fffae320000 - 0x00007fffb1527000 	C:\Xilinx\Vivado\2020.2\lib\win64.o\librdi_place.dll
0x00007ff837d40000 - 0x00007ff837daa000 	C:\Xilinx\Vivado\2020.2\lib\win64.o\librdi_noc_frameworks.dll
0x00007fffd62b0000 - 0x00007fffd69d2000 	C:\Xilinx\Vivado\2020.2\lib\win64.o\librdi_psta.dll
0x00007ff8035a0000 - 0x00007ff8036a9000 	C:\Xilinx\Vivado\2020.2\lib\win64.o\librdi_runsbase.dll
0x00007fffadca0000 - 0x00007fffae314000 	C:\Xilinx\Vivado\2020.2\lib\win64.o\librdi_project.dll
0x00007fffad490000 - 0x00007fffadc9c000 	C:\Xilinx\Vivado\2020.2\lib\win64.o\librdi_rsb.dll
0x00007fffd27f0000 - 0x00007fffd2a64000 	C:\Xilinx\Vivado\2020.2\lib\win64.o\librdi_simdata.dll
0x00007fffacf60000 - 0x00007fffad48b000 	C:\Xilinx\Vivado\2020.2\lib\win64.o\librdi_runs.dll
0x00007ffff16e0000 - 0x00007ffff17f6000 	C:\Xilinx\Vivado\2020.2\lib\win64.o\librdi_xhub.dll
0x00007fffabfd0000 - 0x00007fffacf51000 	C:\Xilinx\Vivado\2020.2\lib\win64.o\librdi_timing.dll
0x00007ff82be90000 - 0x00007ff82bf37000 	C:\Xilinx\Vivado\2020.2\lib\win64.o\librdi_xhubtasks.dll
0x00007ff83a3c0000 - 0x00007ff83a406000 	C:\Xilinx\Vivado\2020.2\lib\win64.o\libboost_graph.dll
0x00007ff805190000 - 0x00007ff805256000 	C:\Xilinx\Vivado\2020.2\lib\win64.o\librdi_bda.dll
0x00007fffab860000 - 0x00007fffabfc7000 	C:\Xilinx\Vivado\2020.2\lib\win64.o\librdi_ippcw.dll
0x00007fffab310000 - 0x00007fffab85e000 	C:\Xilinx\Vivado\2020.2\lib\win64.o\librdi_xdm.dll
0x00007fffab010000 - 0x00007fffab30b000 	C:\Xilinx\Vivado\2020.2\lib\win64.o\librdi_hip_config.dll

dbghelp: loaded successfully - version: 4.0.5 - missing functions: none
symbol engine: initialized successfully - sym options: 0x614 - pdb path: .;C:\Xilinx\Vivado\2020.2\bin\unwrapped\win64.o;C:\Windows\SYSTEM32;C:\Xilinx\Vivado\2020.2\lib\win64.o;C:\Windows\WinSxS\amd64_microsoft.windows.common-controls_6595b64144ccf1df_5.82.19041.844_none_423537bff6b9828c;C:\Xilinx\Vivado\2020.2\tps\win64\jre11.0.2\bin\server;C:\Xilinx\Vivado\2020.2\tps\win64\python-3.8.3;C:\Xilinx\Vivado\2020.2\tps\win64\jre11.0.2\bin;C:\ProgramData\A-Volute\A-Volute.Nahimic\Modules\Scheduled\x64;C:\Windows\WinSxS\amd64_microsoft.windows.common-controls_6595b64144ccf1df_6.0.19041.844_none_ca00b6081b84eb1d;C:\Program Files\Bonjour;C:\Windows\WinSxS\amd64_microsoft.windows.gdiplus_6595b64144ccf1df_1.1.19041.928_none_faefac437613c6cc

VM Arguments:
jvm_args: -Dsun.java2d.pmoffscreen=false -Dhttps.protocols=TLSv1,TLSv1.1,TLSv1.2 -Dsun.java2d.xrender=false -Dsun.java2d.d3d=false -Dsun.awt.nopixfmt=true -Dsun.java2d.dpiaware=true -Dsun.java2d.uiScale.enabled=false -Xverify:none -Dswing.aatext=true -XX:-UsePerfData -Djdk.map.althashing.threshold=512 -XX:StringTableSize=4072 --add-opens=java.base/java.nio=ALL-UNNAMED --add-opens=java.desktop/sun.swing=ALL-UNNAMED --add-opens=java.desktop/javax.swing=ALL-UNNAMED --add-opens=java.desktop/javax.swing.tree=ALL-UNNAMED --add-opens=java.desktop/javax.swing.plaf.basic=ALL-UNNAMED --add-opens=java.desktop/javax.swing.plaf.synth=ALL-UNNAMED --add-opens=java.desktop/com.sun.awt=ALL-UNNAMED -XX:NewSize=60m -XX:MaxNewSize=60m -Xms128m -Xmx3072m -Xss5m 
java_command: <unknown>
java_class_path (initial): C:/Xilinx/Vivado/2020.2\lib\classes\alloy.jar;C:/Xilinx/Vivado/2020.2\lib\classes\ArchiveSummary.jar;C:/Xilinx/Vivado/2020.2\lib\classes\autoesl-models.jar;C:/Xilinx/Vivado/2020.2\lib\classes\autopilot.scelaborator.jar;C:/Xilinx/Vivado/2020.2\lib\classes\autopilot.sourceprocessor.jar;C:/Xilinx/Vivado/2020.2\lib\classes\autopilot.tbprocessor.jar;C:/Xilinx/Vivado/2020.2\lib\classes\batik-anim.jar;C:/Xilinx/Vivado/2020.2\lib\classes\batik-awt-util.jar;C:/Xilinx/Vivado/2020.2\lib\classes\batik-bridge.jar;C:/Xilinx/Vivado/2020.2\lib\classes\batik-codec.jar;C:/Xilinx/Vivado/2020.2\lib\classes\batik-css.jar;C:/Xilinx/Vivado/2020.2\lib\classes\batik-dom.jar;C:/Xilinx/Vivado/2020.2\lib\classes\batik-ext.jar;C:/Xilinx/Vivado/2020.2\lib\classes\batik-gui-util.jar;C:/Xilinx/Vivado/2020.2\lib\classes\batik-gvt.jar;C:/Xilinx/Vivado/2020.2\lib\classes\batik-parser.jar;C:/Xilinx/Vivado/2020.2\lib\classes\batik-script.jar;C:/Xilinx/Vivado/2020.2\lib\classes\batik-svg-dom.jar;C:/Xilinx/Vivado/2020.2\lib\classes\batik-swing.jar;C:/Xilinx/Vivado/2020.2\lib\classes\batik-transcoder.jar;C:/Xilinx/Vivado/2020.2\lib\classes\batik-util.jar;C:/Xilinx/Vivado/2020.2\lib\classes\batik-xml.jar;C:/Xilinx/Vivado/2020.2\lib\classes\com.google.gson_2.8.2.v20180104-1110.jar;C:/Xilinx/Vivado/2020.2\lib\classes\com.google.guava_27.1.0.v20190517-1946.jar;C:/Xilinx/Vivado/2020.2\lib\classes\com.ibm.icu_4.4.2.v20110208.jar;C:/Xilinx/Vivado/2020.2\lib\classes\com.sigasi.hdt.connection_4.9.0.202009050929.jar;C:/Xilinx/Vivado/2020.2\lib\classes\com.sigasi.hdt.epl_4.9.0.202009050929.jar;C:/Xilinx/Vivado/2020.2\lib\classes\com.sigasi.hdt.project_4.9.0.202009050929.jar;C:/Xilinx/Vivado/2020.2\lib\classes\com.sigasi.hdt.readonlyfilesystem_4.9.0.202009050929.jar;C:/Xilinx/Vivado/2020.2\lib\classes\com.sigasi.lcm_4.9.0.202009050929.jar;C:/Xilinx/Vivado/2020.2\lib\classes\com.sigasi.sdk.client_4.9.0.202009050929.jar;C:/Xilinx/Vivado/2020.2\lib\classes\com.xilinx.hls.services.jar;C:/Xili
Launcher Type: generic

[Global flags]
     bool BytecodeVerificationLocal                = false                                     {product} {command line}
     bool BytecodeVerificationRemote               = false                                     {product} {command line}
     intx CICompilerCount                          = 4                                         {product} {ergonomic}
     uint ConcGCThreads                            = 3                                         {product} {ergonomic}
     uint G1ConcRefinementThreads                  = 10                                        {product} {ergonomic}
   size_t G1HeapRegionSize                         = 1048576                                   {product} {ergonomic}
    uintx GCDrainStackTargetSize                   = 64                                        {product} {ergonomic}
   size_t InitialHeapSize                          = 134217728                                 {product} {command line}
   size_t MarkStackSize                            = 4194304                                   {product} {ergonomic}
   size_t MaxHeapSize                              = 3221225472                                {product} {command line}
   size_t MaxNewSize                               = 62914560                                  {product} {command line}
   size_t MinHeapDeltaBytes                        = 1048576                                   {product} {ergonomic}
   size_t NewSize                                  = 62914560                                  {product} {command line}
    uintx NonNMethodCodeHeapSize                   = 5835340                                {pd product} {ergonomic}
    uintx NonProfiledCodeHeapSize                  = 122911450                              {pd product} {ergonomic}
    uintx ProfiledCodeHeapSize                     = 122911450                              {pd product} {ergonomic}
    uintx ReservedCodeCacheSize                    = 251658240                              {pd product} {ergonomic}
     bool SegmentedCodeCache                       = true                                      {product} {ergonomic}
    uintx StringTableSize                          = 4072                                      {product} {command line}
     intx ThreadStackSize                          = 5120                                   {pd product} {command line}
     bool UseCompressedClassPointers               = true                                 {lp64_product} {ergonomic}
     bool UseCompressedOops                        = true                                 {lp64_product} {ergonomic}
     bool UseG1GC                                  = true                                      {product} {ergonomic}
     bool UseLargePagesIndividualAllocation        = false                                  {pd product} {ergonomic}
     bool UsePerfData                              = false                                     {product} {command line}

Logging:
Log output configuration:
 #0: stdout all=warning uptime,level,tags
 #1: stderr all=off uptime,level,tags

Environment Variables:
PATH=C:/Xilinx/Vivado/2020.2/bin;C:/Xilinx/Vivado/2020.2/tps/win64/javafx-sdk-11.0.2/lib;C:/Xilinx/Vivado/2020.2/tps/win64/javafx-sdk-11.0.2/bin;C:/Xilinx/Vivado/2020.2/lib/win64.o;C:/Xilinx/Vivado/2020.2/tps/win64/jre11.0.2/bin/server;C:/Xilinx/Vivado/2020.2/tps/win64/jre11.0.2/bin;C:/Xilinx/Vivado/2020.2/ids_lite/ISE/bin/nt64;C:/Xilinx/Vivado/2020.2/ids_lite/ISE/lib/nt64;C:/Xilinx/Vitis_HLS/2020.2/bin;C:\Windows\system32;C:\Windows;C:\Windows\System32\Wbem;C:\Windows\System32\WindowsPowerShell\v1.0\;C:\Windows\System32\OpenSSH\;C:\Program Files\Microsoft SQL Server\120\Tools\Binn\;C:\Program Files\Git\cmd;C:\Program Files\NVIDIA Corporation\NVIDIA NvDLISR;C:\Program Files (x86)\NVIDIA Corporation\PhysX\Common;C:\Program Files\Microsoft SQL Server\130\Tools\Binn\;C:\Program Files\Microsoft SQL Server\Client SDK\ODBC\170\Tools\Binn\;C:\Program Files\dotnet\;C:\Users\DESKTOP-12\AppData\Local\Microsoft\WindowsApps;C:\Users\DESKTOP-12\.dotnet\tools;C:/Xilinx/Vivado/2020.2\tps\mingw\6.2.0\win64.o\nt\bin;C:/Xilinx/Vivado/2020.2\tps\mingw\6.2.0\win64.o\nt\libexec\gcc\x86_64-w64-mingw32\6.2.0;C:/Xilinx/Vivado/2020.2\tps\win64\python-3.8.3;C:/Xilinx/Vivado/2020.2\tps\win64\python-3.8.3\bin;C:/Xilinx/Vivado/2020.2\tps\win64\python-3.8.3\lib;C:/Xilinx/Vivado/2020.2\tps\win64\python-3.8.3\lib\site-packages
USERNAME=DESKTOP-12
OS=Windows_NT
PROCESSOR_IDENTIFIER=AMD64 Family 23 Model 113 Stepping 0, AuthenticAMD



---------------  S Y S T E M  ---------------

OS: Windows 10 , 64 bit Build 19041 (10.0.19041.928)

CPU:total 12 (initial active 12) (12 cores per cpu, 2 threads per core) family 23 model 113 stepping 0, cmov, cx8, fxsr, mmx, sse, sse2, sse3, ssse3, sse4.1, sse4.2, popcnt, avx, avx2, aes, clmul, mmxext, 3dnowpref, lzcnt, sse4a, ht, tsc, tscinvbit, tscinv, bmi1, bmi2, adx, sha, fma

Memory: 4k page, system-wide physical 16334M (8671M free)
TotalPageFile size 19790M (AvailPageFile size 5917M)
current process WorkingSet (physical memory assigned to process): 508M, peak: 1011M
current process commit charge ("private bytes"): 994M, peak: 1434M

vm_info: OpenJDK 64-Bit Server VM (11.0.2+9) for windows-amd64 JRE (11.0.2+9), built on Jan 18 2019 05:23:22 by "mach5one" with MS VC++ 15.5 (VS2017)

END.
